[1] HITTING ... 
	Go to home page
	Reach STEP 1
	Reach STEP 2
	Reach STEP 3
	Recalculated Price
	[66.919697456][$24.26]DONE
[2] HITTING ... 
	Go to home page
	Reach STEP 1
	Reach STEP 2
	Fail to find 'Continue' button on step 3 of quote page
	email[adrian.gilbert@outlook.com] is invalid, use default email
	Reach STEP 3
	Recalculated Price
	[72.680595427][$18.79]DONE
[3] HITTING ... 
	Go to home page
	Reach STEP 1
	Reach STEP 2
	Reach STEP 3
	Recalculated Price
	[45.548234794][$16.05]DONE
[4] HITTING ... 
	Go to home page
	Reach STEP 1
	Reach STEP 2
	Reach STEP 3
	Recalculated Price
	[46.679896022][$18.47]DONE
[5] HITTING ... 
	Go to home page
	Reach STEP 1
	Reach STEP 2
	Reach STEP 3
	Recalculated Price
	[54.995486062][$17.42]DONE
[6] HITTING ... 
	Go to home page
	Reach STEP 1
	Reach STEP 2
	Fail to find 'Continue' button on step 3 of quote page
	email[alexandra.guerrero@aol.com] is invalid, use default email
	Reach STEP 3
	Recalculated Price
	[88.677167044][$24.55]DONE
[7] HITTING ... 
	Go to home page
	Reach STEP 1
	Reach STEP 2
	Reach STEP 3
	Recalculated Price
	[51.112185278][$15.49]DONE
[8] HITTING ... 
	Go to home page
	Reach STEP 1
	Reach STEP 2
	Reach STEP 3
	Recalculated Price
	[44.187086348][$11.38]DONE
[9] HITTING ... 
	Go to home page
	Reach STEP 1
	Reach STEP 2
	Reach STEP 3
	Recalculated Price
	[47.631548473][$10.83]DONE
[10] HITTING ... 
	Go to home page
	Reach STEP 1
	Reach STEP 2
	Fail to find 'Continue' button on step 3 of quote page
	email[ian.schwartz@aol.com] is invalid, use default email
	Reach STEP 3
	Recalculated Price
	[81.236370492][$25.93]DONE
[11] HITTING ... 
	Go to home page
	Reach STEP 1
	Reach STEP 2
	Fail to find 'Continue' button on step 3 of quote page
	email[lilly.hayes@aol.com] is invalid, use default email
	Reach STEP 3
	Recalculated Price
	[78.57038631][$22.63]DONE
[12] HITTING ... 
	Go to home page
	Reach STEP 1
	Reach STEP 2
	Reach STEP 3
	Recalculated Price
	[46.011676649][$21.54]DONE
[13] HITTING ... 
	change invalid email[ian.schwartz@aol.com] to default one
	Go to home page
	Reach STEP 1
	Reach STEP 2
	Reach STEP 3
	Recalculated Price
	[65.979821255][$16.62]DONE
[14] HITTING ... 
	Go to home page
	Reach STEP 1
	Reach STEP 2
	Reach STEP 3
	Recalculated Price
	[47.223538986][$27.59]DONE
[15] HITTING ... 
	change invalid email[ian.schwartz@aol.com] to default one
	Go to home page
	Reach STEP 1
	Reach STEP 2
	Reach STEP 3
	Recalculated Price
	[47.562773556][$16.58]DONE
[16] HITTING ... 
	Go to home page
	Reach STEP 1
	Reach STEP 2
	Reach STEP 3
	Recalculated Price
	[45.216994794][$14.28]DONE
[17] HITTING ... 
	change invalid email[ian.schwartz@aol.com] to default one
	Go to home page
	Reach STEP 1
	Reach STEP 2
	Reach STEP 3
	Recalculated Price
	[48.171531319][$13.05]DONE
[18] HITTING ... 
	Go to home page
	Reach STEP 1
	Reach STEP 2
	Reach STEP 3
	Recalculated Price
	[54.455374055][$11.54]DONE
[19] HITTING ... 
	Go to home page
	Reach STEP 1
	Reach STEP 2
	Reach STEP 3
	Recalculated Price
	[47.539923166][$17.14]DONE
[20] HITTING ... 
	change invalid email[alexandra.guerrero@aol.com] to default one
	Go to home page
	Reach STEP 1
	Reach STEP 2
	Reach STEP 3
	Recalculated Price
	[52.036018531][$16.45]DONE
[21] HITTING ... 
	Go to home page
	Reach STEP 1
	Reach STEP 2
	Reach STEP 3
	Recalculated Price
	[51.18862578][$27.43]DONE
[22] HITTING ... 
	Go to home page
	Reach STEP 1
	Reach STEP 2
	Reach STEP 3
	Recalculated Price
	[47.280962816][$12.62]DONE
[23] HITTING ... 
	change invalid email[ian.schwartz@aol.com] to default one
	Go to home page
	Reach STEP 1
	Reach STEP 2
	Reach STEP 3
	Recalculated Price
	[48.204863439][$11.79]DONE
[24] HITTING ... 
	Go to home page
	Reach STEP 1
	Reach STEP 2
	Reach STEP 3
	[24][36.46770725] MISSED: ["Renters", "94043", "Tessa", "Harper", "12/1/1988", "f", "100 N Whisman Rd", "Mountain View", "CA", "N", "RENTED HOUSE - SINGLE FAMILY", "2 to 4", "0", nil, "0", "(650) 342-2301", "savannah.silva@aol.com", "N", "N", "N", "N", "Y", "N", "NONE", "N", "N", "Keep default.", "8000", "Keep default", "1000", "100000", "N", "1000"]
	element not visible
  (Session info: chrome=45.0.2454.99)
  (Driver info: chromedriver=2.18.343837 (52eb4041461e46a6b73308ebb19e85787ced4281),platform=Linux 3.13.0-48-generic x86_64)
[25] HITTING ... 
	change invalid email[ian.schwartz@aol.com] to default one
	Go to home page
	Reach STEP 1
	Reach STEP 2
	Reach STEP 3
	Recalculated Price
	[48.882504599][$10.83]DONE
[26] HITTING ... 
	Go to home page
	Reach STEP 1
	Reach STEP 2
	Reach STEP 3
	Recalculated Price
	[49.313794547][$10.83]DONE
[27] HITTING ... 
	Go to home page
	Reach STEP 1
	Reach STEP 2
	Reach STEP 3
	Recalculated Price
	[51.879343834][$10.83]DONE
[28] HITTING ... 
	Go to home page
	Reach STEP 1
	Reach STEP 2
	Reach STEP 3
	Recalculated Price
	[56.503535259][$19.22]DONE
[29] HITTING ... 
	Go to home page
	Reach STEP 1
	Reach STEP 2
	Reach STEP 3
	Recalculated Price
	[47.370148589][$18.54]DONE
[30] HITTING ... 
	Go to home page
	Reach STEP 1
	Reach STEP 2
	Reach STEP 3
	Recalculated Price
	[67.559988551][$15.80]DONE
[31] HITTING ... 
	change invalid email[adrian.gilbert@outlook.com] to default one
	Go to home page
	Reach STEP 1
	Reach STEP 2
	Reach STEP 3
	Recalculated Price
	[57.617526245][$14.70]DONE
[32] HITTING ... 
	Go to home page
	Reach STEP 1
	Reach STEP 2
	Reach STEP 3
	Recalculated Price
	[50.797955256][$17.17]DONE
[33] HITTING ... 
	Go to home page
	Reach STEP 1
	Reach STEP 2
	Reach STEP 3
	Recalculated Price
	[51.053185227][$13.19]DONE
[34] HITTING ... 
	change invalid email[ian.schwartz@aol.com] to default one
	Go to home page
	Reach STEP 1
	Reach STEP 2
	Reach STEP 3
	Recalculated Price
	[51.960547717][$15.24]DONE
[35] HITTING ... 
	Go to home page
	Reach STEP 1
	Reach STEP 2
	Reach STEP 3
	Recalculated Price
	[50.443703261][$13.66]DONE
[36] HITTING ... 
	change invalid email[adrian.gilbert@outlook.com] to default one
	Go to home page
	Reach STEP 1
	Reach STEP 2
	Reach STEP 3
	Recalculated Price
	[49.778551978][$10.83]DONE
[37] HITTING ... 
	Go to home page
	Reach STEP 1
	Reach STEP 2
	Reach STEP 3
	Recalculated Price
	[55.300801938][$20.89]DONE
[38] HITTING ... 
	change invalid email[alexandra.guerrero@aol.com] to default one
	Go to home page
	Reach STEP 1
	Reach STEP 2
	Reach STEP 3
	Recalculated Price
	[50.029933241][$22.38]DONE
[39] HITTING ... 
	Go to home page
	Reach STEP 1
	Reach STEP 2
	Reach STEP 3
	Recalculated Price
	[56.029816471][$17.46]DONE
[40] HITTING ... 
	change invalid email[adrian.gilbert@outlook.com] to default one
	Go to home page
	Reach STEP 1
	Reach STEP 2
	Reach STEP 3
	Recalculated Price
	[55.519751421][$16.37]DONE
[41] HITTING ... 
	change invalid email[adrian.gilbert@outlook.com] to default one
	Go to home page
	Reach STEP 1
	Reach STEP 2
	Reach STEP 3
	Recalculated Price
	[66.999440394][$15.54]DONE
[42] HITTING ... 
	change invalid email[ian.schwartz@aol.com] to default one
	Go to home page
	Reach STEP 1
	Reach STEP 2
	Reach STEP 3
	Recalculated Price
	[47.918436532][$14.86]DONE
[43] HITTING ... 
	Go to home page
	Reach STEP 1
	Reach STEP 2
	Reach STEP 3
	Recalculated Price
	[49.715820353][$14.03]DONE
[44] HITTING ... 
	change invalid email[lilly.hayes@aol.com] to default one
	Go to home page
	Reach STEP 1
	Reach STEP 2
	Reach STEP 3
	Recalculated Price
	[48.311389542][$12.80]DONE
[45] HITTING ... 
	change invalid email[lilly.hayes@aol.com] to default one
	Go to home page
	Reach STEP 1
	Reach STEP 2
	Reach STEP 3
	Recalculated Price
	[48.649762386][$12.29]DONE
[46] HITTING ... 
	change invalid email[alexandra.guerrero@aol.com] to default one
	Go to home page
	Reach STEP 1
	Reach STEP 2
	Reach STEP 3
	Recalculated Price
	[48.467138254][$17.39]DONE
[47] HITTING ... 
	Go to home page
	Reach STEP 1
	Reach STEP 2
	Reach STEP 3
	Recalculated Price
	[54.008392359][$16.70]DONE
[48] HITTING ... 
	Go to home page
	Reach STEP 1
	Reach STEP 2
	Reach STEP 3
	Recalculated Price
	[50.503141666][$13.96]DONE
[49] HITTING ... 
	change invalid email[ian.schwartz@aol.com] to default one
	Go to home page
	Reach STEP 1
	Reach STEP 2
	Reach STEP 3
	Recalculated Price
	[50.324501284][$12.87]DONE
[50] HITTING ... 
	Go to home page
	Reach STEP 1
	Reach STEP 2
	Reach STEP 3
	Recalculated Price
	[54.633488559][$13.60]DONE
[51] HITTING ... 
	Go to home page
	Reach STEP 1
	Reach STEP 2
	Reach STEP 3
	Recalculated Price
	[54.965874303][$11.36]DONE
[52] HITTING ... 
	change invalid email[adrian.gilbert@outlook.com] to default one
	Go to home page
	Reach STEP 1
	Reach STEP 2
	Reach STEP 3
	Recalculated Price
	[47.911723032][$13.41]DONE
[53] HITTING ... 
	change invalid email[lilly.hayes@aol.com] to default one
	Go to home page
	Reach STEP 1
	Reach STEP 2
	Reach STEP 3
	Recalculated Price
	[73.59367518][$11.83]DONE
[54] HITTING ... 
	Go to home page
	Reach STEP 1
	Reach STEP 2
	Reach STEP 3
	Recalculated Price
	[50.519846933][$10.83]DONE
[55] HITTING ... 
	Go to home page
	Reach STEP 1
	Reach STEP 2
	Reach STEP 3
	Recalculated Price
	[52.98821658][$24.26]DONE
[56] HITTING ... 
	Go to home page
	Reach STEP 1
	Reach STEP 2
	Reach STEP 3
	Recalculated Price
	[46.680170611][$18.79]DONE
[57] HITTING ... 
	change invalid email[alexandra.guerrero@aol.com] to default one
	Go to home page
	Reach STEP 1
	Reach STEP 2
	Reach STEP 3
	Recalculated Price
	[60.227124578][$16.05]DONE
[58] HITTING ... 
	change invalid email[alexandra.guerrero@aol.com] to default one
	Go to home page
	Reach STEP 1
	Reach STEP 2
	Reach STEP 3
	Recalculated Price
	[52.581375631][$14.95]DONE
[59] HITTING ... 
	Go to home page
	Reach STEP 1
	Reach STEP 2
	Reach STEP 3
	Recalculated Price
	[57.587953343][$17.42]DONE
[60] HITTING ... 
	change invalid email[adrian.gilbert@outlook.com] to default one
	Go to home page
	Reach STEP 1
	Reach STEP 2
	Reach STEP 3
	Recalculated Price
	[48.987568207][$13.44]DONE
[61] HITTING ... 
	Go to home page
	Reach STEP 1
	Reach STEP 2
	Reach STEP 3
	Recalculated Price
	[46.527923711][$12.62]DONE
[62] HITTING ... 
	Go to home page
	Reach STEP 1
	Reach STEP 2
	Reach STEP 3
	Recalculated Price
	[49.134329926][$11.38]DONE
[63] HITTING ... 
	Go to home page
	Reach STEP 1
	Reach STEP 2
	Reach STEP 3
	Recalculated Price
	[48.589163707][$10.87]DONE
[64] HITTING ... 
	Go to home page
	Reach STEP 1
	Reach STEP 2
	Reach STEP 3
	Recalculated Price
	[56.955640359][$23.41]DONE
[65] HITTING ... 
	Go to home page
	Reach STEP 1
	Reach STEP 2
	Reach STEP 3
	Recalculated Price
	[52.935732427][$20.45]DONE
[66] HITTING ... 
	Go to home page
	Reach STEP 1
	Reach STEP 2
	Reach STEP 3
	Recalculated Price
	[47.924182626][$17.71]DONE
[67] HITTING ... 
	Go to home page
	Reach STEP 1
	Reach STEP 2
	Reach STEP 3
	Recalculated Price
	[48.779554961][$20.14]DONE
[68] HITTING ... 
	change invalid email[adrian.gilbert@outlook.com] to default one
	Go to home page
	Reach STEP 1
	Reach STEP 2
	Reach STEP 3
	Recalculated Price
	[47.277568647][$15.79]DONE
[69] HITTING ... 
	change invalid email[adrian.gilbert@outlook.com] to default one
	Go to home page
	Reach STEP 1
	Reach STEP 2
	Reach STEP 3
	Recalculated Price
	[55.506607042][$15.11]DONE
[70] HITTING ... 
	Go to home page
	Reach STEP 1
	Reach STEP 2
	Reach STEP 3
	Recalculated Price
	[45.058094536][$14.28]DONE
[71] HITTING ... 
	change invalid email[alexandra.guerrero@aol.com] to default one
	Go to home page
	Reach STEP 1
	Reach STEP 2
	Reach STEP 3
	Recalculated Price
	[49.19065292][$13.05]DONE
[72] HITTING ... 
	change invalid email[adrian.gilbert@outlook.com] to default one
	Go to home page
	Reach STEP 1
	Reach STEP 2
	Reach STEP 3
	Recalculated Price
	[50.337889994][$19.08]DONE
[73] HITTING ... 
	Go to home page
	Reach STEP 1
	Reach STEP 2
	Reach STEP 3
	Recalculated Price
	[48.499867268][$19.41]DONE
[74] HITTING ... 
	Go to home page
	Reach STEP 1
	Reach STEP 2
	Reach STEP 3
	Recalculated Price
	[52.691338518][$16.45]DONE
[75] HITTING ... 
	change invalid email[alexandra.guerrero@aol.com] to default one
	Go to home page
	Reach STEP 1
	Reach STEP 2
	Reach STEP 3
	Recalculated Price
	[50.756768832][$27.43]DONE
[76] HITTING ... 
	change invalid email[alexandra.guerrero@aol.com] to default one
	Go to home page
	Reach STEP 1
	Reach STEP 2
	Reach STEP 3
	Recalculated Price
	[53.690018901][$12.62]DONE
[77] HITTING ... 
	Go to home page
	Reach STEP 1
	Reach STEP 2
	Reach STEP 3
	Recalculated Price
	[44.270022978][$23.59]DONE
[78] HITTING ... 
	Go to home page
	Reach STEP 1
	Reach STEP 2
	Reach STEP 3
	[78][43.015842783] MISSED: ["Renters", "94040", "Rosalie", "Blair", "11/18/1989", "f", "575 S Rengstorff Ave", "Mountain View", "CA", "N", "RENTED HOUSE - SINGLE FAMILY", "2 to 4", "0", nil, "0", "(415) 821-7280", "ana.webster@gmail.com", "N", "N", "N", "N", "Y", "N", "NONE", "N", "N", "Keep default.", "12000", "Keep default", "1000", "100000", "N", "1000"]
	element not visible
  (Session info: chrome=45.0.2454.99)
  (Driver info: chromedriver=2.18.343837 (52eb4041461e46a6b73308ebb19e85787ced4281),platform=Linux 3.13.0-48-generic x86_64)
[79] HITTING ... 
	Go to home page
	Reach STEP 1
	Reach STEP 2
	Reach STEP 3
	Recalculated Price
	[47.271151627][$10.83]DONE
[80] HITTING ... 
	change invalid email[lilly.hayes@aol.com] to default one
	Go to home page
	Reach STEP 1
	Reach STEP 2
	Reach STEP 3
	Recalculated Price
	[54.405842914][$10.83]DONE
[81] HITTING ... 
	change invalid email[ian.schwartz@aol.com] to default one
	Go to home page
	Reach STEP 1
	Reach STEP 2
	Reach STEP 3
	Recalculated Price
	[59.389401293][$10.83]DONE
[82] HITTING ... 
	Go to home page
	Reach STEP 1
	Reach STEP 2
	Reach STEP 3
	Recalculated Price
	[52.181541437][$19.22]DONE
[83] HITTING ... 
	change invalid email[lilly.hayes@aol.com] to default one
	Go to home page
	Reach STEP 1
	Reach STEP 2
	Reach STEP 3
	Recalculated Price
	[53.559654226][$23.14]DONE
[84] HITTING ... 
	Go to home page
	Reach STEP 1
	Reach STEP 2
	Reach STEP 3
	Recalculated Price
	[49.798974689][$15.80]DONE
[85] HITTING ... 
	Go to home page
	Reach STEP 1
	Reach STEP 2
	Reach STEP 3
	Recalculated Price
	[58.883865709][$14.70]DONE
[86] HITTING ... 
	Go to home page
	Reach STEP 1
	Reach STEP 2
	Reach STEP 3
	Recalculated Price
	[48.347897017][$17.17]DONE
[87] HITTING ... 
	Go to home page
	Reach STEP 1
	Reach STEP 2
	Reach STEP 3
	Recalculated Price
	[75.583671937][$16.29]DONE
[88] HITTING ... 
	Go to home page
	Reach STEP 1
	Reach STEP 2
	Reach STEP 3
	Recalculated Price
	[49.70663589][$12.37]DONE
[89] HITTING ... 
	Go to home page
	Reach STEP 1
	Reach STEP 2
	Reach STEP 3
	Recalculated Price
	[50.128050391][$12.33]DONE
[90] HITTING ... 
	change invalid email[adrian.gilbert@outlook.com] to default one
	Go to home page
	Reach STEP 1
	Reach STEP 2
	Reach STEP 3
	Recalculated Price
	[55.070563272][$10.83]DONE
[91] HITTING ... 
	Go to home page
	Reach STEP 1
	Reach STEP 2
	Reach STEP 3
	Recalculated Price
	[55.561678878][$20.89]DONE
[92] HITTING ... 
	Go to home page
	Reach STEP 1
	Reach STEP 2
	Reach STEP 3
	Recalculated Price
	[52.923107176][$20.20]DONE
[93] HITTING ... 
	change invalid email[alexandra.guerrero@aol.com] to default one
	Go to home page
	Reach STEP 1
	Reach STEP 2
	Reach STEP 3
	Recalculated Price
	[56.30336618][$21.29]DONE
[94] HITTING ... 
	Go to home page
	Reach STEP 1
	Reach STEP 2
	Reach STEP 3
	Recalculated Price
	[64.139800574][$18.04]DONE
[95] HITTING ... 
	Go to home page
	Reach STEP 1
	Reach STEP 2
	Reach STEP 3
	Recalculated Price
	[48.390653858][$18.84]DONE
[96] HITTING ... 
	change invalid email[ian.schwartz@aol.com] to default one
	Go to home page
	Reach STEP 1
	Reach STEP 2
	Reach STEP 3
	Recalculated Price
	[48.066163425][$16.33]DONE
[97] HITTING ... 
	Go to home page
	Reach STEP 1
	Reach STEP 2
	Reach STEP 3
	Recalculated Price
	[50.094478468][$14.03]DONE
[98] HITTING ... 
	change invalid email[alexandra.guerrero@aol.com] to default one
	Go to home page
	Reach STEP 1
	Reach STEP 2
	Reach STEP 3
	Recalculated Price
	[49.875845764][$12.80]DONE
[99] HITTING ... 
	Go to home page
	Reach STEP 1
	Reach STEP 2
	Reach STEP 3
	Recalculated Price
	[53.425363586][$11.29]DONE
[100] HITTING ... 
	change invalid email[alexandra.guerrero@aol.com] to default one
	Go to home page
	Reach STEP 1
	Reach STEP 2
	Reach STEP 3
	Recalculated Price
	[49.25873884][$22.18]DONE
[101] HITTING ... 
	change invalid email[lilly.hayes@aol.com] to default one
	Go to home page
	Reach STEP 1
	Reach STEP 2
	Reach STEP 3
	Recalculated Price
	[56.085139207][$23.75]DONE
[102] HITTING ... 
	Go to home page
	Reach STEP 1
	Reach STEP 2
	Reach STEP 3
	Recalculated Price
	[54.291375602][$22.95]DONE
[103] HITTING ... 
	Go to home page
	Reach STEP 1
	Reach STEP 2
	Reach STEP 3
	Recalculated Price
	[54.040654528][$16.26]DONE
[104] HITTING ... 
	change invalid email[ian.schwartz@aol.com] to default one
	Go to home page
	Reach STEP 1
	Reach STEP 2
	Reach STEP 3
	Recalculated Price
	[54.459532331][$18.47]DONE
[105] HITTING ... 
	Go to home page
	Reach STEP 1
	Reach STEP 2
	Reach STEP 3
	Recalculated Price
	[54.763676779][$14.51]DONE
[106] HITTING ... 
	Go to home page
	Reach STEP 1
	Reach STEP 2
	Reach STEP 3
	Recalculated Price
	[52.387902197][$13.88]DONE
[107] HITTING ... 
	Go to home page
	Reach STEP 1
	Reach STEP 2
	Reach STEP 3
	Recalculated Price
	[53.651397314][$13.13]DONE
[108] HITTING ... 
	Go to home page
	Reach STEP 1
	Reach STEP 2
	Reach STEP 3
	Recalculated Price
	[61.311494492][$14.31]DONE
[109] HITTING ... 
	change invalid email[ian.schwartz@aol.com] to default one
	Go to home page
	Reach STEP 1
	Reach STEP 2
	Reach STEP 3
	Recalculated Price
	[48.891032951][$10.83]DONE
[110] HITTING ... 
	change invalid email[ian.schwartz@aol.com] to default one
	Go to home page
	Reach STEP 1
	Reach STEP 2
	Reach STEP 3
	Recalculated Price
	[48.237244311][$15.88]DONE
[111] HITTING ... 
	Go to home page
	Reach STEP 1
	Reach STEP 2
	Reach STEP 3
	Recalculated Price
	[49.074602914][$15.26]DONE
[112] HITTING ... 
	change invalid email[adrian.gilbert@outlook.com] to default one
	Go to home page
	Reach STEP 1
	Reach STEP 2
	Reach STEP 3
	Recalculated Price
	[48.875280538][$12.76]DONE
[113] HITTING ... 
	change invalid email[lilly.hayes@aol.com] to default one
	Go to home page
	Reach STEP 1
	Reach STEP 2
	Reach STEP 3
	Recalculated Price
	[54.320222181][$11.76]DONE
[114] HITTING ... 
	Go to home page
	Reach STEP 1
	Reach STEP 2
	Reach STEP 3
	Recalculated Price
	[66.441119745][$14.01]DONE
[115] HITTING ... 
	Go to home page
	Reach STEP 1
	Reach STEP 2
	Reach STEP 3
	Recalculated Price
	[58.374302751][$10.83]DONE
[116] HITTING ... 
	change invalid email[ian.schwartz@aol.com] to default one
	Go to home page
	Reach STEP 1
	Reach STEP 2
	Reach STEP 3
	Recalculated Price
	[59.393177148][$10.83]DONE
[117] HITTING ... 
	Go to home page
	Reach STEP 1
	Reach STEP 2
	Reach STEP 3
	Recalculated Price
	[61.042514106][$10.83]DONE
[118] HITTING ... 
	Go to home page
	Reach STEP 1
	Reach STEP 2
	Reach STEP 3
	Recalculated Price
	[56.151916228][$10.83]DONE
[119] HITTING ... 
	change invalid email[alexandra.guerrero@aol.com] to default one
	Go to home page
	Reach STEP 1
	Reach STEP 2
	Reach STEP 3
	Recalculated Price
	[85.931694679][$17.97]DONE
[120] HITTING ... 
	change invalid email[ian.schwartz@aol.com] to default one
	Go to home page
	Reach STEP 1
	Reach STEP 2
	Reach STEP 3
	Recalculated Price
	[88.09063189][$19.33]DONE
[121] HITTING ... 
	Go to home page
	Reach STEP 1
	Reach STEP 2
	Reach STEP 3
	Recalculated Price
	[94.183046321][$18.34]DONE
[122] HITTING ... 
	change invalid email[adrian.gilbert@outlook.com] to default one
	Go to home page
	Reach STEP 1
	Fail to find 'Start my Quote' button on step 2 of quote page
	Reach STEP 2
	[122][59.678236496] MISSED: ["Renters", "94085", "Colton", "Vazquez", "11/18/1989", "m", "1257 Lakeside Dr", "Sunnyvale", "CA", "N", "RENTED HOUSE - SINGLE FAMILY", "5+", "0", nil, "0", "(925) 686-1761", "adrian.gilbert@outlook.com", "N", "N", "N", "N", "Y", "N", "NONE", "N", "N", "Keep default.", "8000", "Keep default", "2000", "300000", "N", "500"]
	unable to locate element, using {:id=>"AddRenterBuy:PropertyType", :tag_name=>"select"}
[123] HITTING ... 
	Go to home page
	Reach STEP 1
	Reach STEP 2
	Reach STEP 3
	Recalculated Price
	[189.653187377][$13.09]DONE
[124] HITTING ... 
	change invalid email[lilly.hayes@aol.com] to default one
	Go to home page
	[124][81.396064535] MISSED: ["Renters", "95030", "Rider", "Boyd", "11/12/1990", "m", "347 Massol Ave", "Los Gatos", "CA", "N", "RENTED HOUSE - SINGLE FAMILY", "5+", "0", nil, "0", "(408) 923-3200", "lilly.hayes@aol.com", "N", "N", "N", "N", "Y", "N", "NONE", "N", "N", "Keep default.", "8000", "Keep default", "2000", "300000", "N", "1000"]
	Timeout::Error
	Fail to save screenshotTimeout::Error
skip to offset 123
[124] HITTING ... 
	Go to home page
	Reach STEP 1
	Fail to find 'Start my Quote' button on step 2 of quote page
	Reach STEP 2
	[124][69.278499462] MISSED: ["Renters", "95030", "Rider", "Boyd", "11/12/1990", "m", "347 Massol Ave", "Los Gatos", "CA", "N", "RENTED HOUSE - SINGLE FAMILY", "5+", "0", nil, "0", "(408) 923-3200", "lilly.hayes@aol.com", "N", "N", "N", "N", "Y", "N", "NONE", "N", "N", "Keep default.", "8000", "Keep default", "2000", "300000", "N", "1000"]
	unable to locate element, using {:id=>"AddRenterBuy:PropertyType", :tag_name=>"select"}
[125] HITTING ... 
	Go to home page
	Reach STEP 1
	Reach STEP 2
	Reach STEP 3
	Recalculated Price
	[102.864326573][$14.34]DONE
[126] HITTING ... 
	Go to home page
	Reach STEP 1
	Fail to find 'Start my Quote' button on step 2 of quote page
	Reach STEP 2
	[126][66.506740862] MISSED: ["Renters", "95050", "Madelynn", "Curry", "03/08/1990", "m", "1599 Warburton Ave", "Santa Clara", "CA", "N", "RENTED HOUSE - SINGLE FAMILY", "5+", "0", nil, "0", "(619) 651-7000", "william.palmer@gmail.com", "N", "N", "N", "N", "Y", "N", "NONE", "N", "N", "Keep default.", "8000", "Keep default", "2000", "300000", "N", "2500"]
	unable to locate element, using {:id=>"AddRenterBuy:PropertyType", :tag_name=>"select"}
[127] HITTING ... 
	Go to home page
	Reach STEP 1
	Fail to find 'Start my Quote' button on step 2 of quote page
	Reach STEP 2
	[127][67.087821131] MISSED: ["Renters", "95050", "Nathan", "Benson", "03/08/1990", "m", "431 El Camino Real", "Santa Clara", "CA", "N", "RENTED HOUSE - SINGLE FAMILY", "5+", "0", nil, "0", "(408) 216-8947", "adrian.gilbert@outlook.com", "N", "N", "N", "N", "Y", "N", "NONE", "N", "N", "Keep default.", "8000", "Keep default", "2000", "300000", "N", "5000"]
	unable to locate element, using {:id=>"AddRenterBuy:PropertyType", :tag_name=>"select"}
[128] HITTING ... 
	Go to home page
	Reach STEP 1
	Reach STEP 2
	Fail to find 'Continue' button on step 3 of quote page
	email[lilly.hayes@aol.com] is invalid, use default email
	Reach STEP 3
	Recalculated Price
	[121.240854374][$19.63]DONE
[129] HITTING ... 
	Go to home page
	Reach STEP 1
	Reach STEP 2
	Reach STEP 3
	Recalculated Price
	[88.554650828][$23.20]DONE
[130] HITTING ... 
	Go to home page
	Reach STEP 1
	Reach STEP 2
	Fail to find 'Continue' button on step 3 of quote page
	email[adrian.gilbert@outlook.com] is invalid, use default email
	Reach STEP 3
	Recalculated Price
	[123.956499883][$20.00]DONE
[131] HITTING ... 
	Go to home page
	Reach STEP 1
	Reach STEP 2
	Fail to find 'Continue' button on step 3 of quote page
	email[ian.schwartz@aol.com] is invalid, use default email
	Reach STEP 3
	Recalculated Price
	[143.961039199][$15.51]DONE
[132] HITTING ... 
	Go to home page
	Reach STEP 1
	Reach STEP 2
	Reach STEP 3
	Recalculated Price
	[109.468875848][$16.18]DONE
[133] HITTING ... 
	Go to home page
	Reach STEP 1
	Fail to find 'Start my Quote' button on step 2 of quote page
	Reach STEP 2
	[133][75.4090313] MISSED: ["Renters", "95008", "Grayson", "Reese", "11/18/1989", "f", "200 Hollis Ave", "Campbell", "CA", "N", "RENTED HOUSE - SINGLE FAMILY", "5+", "0", nil, "0", "(650) 282-3083", "savannah.silva@aol.com", "N", "N", "N", "N", "Y", "N", "NONE", "N", "N", "Keep default.", "8000", "Keep default", "2000", "500000", "N", "1000"]
	unable to locate element, using {:id=>"AddRenterBuy:PropertyType", :tag_name=>"select"}
[134] HITTING ... 
	change invalid email[ian.schwartz@aol.com] to default one
	Go to home page
	Reach STEP 1
	Fail to find 'Start my Quote' button on step 2 of quote page
	Reach STEP 2
	[134][76.745387748] MISSED: ["Renters", "94041", "Christopher", "Ward", "06/06/1986", "m", "1600 Villa St", "Mountain View", "CA", "N", "RENTED HOUSE - SINGLE FAMILY", "5+", "0", nil, "0", "(415) 981-2605", "ian.schwartz@aol.com", "N", "N", "N", "N", "Y", "N", "NONE", "N", "N", "Keep default.", "8000", "Keep default", "2000", "500000", "N", "1500"]
	unable to locate element, using {:id=>"AddRenterBuy:PropertyType", :tag_name=>"select"}
[135] HITTING ... 
	Go to home page
	Reach STEP 1
	Reach STEP 2
	Reach STEP 3
	Recalculated Price
	[139.213140076][$12.25]DONE
[136] HITTING ... 
	Go to home page
	Reach STEP 1
	Reach STEP 2
	Reach STEP 3
	Recalculated Price
	[162.25260686][$10.88]DONE
[137] HITTING ... 
	Go to home page
	Reach STEP 1
	Reach STEP 2
	Reach STEP 3
	Recalculated Price
	[158.142223498][$15.63]DONE
[138] HITTING ... 
	Go to home page
	Reach STEP 1
	Fail to find 'Start my Quote' button on step 2 of quote page
	Reach STEP 2
	[138][92.373446918] MISSED: ["Renters", "95014", "Vivian", "Castro", "03/08/1990", "m", "7375 Rollingdell Dr", "Cupertino", "CA", "N", "RENTED HOUSE - SINGLE FAMILY", "5+", "0", nil, "0", "(707) 766-9500", "ana.webster@gmail.com", "N", "N", "N", "N", "Y", "N", "NONE", "N", "N", "Keep default.", "12000", "Keep default", "1000", "100000", "N", "100 / 250"]
	unable to locate element, using {:id=>"AddRenterBuy:PropertyType", :tag_name=>"select"}
[139] HITTING ... 
	Go to home page
	Reach STEP 1
	Reach STEP 2
	Reach STEP 3
	Recalculated Price
	[155.195503777][$16.00]DONE
[140] HITTING ... 
	Go to home page
	Reach STEP 1
	Reach STEP 2
	Reach STEP 3
	Recalculated Price
	[126.743329782][$11.51]DONE
[141] HITTING ... 
	change invalid email[ian.schwartz@aol.com] to default one
	Go to home page
	Reach STEP 1
	Reach STEP 2
	Reach STEP 3
	Recalculated Price
	[133.921402799][$13.76]DONE
[142] HITTING ... 
	Go to home page
	Reach STEP 1
	Reach STEP 2
	Reach STEP 3
	[142][124.91623554] MISSED: ["Renters", "95051", "Ryder", "Lowe", "06/06/1986", "m", "1901 Halford Ave", "Santa Clara", "CA", "N", "RENTED HOUSE - SINGLE FAMILY", "5+", "0", nil, "0", "(415) 578-4349", "scarlett.richard@gmail.com", "N", "N", "N", "N", "Y", "N", "NONE", "N", "N", "Keep default.", "12000", "Keep default", "1000", "100000", "N", "1000"]
	element not visible
  (Session info: chrome=45.0.2454.99)
  (Driver info: chromedriver=2.18.343837 (52eb4041461e46a6b73308ebb19e85787ced4281),platform=Linux 3.13.0-48-generic x86_64)
[143] HITTING ... 
	Go to home page
	Reach STEP 1
	Reach STEP 2
	Reach STEP 3
	Recalculated Price
	[158.509518203][$12.00]DONE
[144] HITTING ... 
	change invalid email[ian.schwartz@aol.com] to default one
	Go to home page
	Reach STEP 1
	Reach STEP 2
	Reach STEP 3
	Recalculated Price
	[158.017118904][$10.83]DONE
[145] HITTING ... 
	Go to home page
	Reach STEP 1
	Reach STEP 2
	Fail to find 'Continue' button on step 3 of quote page
	email[alexandra.guerrero@aol.com] is invalid, use default email
	Reach STEP 3
	Recalculated Price
	[191.347820986][$10.83]DONE
[146] HITTING ... 
	change invalid email[alexandra.guerrero@aol.com] to default one
	Go to home page
	Reach STEP 1
	Reach STEP 2
	Reach STEP 3
	Recalculated Price
	[127.452880289][$22.09]DONE
[147] HITTING ... 
	Go to home page
	Reach STEP 1
	Reach STEP 2
	Reach STEP 3
	Recalculated Price
	[156.249438292][$17.09]DONE
[148] HITTING ... 
	Go to home page
	Reach STEP 1
	Reach STEP 2
	Reach STEP 3
	Recalculated Price
	[172.502792954][$27.10]DONE
[149] HITTING ... 
	change invalid email[lilly.hayes@aol.com] to default one
	Go to home page
	Reach STEP 1
	Reach STEP 2
	Reach STEP 3
	Recalculated Price
	[163.05821553][$13.59]DONE
[150] HITTING ... 
	Go to home page
	Reach STEP 1
	Reach STEP 2
	Reach STEP 3
	Recalculated Price
	[158.885507238][$15.85]DONE
[151] HITTING ... 
	Go to home page
	Reach STEP 1
	Reach STEP 2
	Reach STEP 3
	Recalculated Price
	[156.873402162][$12.21]DONE
[152] HITTING ... 
	Go to home page
	Reach STEP 1
	Fail to find 'Start my Quote' button on step 2 of quote page
	Reach STEP 2
	[152][78.802163114] MISSED: ["Renters", "94086", "Evelyn", "Stanley", "04/05/1990", "m", "718 Old San Francisco Rd", "Sunnyvale", "CA", "N", "RENTED HOUSE - SINGLE FAMILY", "5+", "0", nil, "0", "(415) 921-1969", "elias.cain@outlook.com", "N", "N", "N", "N", "Y", "N", "NONE", "N", "N", "Keep default.", "12000", "Keep default", "1000", "300000", "N", "1500"]
	unable to locate element, using {:id=>"AddRenterBuy:PropertyType", :tag_name=>"select"}
[153] HITTING ... 
	Go to home page
	Reach STEP 1
	Fail to find 'Start my Quote' button on step 2 of quote page
	Reach STEP 2
	[153][77.995735172] MISSED: ["Renters", "95138", "Lily", "Erickson", "03/08/1990", "f", "6100 Monterey Hwy", "San Jose", "CA", "N", "RENTED HOUSE - SINGLE FAMILY", "5+", "0", nil, "0", "(510) 865-2875", "ana.webster@gmail.com", "N", "N", "N", "N", "Y", "N", "NONE", "N", "N", "Keep default.", "12000", "Keep default", "1000", "300000", "N", "2500"]
	unable to locate element, using {:id=>"AddRenterBuy:PropertyType", :tag_name=>"select"}
[154] HITTING ... 
	change invalid email[adrian.gilbert@outlook.com] to default one
	Go to home page
	Reach STEP 1
	Reach STEP 2
	Reach STEP 3
	Recalculated Price
	[138.191929438][$10.83]DONE
[155] HITTING ... 
	change invalid email[alexandra.guerrero@aol.com] to default one
	Go to home page
	Reach STEP 1
	Fail to find 'Start my Quote' button on step 2 of quote page
	Reach STEP 2
	[155][91.342243891] MISSED: ["Renters", "94087", "Kira", "Owen", "03/27/1987", "f", "902 W Remington Dr", "Sunnyvale", "CA", "N", "RENTED HOUSE - SINGLE FAMILY", "5+", "0", nil, "0", "(619) 670-6400", "alexandra.guerrero@aol.com", "N", "N", "N", "N", "Y", "N", "NONE", "N", "N", "Keep default.", "12000", "Keep default", "1000", "500000", "N", "100"]
	unable to locate element, using {:id=>"AddRenterBuy:PropertyType", :tag_name=>"select"}
[156] HITTING ... 
	Go to home page
	Reach STEP 1
	Reach STEP 2
	Reach STEP 3
	Recalculated Price
	[164.109109685][$22.95]DONE
[157] HITTING ... 
	Go to home page
	Reach STEP 1
	Fail to find 'Start my Quote' button on step 2 of quote page
	Reach STEP 2
	[157][92.112719695] MISSED: ["Renters", "95050", "Adam", "Duran", "06/06/1986", "m", "1599 Warburton Ave", "Santa Clara", "CA", "N", "RENTED HOUSE - SINGLE FAMILY", "5+", "0", nil, "0", "(510) 582-5240", "scarlett.richard@gmail.com", "N", "N", "N", "N", "Y", "N", "NONE", "N", "N", "Keep default.", "12000", "Keep default", "1000", "500000", "N", "250"]
	unable to locate element, using {:id=>"AddRenterBuy:PropertyType", :tag_name=>"select"}
[158] HITTING ... 
	change invalid email[ian.schwartz@aol.com] to default one
	Go to home page
	Reach STEP 1
	Fail to find 'Start my Quote' button on step 2 of quote page
	Reach STEP 2
	[158][97.890476716] MISSED: ["Renters", "95050", "Emma", "Gallegos", "11/18/1989", "m", "431 El Camino Real", "Santa Clara", "CA", "N", "RENTED HOUSE - SINGLE FAMILY", "5+", "0", nil, "0", "(760) 798-2632", "ian.schwartz@aol.com", "N", "N", "N", "N", "Y", "N", "NONE", "N", "N", "Keep default.", "12000", "Keep default", "1000", "500000", "N", "500"]
	unable to locate element, using {:id=>"AddRenterBuy:PropertyType", :tag_name=>"select"}
[159] HITTING ... 
	Go to home page
	Reach STEP 1
	Fail to find 'Start my Quote' button on step 2 of quote page
	Reach STEP 2
	[159][93.690754655] MISSED: ["Renters", "95008", "Nicolas", "Holmes", "11/12/1990", "f", "1630 W Campbell Ave", "Campbell", "CA", "N", "RENTED HOUSE - SINGLE FAMILY", "5+", "0", nil, "0", "(415) 230-1996", "scarlett.richard@gmail.com", "N", "N", "N", "N", "Y", "N", "NONE", "N", "N", "Keep default.", "12000", "Keep default", "1000", "500000", "N", "750"]
	unable to locate element, using {:id=>"AddRenterBuy:PropertyType", :tag_name=>"select"}
[160] HITTING ... 
	change invalid email[lilly.hayes@aol.com] to default one
	Go to home page
	Reach STEP 1
	Reach STEP 2
	Reach STEP 3
	Recalculated Price
	[132.75871931][$13.88]DONE
[161] HITTING ... 
	change invalid email[lilly.hayes@aol.com] to default one
	Go to home page
	Reach STEP 1
	Fail to find 'Start my Quote' button on step 2 of quote page
	Reach STEP 2
	[161][80.607492042] MISSED: ["Renters", "95123", "August", "Acosta", "03/27/1987", "f", "6184 Cottle Rd", "San Jose", "CA", "N", "RENTED HOUSE - SINGLE FAMILY", "5+", "0", nil, "0", "(619) 460-5241", "lilly.hayes@aol.com", "N", "N", "N", "N", "Y", "N", "NONE", "N", "N", "Keep default.", "12000", "Keep default", "1000", "500000", "N", "1500"]
	unable to locate element, using {:id=>"AddRenterBuy:PropertyType", :tag_name=>"select"}
[162] HITTING ... 
	Go to home page
	Reach STEP 1
	Reach STEP 2
	Reach STEP 3
	Recalculated Price
	[166.268765509][$14.31]DONE
[163] HITTING ... 
	Go to home page
	Reach STEP 1
	Reach STEP 2
	Reach STEP 3
	Recalculated Price
	[184.355470406][$10.83]DONE
[164] HITTING ... 
	change invalid email[alexandra.guerrero@aol.com] to default one
	Go to home page
	Reach STEP 1
	Reach STEP 2
	Reach STEP 3
	Recalculated Price
	[170.285924404][$15.88]DONE
[165] HITTING ... 
	Go to home page
	Reach STEP 1
	Reach STEP 2
	Reach STEP 3
	Recalculated Price
	[160.431427629][$15.26]DONE
[166] HITTING ... 
	change invalid email[lilly.hayes@aol.com] to default one
	Go to home page
	Reach STEP 1
	Reach STEP 2
	Reach STEP 3
	Recalculated Price
	[132.157916242][$12.76]DONE
[167] HITTING ... 
	Go to home page
	Reach STEP 1
	Fail to find 'Start my Quote' button on step 2 of quote page
	Reach STEP 2
	[167][78.156446041] MISSED: ["Renters", "94086", "Paige", "Bryant", "11/18/1989", "f", "718 Old San Francisco Rd", "Sunnyvale", "CA", "N", "RENTED HOUSE - SINGLE FAMILY", "5+", "0", nil, "0", "(408) 354-8910", "william.palmer@gmail.com", "N", "N", "N", "N", "Y", "N", "NONE", "N", "N", "Keep default.", "12000", "Keep default", "2000", "100000", "N", "500"]
	unable to locate element, using {:id=>"AddRenterBuy:PropertyType", :tag_name=>"select"}
[168] HITTING ... 
	change invalid email[adrian.gilbert@outlook.com] to default one
	Go to home page
	Reach STEP 1
	Fail to find 'Start my Quote' button on step 2 of quote page
	Reach STEP 2
	[168][78.460938801] MISSED: ["Renters", "95030", "Addyson", "Evans", "03/27/1987", "f", "347 Massol Ave", "Los Gatos", "CA", "N", "RENTED HOUSE - SINGLE FAMILY", "5+", "0", nil, "0", "(415) 642-8440", "adrian.gilbert@outlook.com", "N", "N", "N", "N", "Y", "N", "NONE", "N", "N", "Keep default.", "12000", "Keep default", "2000", "100000", "N", "750"]
	unable to locate element, using {:id=>"AddRenterBuy:PropertyType", :tag_name=>"select"}
[169] HITTING ... 
	change invalid email[ian.schwartz@aol.com] to default one
	Go to home page
	Reach STEP 1
	Fail to find 'Start my Quote' button on step 2 of quote page
	Reach STEP 2
	[169][91.569838239] MISSED: ["Renters", "95014", "Cole", "Jenkins", "12/1/1988", "f", "7375 Rollingdell Dr", "Cupertino", "CA", "N", "RENTED HOUSE - SINGLE FAMILY", "5+", "0", nil, "0", "(408) 599-5321", "ian.schwartz@aol.com", "N", "N", "N", "N", "Y", "N", "NONE", "N", "N", "Keep default.", "12000", "Keep default", "2000", "100000", "N", "1000"]
	unable to locate element, using {:id=>"AddRenterBuy:PropertyType", :tag_name=>"select"}
[170] HITTING ... 
	change invalid email[alexandra.guerrero@aol.com] to default one
	Go to home page
	Reach STEP 1
	Reach STEP 2
	Reach STEP 3
	Recalculated Price
	[170.445187542][$10.83]DONE
[171] HITTING ... 
	change invalid email[ian.schwartz@aol.com] to default one
	Go to home page
	Reach STEP 1
	Reach STEP 2
	Reach STEP 3
	Recalculated Price
	[158.920020122][$10.83]DONE
[172] HITTING ... 
	Go to home page
	Reach STEP 1
	Fail to find 'Start my Quote' button on step 2 of quote page
	Reach STEP 2
	[172][91.23767674] MISSED: ["Renters", "94043", "Dominick", "Gallagher", "04/05/1990", "f", "555 W Middlefield Rd", "Mountain View", "CA", "N", "RENTED HOUSE - SINGLE FAMILY", "5+", "0", nil, "0", "(415) 701-8366", "elias.cain@outlook.com", "N", "N", "N", "N", "Y", "N", "NONE", "N", "N", "Keep default.", "12000", "Keep default", "2000", "100000", "N", "5000"]
	unable to locate element, using {:id=>"AddRenterBuy:PropertyType", :tag_name=>"select"}
[173] HITTING ... 
	change invalid email[alexandra.guerrero@aol.com] to default one
	Go to home page
	Reach STEP 1
	Fail to find 'Start my Quote' button on step 2 of quote page
	Reach STEP 2
	[173][91.314538557] MISSED: ["Renters", "95112", "Dylan", "Harris", "04/05/1990", "m", "524 S 9th St", "San Jose", "CA", "N", "RENTED HOUSE - SINGLE FAMILY", "5+", "0", nil, "0", "(415) 580-6272", "alexandra.guerrero@aol.com", "N", "N", "N", "N", "Y", "N", "NONE", "N", "N", "Keep default.", "12000", "Keep default", "2000", "300000", "N", "100"]
	unable to locate element, using {:id=>"AddRenterBuy:PropertyType", :tag_name=>"select"}
[174] HITTING ... 
	change invalid email[lilly.hayes@aol.com] to default one
	Go to home page
	Reach STEP 1
	Reach STEP 2
	Reach STEP 3
	Recalculated Price
	[138.05197611][$17.34]DONE
[175] HITTING ... 
	Go to home page
	Reach STEP 1
	Reach STEP 2
	Reach STEP 3
	Recalculated Price
	[130.80990805][$18.34]DONE
[176] HITTING ... 
	Go to home page
	Reach STEP 1
	Reach STEP 2
	Reach STEP 3
	Recalculated Price
	[159.772589504][$17.06]DONE
[177] HITTING ... 
	Go to home page
	Reach STEP 1
	Reach STEP 2
	Reach STEP 3
	Recalculated Price
	[168.710217086][$23.85]DONE
[178] HITTING ... 
	change invalid email[ian.schwartz@aol.com] to default one
	Go to home page
	Reach STEP 1
	Fail to find 'Start my Quote' button on step 2 of quote page
	Reach STEP 2
	[178][95.440861651] MISSED: ["Renters", "95035", "Graeme", "Campos", "07/31/1988", "m", "555 S Park Victoria Dr", "Milpitas", "CA", "N", "RENTED HOUSE - SINGLE FAMILY", "5+", "0", nil, "0", "(408) 502-5305", "ian.schwartz@aol.com", "N", "N", "N", "N", "Y", "N", "NONE", "N", "N", "Keep default.", "12000", "Keep default", "2000", "300000", "N", "1000"]
	unable to locate element, using {:id=>"AddRenterBuy:PropertyType", :tag_name=>"select"}
[179] HITTING ... 
	Go to home page
	Reach STEP 1
	Reach STEP 2
	Reach STEP 3
	Recalculated Price
	[160.77212515][$11.71]DONE
[180] HITTING ... 
	change invalid email[alexandra.guerrero@aol.com] to default one
	Go to home page
	Reach STEP 1
	Reach STEP 2
	Reach STEP 3
	Recalculated Price
	[169.116084308][$10.83]DONE
[181] HITTING ... 
	change invalid email[ian.schwartz@aol.com] to default one
	Go to home page
	Reach STEP 1
	Fail to find 'Start my Quote' button on step 2 of quote page
	Reach STEP 2
	[181][90.156997618] MISSED: ["Renters", "95020", "Liam", "Porter", "04/05/1990", "f", "8200 Kern Ave", "Gilroy", "CA", "N", "RENTED HOUSE - SINGLE FAMILY", "5+", "0", nil, "0", "(925) 284-1915", "ian.schwartz@aol.com", "N", "N", "N", "N", "Y", "N", "NONE", "N", "N", "Keep default.", "12000", "Keep default", "2000", "300000", "N", "5000"]
	unable to locate element, using {:id=>"AddRenterBuy:PropertyType", :tag_name=>"select"}
[182] HITTING ... 
	change invalid email[lilly.hayes@aol.com] to default one
	Go to home page
	Reach STEP 1
	Reach STEP 2
	Reach STEP 3
	Recalculated Price
	[157.899432507][$19.63]DONE
[183] HITTING ... 
	change invalid email[ian.schwartz@aol.com] to default one
	Go to home page
	Reach STEP 1
	Reach STEP 2
	Reach STEP 3
	Recalculated Price
	[167.428273928][$21.00]DONE
[184] HITTING ... 
	Go to home page
	Reach STEP 1
	Fail to find 'Start my Quote' button on step 2 of quote page
	Reach STEP 2
	[184][91.472381155] MISSED: ["Renters", "95054", "Jack", "Lyons", "04/05/1990", "f", "730 Agnew Rd", "Santa Clara", "CA", "N", "RENTED HOUSE - SINGLE FAMILY", "5+", "0", nil, "0", "(408) 271-2600", "elias.cain@outlook.com", "N", "N", "N", "N", "Y", "N", "NONE", "N", "N", "Keep default.", "12000", "Keep default", "2000", "500000", "N", "250"]
	unable to locate element, using {:id=>"AddRenterBuy:PropertyType", :tag_name=>"select"}
[185] HITTING ... 
	Go to home page
	Reach STEP 1
	Fail to find 'Start my Quote' button on step 2 of quote page
	Reach STEP 2
	[185][96.853499693] MISSED: ["Renters", "95008", "Addison", "Fox", "12/1/1988", "f", "200 Hollis Ave", "Campbell", "CA", "N", "RENTED HOUSE - SINGLE FAMILY", "5+", "0", nil, "0", "(650) 349-3200", "elias.cain@outlook.com", "N", "N", "N", "N", "Y", "N", "NONE", "N", "N", "Keep default.", "12000", "Keep default", "2000", "500000", "N", "500"]
	unable to locate element, using {:id=>"AddRenterBuy:PropertyType", :tag_name=>"select"}
[186] HITTING ... 
	change invalid email[adrian.gilbert@outlook.com] to default one
	Go to home page
	Reach STEP 1
	Fail to find 'Start my Quote' button on step 2 of quote page
	Reach STEP 2
	[186][99.368213724] MISSED: ["Renters", "95020", "Josephine", "Mullins", "03/03/1988", "m", "8200 Kern Ave", "Gilroy", "CA", "N", "RENTED HOUSE - SINGLE FAMILY", "5+", "0", nil, "0", "(619) 281-4006", "adrian.gilbert@outlook.com", "N", "N", "N", "N", "Y", "N", "NONE", "N", "N", "Keep default.", "12000", "Keep default", "2000", "500000", "N", "750"]
	unable to locate element, using {:id=>"AddRenterBuy:PropertyType", :tag_name=>"select"}
[187] HITTING ... 
	Go to home page
	Reach STEP 1
	Fail to find 'Start my Quote' button on step 2 of quote page
	Reach STEP 2
	[187][79.830038738] MISSED: ["Renters", "95008", "Owen", "Bryan", "02/04/1989", "f", "200 Hollis Ave", "Campbell", "CA", "N", "RENTED HOUSE - SINGLE FAMILY", "5+", "0", nil, "0", "(855) 802-6683", "savannah.silva@aol.com", "N", "N", "N", "N", "Y", "N", "NONE", "N", "N", "Keep default.", "12000", "Keep default", "2000", "500000", "N", "1000"]
	unable to locate element, using {:id=>"AddRenterBuy:PropertyType", :tag_name=>"select"}
[188] HITTING ... 
	Go to home page
	Reach STEP 1
	Reach STEP 2
	Reach STEP 3
	Recalculated Price
	[134.176352336][$13.38]DONE
[189] HITTING ... 
	Go to home page
	Reach STEP 1
	Reach STEP 2
	Reach STEP 3
	Recalculated Price
	[158.568499966][$12.25]DONE
[190] HITTING ... 
	change invalid email[ian.schwartz@aol.com] to default one
	Go to home page
	Reach STEP 1
	Reach STEP 2
	Reach STEP 3
	Recalculated Price
	[173.075505946][$10.88]DONE
[191] HITTING ... 
	Go to home page
	Reach STEP 1
	Reach STEP 2
	Reach STEP 3
	Recalculated Price
	[153.247822012][$20.31]DONE
[192] HITTING ... 
	change invalid email[lilly.hayes@aol.com] to default one
	Go to home page
	Reach STEP 1
	Reach STEP 2
	Reach STEP 3
	Recalculated Price
	[199.81689807][$15.23]DONE
[193] HITTING ... 
	Go to home page
	Reach STEP 1
	Reach STEP 2
	Reach STEP 3
	Recalculated Price
	[136.80242443][$12.69]DONE
[194] HITTING ... 
	Go to home page
	Reach STEP 1
	Reach STEP 2
	Reach STEP 3
	Recalculated Price
	[127.803346445][$11.68]DONE
[195] HITTING ... 
	Go to home page
	Reach STEP 1
	Fail to find 'Start my Quote' button on step 2 of quote page
	Reach STEP 2
	[195][82.556106581] MISSED: ["Renters", "94087", "Dominic", "Mendoza", "11/18/1989", "f", "575 E Remington Dr", "Sunnyvale", "CA", "N", "RENTED HOUSE - SINGLE FAMILY", "5+", "0", nil, "0", "(650) 352-3601", "elias.cain@outlook.com", "N", "N", "N", "N", "Y", "N", "NONE", "N", "N", "Keep default.", "16000", "Keep default", "1000", "100000", "N", "750"]
	unable to locate element, using {:id=>"AddRenterBuy:PropertyType", :tag_name=>"select"}
[196] HITTING ... 
	Go to home page
	Reach STEP 1
	Reach STEP 2
	Reach STEP 3
	[196][135.565926171] MISSED: ["Renters", "95035", "James", "Leon", "11/18/1989", "f", "755 E Capitol Ave", "Milpitas", "CA", "N", "RENTED HOUSE - SINGLE FAMILY", "5+", "0", nil, "0", "(925) 228-0760", "savannah.silva@aol.com", "N", "N", "N", "N", "Y", "N", "NONE", "N", "N", "Keep default.", "16000", "Keep default", "1000", "100000", "N", "1000"]
	element not visible
  (Session info: chrome=45.0.2454.99)
  (Driver info: chromedriver=2.18.343837 (52eb4041461e46a6b73308ebb19e85787ced4281),platform=Linux 3.13.0-48-generic x86_64)
[197] HITTING ... 
	change invalid email[lilly.hayes@aol.com] to default one
	Go to home page
	Reach STEP 1
	Fail to find 'Start my Quote' button on step 2 of quote page
	Reach STEP 2
	[197][93.353326782] MISSED: ["Renters", "95112", "Oliver", "Hogan", "03/03/1988", "f", "101 E San Fernando St 100", "San Jose", "CA", "N", "RENTED HOUSE - SINGLE FAMILY", "5+", "0", nil, "0", "(415) 885-3333", "lilly.hayes@aol.com", "N", "N", "N", "N", "Y", "N", "NONE", "N", "N", "Keep default.", "16000", "Keep default", "1000", "100000", "N", "1500"]
	unable to locate element, using {:id=>"AddRenterBuy:PropertyType", :tag_name=>"select"}
[198] HITTING ... 
	Go to home page
	Reach STEP 1
	Reach STEP 2
	Reach STEP 3
	Recalculated Price
	[164.875357474][$16.75]DONE
[199] HITTING ... 
	change invalid email[lilly.hayes@aol.com] to default one
	Go to home page
	Reach STEP 1
	Reach STEP 2
	Reach STEP 3
	Recalculated Price
	[155.337210357][$10.83]DONE
[200] HITTING ... 
	Go to home page
	Reach STEP 1
	Fail to find 'Start my Quote' button on step 2 of quote page
	Reach STEP 2
	[200][83.376635993] MISSED: ["Renters", "94086", "Grace", "Sparks", "12/1/1988", "f", "180 Pasito Terrace", "Sunnyvale", "CA", "N", "RENTED HOUSE - SINGLE FAMILY", "5+", "0", nil, "0", "(408) 378-7188", "scarlett.richard@gmail.com", "N", "N", "N", "N", "Y", "N", "NONE", "N", "N", "Keep default.", "16000", "Keep default", "1000", "300000", "N", "100"]
	unable to locate element, using {:id=>"AddRenterBuy:PropertyType", :tag_name=>"select"}
[201] HITTING ... 
	Go to home page
	Reach STEP 1
	Reach STEP 2
	Reach STEP 3
	Recalculated Price
	[132.426915907][$17.31]DONE
[202] HITTING ... 
	Go to home page
	Reach STEP 1
	Reach STEP 2
	Reach STEP 3
	Recalculated Price
	[173.028886684][$18.33]DONE
[203] HITTING ... 
	change invalid email[lilly.hayes@aol.com] to default one
	Go to home page
	Reach STEP 1
	Reach STEP 2
	Reach STEP 3
	Recalculated Price
	[183.327006234][$13.76]DONE
[204] HITTING ... 
	change invalid email[adrian.gilbert@outlook.com] to default one
	Go to home page
	Reach STEP 1
	Reach STEP 2
	Reach STEP 3
	Recalculated Price
	[183.32672969][$13.00]DONE
[205] HITTING ... 
	Go to home page
	Reach STEP 1
	Reach STEP 2
	Reach STEP 3
	Recalculated Price
	[173.72700503][$12.36]DONE
[206] HITTING ... 
	change invalid email[lilly.hayes@aol.com] to default one
	Go to home page
	Reach STEP 1
	Reach STEP 2
	Reach STEP 3
	Recalculated Price
	[125.765772634][$12.84]DONE
[207] HITTING ... 
	Go to home page
	Reach STEP 1
	Fail to find 'Start my Quote' button on step 2 of quote page
	Reach STEP 2
	[207][78.285705887] MISSED: ["Renters", "95050", "Kira", "Warren", "04/05/1990", "m", "1599 Warburton Ave", "Santa Clara", "CA", "N", "RENTED HOUSE - SINGLE FAMILY", "5+", "0", nil, "0", "(408) 971-9397", "william.palmer@gmail.com", "N", "N", "N", "N", "Y", "N", "NONE", "N", "N", "Keep default.", "16000", "Keep default", "1000", "300000", "N", "2500"]
	unable to locate element, using {:id=>"AddRenterBuy:PropertyType", :tag_name=>"select"}
[208] HITTING ... 
	change invalid email[adrian.gilbert@outlook.com] to default one
	Go to home page
	Reach STEP 1
	Reach STEP 2
	Reach STEP 3
	Recalculated Price
	[148.713209002][$10.83]DONE
[209] HITTING ... 
	Go to home page
	Reach STEP 1
	Reach STEP 2
	Reach STEP 3
	Recalculated Price
	[160.324700268][$19.61]DONE
[210] HITTING ... 
	Go to home page
	Reach STEP 1
	Reach STEP 2
	Reach STEP 3
	Recalculated Price
	[209.613306952][$23.25]DONE
[211] HITTING ... 
	change invalid email[alexandra.guerrero@aol.com] to default one
	Go to home page
	Reach STEP 1
	Reach STEP 2
	Reach STEP 3
	Recalculated Price
	[180.545318677][$29.13]DONE
[212] HITTING ... 
	change invalid email[alexandra.guerrero@aol.com] to default one
	Go to home page
	Reach STEP 1
	Fail to find 'Start my Quote' button on step 2 of quote page
	Reach STEP 2
	[212][98.340493917] MISSED: ["Renters", "95126", "Joseph", "Larson", "12/1/1988", "m", "950 Meridian Ave", "San Jose", "CA", "N", "RENTED HOUSE - SINGLE FAMILY", "5+", "0", nil, "0", "(415) 883-9600", "alexandra.guerrero@aol.com", "N", "N", "N", "N", "Y", "N", "NONE", "N", "N", "Keep default.", "16000", "Keep default", "1000", "500000", "N", "500"]
	unable to locate element, using {:id=>"AddRenterBuy:PropertyType", :tag_name=>"select"}
[213] HITTING ... 
	change invalid email[adrian.gilbert@outlook.com] to default one
	Go to home page
	Reach STEP 1
	Reach STEP 2
	Reach STEP 3
	Recalculated Price
	[174.392079295][$14.66]DONE
[214] HITTING ... 
	change invalid email[alexandra.guerrero@aol.com] to default one
	Go to home page
	Reach STEP 1
	Reach STEP 2
	Reach STEP 3
	Recalculated Price
	[227.946287877][$14.03]DONE
[215] HITTING ... 
	Go to home page
	Reach STEP 1
	Reach STEP 2
	Reach STEP 3
	Recalculated Price
	[180.368075688][$15.94]DONE
[216] HITTING ... 
	change invalid email[alexandra.guerrero@aol.com] to default one
	Go to home page
	Reach STEP 1
	Reach STEP 2
	Reach STEP 3
	Recalculated Price
	[189.259828376][$12.13]DONE
[217] HITTING ... 
	change invalid email[adrian.gilbert@outlook.com] to default one
	Go to home page
	Reach STEP 1
	Reach STEP 2
	Reach STEP 3
	Recalculated Price
	[135.00660929][$10.83]DONE
[218] HITTING ... 
	Go to home page
	Reach STEP 1
	Reach STEP 2
	Reach STEP 3
	Recalculated Price
	[128.544728885][$16.11]DONE
[219] HITTING ... 
	Go to home page
	Reach STEP 1
	Reach STEP 2
	Reach STEP 3
	Recalculated Price
	[169.640285649][$15.48]DONE
[220] HITTING ... 
	change invalid email[adrian.gilbert@outlook.com] to default one
	Go to home page
	Reach STEP 1
	Fail to find 'Start my Quote' button on step 2 of quote page
	Reach STEP 2
	[220][94.104150553] MISSED: ["Renters", "95030", "Carter", "Hamilton", "06/06/1986", "f", "347 Massol Ave", "Los Gatos", "CA", "N", "RENTED HOUSE - SINGLE FAMILY", "5+", "0", nil, "0", "(415) 885-0333", "adrian.gilbert@outlook.com", "N", "N", "N", "N", "Y", "N", "NONE", "N", "N", "Keep default.", "16000", "Keep default", "2000", "100000", "N", "250"]
	unable to locate element, using {:id=>"AddRenterBuy:PropertyType", :tag_name=>"select"}
[221] HITTING ... 
	Go to home page
	Reach STEP 1
	Reach STEP 2
	Reach STEP 3
	Recalculated Price
	[198.336775495][$13.45]DONE
[222] HITTING ... 
	Go to home page
	Reach STEP 1
	Fail to find 'Start my Quote' button on step 2 of quote page
	Reach STEP 2
	[222][97.199523307] MISSED: ["Renters", "94040", "Olivia", "Shelton", "03/08/1990", "m", "575 S Rengstorff Ave", "Mountain View", "CA", "N", "RENTED HOUSE - SINGLE FAMILY", "5+", "0", nil, "0", "(408) 512-2708", "savannah.silva@aol.com", "N", "N", "N", "N", "Y", "N", "NONE", "N", "N", "Keep default.", "16000", "Keep default", "2000", "100000", "N", "750"]
	unable to locate element, using {:id=>"AddRenterBuy:PropertyType", :tag_name=>"select"}
[223] HITTING ... 
	Go to home page
	Reach STEP 1
	Reach STEP 2
	Reach STEP 3
	Recalculated Price
	[168.236588361][$10.83]DONE
[224] HITTING ... 
	change invalid email[alexandra.guerrero@aol.com] to default one
	Go to home page
	Reach STEP 1
	Fail to find 'Start my Quote' button on step 2 of quote page
	Reach STEP 2
	[224][93.568864586] MISSED: ["Renters", "95008", "Amelia", "Lopez", "02/04/1989", "m", "2275 S Bascom Ave", "Campbell", "CA", "N", "RENTED HOUSE - SINGLE FAMILY", "5+", "0", nil, "0", "(619) 233-4787", "alexandra.guerrero@aol.com", "N", "N", "N", "N", "Y", "N", "NONE", "N", "N", "Keep default.", "16000", "Keep default", "2000", "100000", "N", "1500"]
	unable to locate element, using {:id=>"AddRenterBuy:PropertyType", :tag_name=>"select"}
[225] HITTING ... 
	Go to home page
	Reach STEP 1
	Reach STEP 2
	Reach STEP 3
	Recalculated Price
	[193.451329955][$10.83]DONE
[226] HITTING ... 
	change invalid email[alexandra.guerrero@aol.com] to default one
	Go to home page
	Reach STEP 1
	Reach STEP 2
	Reach STEP 3
	Recalculated Price
	[178.718950372][$10.83]DONE
[227] HITTING ... 
	Go to home page
	Reach STEP 1
	Reach STEP 2
	Reach STEP 3
	Recalculated Price
	[170.123830878][$18.20]DONE
[228] HITTING ... 
	change invalid email[adrian.gilbert@outlook.com] to default one
	Go to home page
	Reach STEP 1
	Reach STEP 2
	Reach STEP 3
	Recalculated Price
	[157.69831822][$17.56]DONE
[229] HITTING ... 
	Go to home page
	Reach STEP 1
	Fail to find 'Start my Quote' button on step 2 of quote page
	Reach STEP 2
	[229][120.337139166] MISSED: ["Renters", "94085", "Asher", "Ballard", "05/06/1989", "f", "330 N Mathilda Ave", "Sunnyvale", "CA", "N", "RENTED HOUSE - SINGLE FAMILY", "5+", "0", nil, "0", "(619) 561-2320", "ana.webster@gmail.com", "N", "N", "N", "N", "Y", "N", "NONE", "N", "N", "Keep default.", "16000", "Keep default", "2000", "300000", "N", "250"]
	unable to locate element, using {:id=>"AddRenterBuy:PropertyType", :tag_name=>"select"}
[230] HITTING ... 
	change invalid email[ian.schwartz@aol.com] to default one
	Go to home page
	Reach STEP 1
	Reach STEP 2
	Reach STEP 3
	Recalculated Price
	[176.623199362][$17.28]DONE
[231] HITTING ... 
	change invalid email[lilly.hayes@aol.com] to default one
	Go to home page
	Reach STEP 1
	Reach STEP 2
	Reach STEP 3
	Recalculated Price
	[202.868270913][$16.31]DONE
[232] HITTING ... 
	Go to home page
	Reach STEP 1
	Reach STEP 2
	Reach STEP 3
	Recalculated Price
	[164.061555394][$15.49]DONE
[233] HITTING ... 
	change invalid email[alexandra.guerrero@aol.com] to default one
	Go to home page
	Reach STEP 1
	Fail to find 'Start my Quote' button on step 2 of quote page
	Reach STEP 2
	[233][96.790852097] MISSED: ["Renters", "95126", "Lily", "Owens", "11/12/1990", "m", "850 Meridian Way", "San Jose", "CA", "N", "RENTED HOUSE - SINGLE FAMILY", "5+", "0", nil, "0", "(415) 459-2900", "alexandra.guerrero@aol.com", "N", "N", "N", "N", "Y", "N", "NONE", "N", "N", "Keep default.", "16000", "Keep default", "2000", "300000", "N", "1500"]
	unable to locate element, using {:id=>"AddRenterBuy:PropertyType", :tag_name=>"select"}
[234] HITTING ... 
	change invalid email[ian.schwartz@aol.com] to default one
	Go to home page
	Reach STEP 1
	Reach STEP 2
	Reach STEP 3
	Recalculated Price
	[154.13027345][$10.83]DONE
[235] HITTING ... 
	change invalid email[adrian.gilbert@outlook.com] to default one
	Go to home page
	Reach STEP 1
	Reach STEP 2
	Reach STEP 3
	Recalculated Price
	[131.887803358][$10.83]DONE
[236] HITTING ... 
	Go to home page
	Reach STEP 1
	Reach STEP 2
	Reach STEP 3
	Recalculated Price
	[145.42859847][$19.86]DONE
[237] HITTING ... 
	Go to home page
	Reach STEP 1
	Reach STEP 2
	Reach STEP 3
	Recalculated Price
	[175.331519361][$19.23]DONE
[238] HITTING ... 
	change invalid email[alexandra.guerrero@aol.com] to default one
	Go to home page
	Reach STEP 1
	Reach STEP 2
	Reach STEP 3
	Recalculated Price
	[167.906350655][$16.69]DONE
[239] HITTING ... 
	Go to home page
	Reach STEP 1
	Reach STEP 2
	Reach STEP 3
	Recalculated Price
	[172.1950463][$15.68]DONE
[240] HITTING ... 
	Go to home page
	Reach STEP 1
	Reach STEP 2
	Reach STEP 3
	Recalculated Price
	[169.296333227][$14.91]DONE
[241] HITTING ... 
	change invalid email[lilly.hayes@aol.com] to default one
	Go to home page
	Reach STEP 1
	Reach STEP 2
	Reach STEP 3
	Recalculated Price
	[143.056710216][$14.28]DONE
[242] HITTING ... 
	Go to home page
	[242][78.450010383] MISSED: ["Renters", "95054", "Quinn", "Copeland", "11/12/1990", "f", "730 Agnew Rd", "Santa Clara", "CA", "N", "RENTED HOUSE - SINGLE FAMILY", "5+", "0", nil, "0", "(415) 453-6204", "eden.chen@outlook.com", "N", "N", "N", "N", "Y", "N", "NONE", "N", "N", "Keep default.", "16000", "Keep default", "2000", "500000", "N", "1500"]
	Timeout::Error
	Fail to save screenshotTimeout::Error
