[1] HITTING ... 
	Go to home page
	Reach STEP 1
	Reach STEP 2
	Reach STEP 3
	Recalculated Price
	[51.624910505][$18.67]DONE
[2] HITTING ... 
	Go to home page
	Reach STEP 1
	Reach STEP 2
	Reach STEP 3
	Recalculated Price
	[44.755357195][$32.81]DONE
[3] HITTING ... 
	Go to home page
	Reach STEP 1
	Reach STEP 2
	Reach STEP 3
	Recalculated Price
	[41.83274397][$13.69]DONE
[4] HITTING ... 
	Go to home page
	Reach STEP 1
	Reach STEP 2
	Reach STEP 3
	Recalculated Price
	[64.872444794][$64.22]DONE
[5] HITTING ... 
	Go to home page
	Reach STEP 1
	Reach STEP 2
	Reach STEP 3
	Recalculated Price
	[44.383776749][$31.95]DONE
[6] HITTING ... 
	Go to home page
	Reach STEP 1
	Reach STEP 2
	Fail to find 'Continue' button on step 3 of quote page
	email[alexandra.guerrero@aol.com] is invalid, use default email
	Reach STEP 3
	Recalculated Price
	[74.63932363][$33.85]DONE
[7] HITTING ... 
	Go to home page
	Reach STEP 1
	Reach STEP 2
	Reach STEP 3
	Recalculated Price
	[42.542768584][$31.31]DONE
[8] HITTING ... 
	Go to home page
	Reach STEP 1
	Reach STEP 2
	Reach STEP 3
	Recalculated Price
	[45.232140599][$23.49]DONE
[9] HITTING ... 
	Go to home page
	Reach STEP 1
	Reach STEP 2
	Fail to find 'Continue' button on step 3 of quote page
	email[adrian.gilbert@outlook.com] is invalid, use default email
	Reach STEP 3
	Recalculated Price
	[72.200262598][$27.81]DONE
[10] HITTING ... 
	Go to home page
	Reach STEP 1
	Reach STEP 2
	Reach STEP 3
	Recalculated Price
	[68.992421308][$39.37]DONE
[11] HITTING ... 
	Go to home page
	Reach STEP 1
	Reach STEP 2
	Reach STEP 3
	Recalculated Price
	[47.679680411][$18.51]DONE
[12] HITTING ... 
	Go to home page
	Reach STEP 1
	Reach STEP 2
	Reach STEP 3
	Recalculated Price
	[46.697623588][$15.78]DONE
[13] HITTING ... 
	change invalid email[alexandra.guerrero@aol.com] to default one
	Go to home page
	Reach STEP 1
	Reach STEP 2
	Reach STEP 3
	Recalculated Price
	[49.1873964][$34.87]DONE
[14] HITTING ... 
	Go to home page
	Reach STEP 1
	Reach STEP 2
	Fail to find 'Continue' button on step 3 of quote page
	email[ian.schwartz@aol.com] is invalid, use default email
	Reach STEP 3
	Recalculated Price
	[77.675773322][$41.87]DONE
[15] HITTING ... 
	Go to home page
	Reach STEP 1
	Reach STEP 2
	Reach STEP 3
	Recalculated Price
	[44.715509365][$53.46]DONE
[16] HITTING ... 
	change invalid email[alexandra.guerrero@aol.com] to default one
	Go to home page
	Reach STEP 1
	Reach STEP 2
	Reach STEP 3
	Recalculated Price
	[43.686060839][$26.65]DONE
[17] HITTING ... 
	change invalid email[ian.schwartz@aol.com] to default one
	Go to home page
	Reach STEP 1
	Reach STEP 2
	Reach STEP 3
	Recalculated Price
	[54.902891916][$46.50]DONE
[18] HITTING ... 
	Go to home page
	Reach STEP 1
	Reach STEP 2
	Reach STEP 3
	Recalculated Price
	[46.884646717][$29.48]DONE
[19] HITTING ... 
	Go to home page
	Reach STEP 1
	Reach STEP 2
	Reach STEP 3
	Recalculated Price
	[55.702706697][$22.42]DONE
[20] HITTING ... 
	Go to home page
	Reach STEP 1
	Reach STEP 2
	Reach STEP 3
	Recalculated Price
	[45.804047125][$20.18]DONE
[21] HITTING ... 
	Go to home page
	Reach STEP 1
	Reach STEP 2
	Reach STEP 3
	Recalculated Price
	[49.140744046][$21.22]DONE
[22] HITTING ... 
	Go to home page
	Reach STEP 1
	Reach STEP 2
	Fail to find 'Continue' button on step 3 of quote page
	email[lilly.hayes@aol.com] is invalid, use default email
	Reach STEP 3
	Recalculated Price
	[77.982951516][$39.95]DONE
[23] HITTING ... 
	Go to home page
	Reach STEP 1
	Reach STEP 2
	Reach STEP 3
	Recalculated Price
	[50.548024246][$30.12]DONE
[24] HITTING ... 
	change invalid email[alexandra.guerrero@aol.com] to default one
	Go to home page
	Reach STEP 1
	Reach STEP 2
	Reach STEP 3
	Recalculated Price
	[46.834074164][$25.14]DONE
[25] HITTING ... 
	change invalid email[ian.schwartz@aol.com] to default one
	Go to home page
	Reach STEP 1
	Reach STEP 2
	Reach STEP 3
	Recalculated Price
	[46.626376789][$29.47]DONE
[26] HITTING ... 
	Go to home page
	Reach STEP 1
	Reach STEP 2
	Reach STEP 3
	Recalculated Price
	[50.710869707][$21.66]DONE
[27] HITTING ... 
	change invalid email[adrian.gilbert@outlook.com] to default one
	Go to home page
	Reach STEP 1
	Reach STEP 2
	Reach STEP 3
	Recalculated Price
	[50.619174336][$25.98]DONE
[28] HITTING ... 
	Go to home page
	Reach STEP 1
	Reach STEP 2
	Reach STEP 3
	Recalculated Price
	[47.293836503][$18.92]DONE
[29] HITTING ... 
	Go to home page
	Reach STEP 1
	Reach STEP 2
	Reach STEP 3
	Recalculated Price
	[45.721021021][$16.68]DONE
[30] HITTING ... 
	Go to home page
	Reach STEP 1
	Reach STEP 2
	Reach STEP 3
	Recalculated Price
	[48.551342207][$13.94]DONE
[31] HITTING ... 
	Go to home page
	Reach STEP 1
	Reach STEP 2
	Reach STEP 3
	Recalculated Price
	[52.351358559][$37.61]DONE
[32] HITTING ... 
	change invalid email[ian.schwartz@aol.com] to default one
	Go to home page
	Reach STEP 1
	Reach STEP 2
	Reach STEP 3
	Recalculated Price
	[47.449492575][$40.45]DONE
[33] HITTING ... 
	change invalid email[adrian.gilbert@outlook.com] to default one
	Go to home page
	Reach STEP 1
	Reach STEP 2
	Reach STEP 3
	Recalculated Price
	[43.880096176][$34.10]DONE
[34] HITTING ... 
	Go to home page
	Reach STEP 1
	Reach STEP 2
	Reach STEP 3
	Recalculated Price
	[48.951876564][$25.24]DONE
[35] HITTING ... 
	change invalid email[alexandra.guerrero@aol.com] to default one
	Go to home page
	Reach STEP 1
	Reach STEP 2
	Reach STEP 3
	Recalculated Price
	[46.072495844][$23.74]DONE
[36] HITTING ... 
	change invalid email[alexandra.guerrero@aol.com] to default one
	Go to home page
	Reach STEP 1
	Reach STEP 2
	Reach STEP 3
	Recalculated Price
	[57.397935614][$22.50]DONE
[37] HITTING ... 
	Go to home page
	Reach STEP 1
	Reach STEP 2
	Reach STEP 3
	Recalculated Price
	[47.288807942][$26.15]DONE
[38] HITTING ... 
	Go to home page
	Reach STEP 1
	Reach STEP 2
	Reach STEP 3
	Recalculated Price
	[55.526408813][$18.76]DONE
[39] HITTING ... 
	Go to home page
	Reach STEP 1
	Reach STEP 2
	Reach STEP 3
	Recalculated Price
	[46.556937071][$16.02]DONE
[40] HITTING ... 
	change invalid email[alexandra.guerrero@aol.com] to default one
	Go to home page
	Reach STEP 1
	Reach STEP 2
	Reach STEP 3
	Fail to find 'Recalculated' button on step 3 of quote page
	Recalculated Price
	[77.260243956][$43.71]DONE
[41] HITTING ... 
	Go to home page
	Reach STEP 1
	Reach STEP 2
	Reach STEP 3
	Recalculated Price
	[49.103854825][$33.87]DONE
[42] HITTING ... 
	Go to home page
	Reach STEP 1
	Reach STEP 2
	Reach STEP 3
	Recalculated Price
	[47.947753625][$28.89]DONE
[43] HITTING ... 
	Go to home page
	Reach STEP 1
	Reach STEP 2
	Reach STEP 3
	Recalculated Price
	[48.135851045][$26.90]DONE
[44] HITTING ... 
	Go to home page
	Reach STEP 1
	Reach STEP 2
	Reach STEP 3
	Recalculated Price
	[46.279075107][$46.75]DONE
[45] HITTING ... 
	Go to home page
	Reach STEP 1
	Reach STEP 2
	Reach STEP 3
	Recalculated Price
	[47.536334647][$24.16]DONE
[46] HITTING ... 
	Go to home page
	Reach STEP 1
	Reach STEP 2
	Reach STEP 3
	Recalculated Price
	[45.989878403][$41.28]DONE
[47] HITTING ... 
	change invalid email[alexandra.guerrero@aol.com] to default one
	Go to home page
	Reach STEP 1
	Reach STEP 2
	Reach STEP 3
	Recalculated Price
	[54.827991143][$20.43]DONE
[48] HITTING ... 
	change invalid email[alexandra.guerrero@aol.com] to default one
	Go to home page
	Reach STEP 1
	Reach STEP 2
	Reach STEP 3
	Recalculated Price
	[52.653309452][$17.69]DONE
[49] HITTING ... 
	change invalid email[alexandra.guerrero@aol.com] to default one
	Go to home page
	Reach STEP 1
	Reach STEP 2
	Reach STEP 3
	Recalculated Price
	[47.221187741][$33.42]DONE
[50] HITTING ... 
	Go to home page
	Reach STEP 1
	Reach STEP 2
	Reach STEP 3
	Recalculated Price
	[49.970107651][$32.09]DONE
[51] HITTING ... 
	change invalid email[alexandra.guerrero@aol.com] to default one
	Go to home page
	Reach STEP 1
	Reach STEP 2
	Reach STEP 3
	Recalculated Price
	[42.613985374][$26.74]DONE
[52] HITTING ... 
	change invalid email[adrian.gilbert@outlook.com] to default one
	Go to home page
	Reach STEP 1
	Reach STEP 2
	Reach STEP 3
	Recalculated Price
	[49.621814309][$24.60]DONE
[53] HITTING ... 
	change invalid email[ian.schwartz@aol.com] to default one
	Go to home page
	Reach STEP 1
	Reach STEP 2
	Reach STEP 3
	Recalculated Price
	[42.279844498][$23.00]DONE
[54] HITTING ... 
	change invalid email[lilly.hayes@aol.com] to default one
	Go to home page
	Reach STEP 1
	Reach STEP 2
	Reach STEP 3
	[54][32.977317112] MISSED: ["Renters", "95020", "Theodore", "Zimmerman", "04/05/1990", "m", "7397 Monterey St", "Gilroy", "CA", "N", "RENTED HOUSE - SINGLE FAMILY", "1", "0", nil, "0", "(415) 255-2288", "lilly.hayes@aol.com", "N", "N", "N", "N", "Y", "N", "NONE", "N", "N", "Keep default.", "70000", "Keep default", "1000", "100000", "N", "1000"]
	element not visible
  (Session info: chrome=45.0.2454.99)
  (Driver info: chromedriver=2.18.343837 (52eb4041461e46a6b73308ebb19e85787ced4281),platform=Linux 3.13.0-48-generic x86_64)
[55] HITTING ... 
	Go to home page
	Reach STEP 1
	Reach STEP 2
	Reach STEP 3
	Recalculated Price
	[52.070728255][$20.06]DONE
[56] HITTING ... 
	Go to home page
	Reach STEP 1
	Reach STEP 2
	Reach STEP 3
	Recalculated Price
	[46.303371716][$22.57]DONE
[57] HITTING ... 
	Go to home page
	Reach STEP 1
	Reach STEP 2
	Reach STEP 3
	Recalculated Price
	[50.673650783][$14.71]DONE
[58] HITTING ... 
	Go to home page
	Reach STEP 1
	Reach STEP 2
	Reach STEP 3
	Recalculated Price
	[69.911986937][$35.51]DONE
[59] HITTING ... 
	Go to home page
	Reach STEP 1
	Reach STEP 2
	Reach STEP 3
	Recalculated Price
	[49.566331863][$34.17]DONE
[60] HITTING ... 
	Go to home page
	Reach STEP 1
	Reach STEP 2
	Reach STEP 3
	Recalculated Price
	[50.277811334][$28.82]DONE
[61] HITTING ... 
	change invalid email[lilly.hayes@aol.com] to default one
	Go to home page
	Reach STEP 1
	Reach STEP 2
	Reach STEP 3
	Recalculated Price
	[47.526827264][$26.68]DONE
[62] HITTING ... 
	Go to home page
	Reach STEP 1
	Reach STEP 2
	Reach STEP 3
	Recalculated Price
	[59.025803405][$31.50]DONE
[63] HITTING ... 
	Go to home page
	Reach STEP 1
	Reach STEP 2
	Reach STEP 3
	Recalculated Price
	[47.472839276][$23.74]DONE
[64] HITTING ... 
	Go to home page
	Reach STEP 1
	Reach STEP 2
	Reach STEP 3
	Recalculated Price
	[57.356582176][$22.14]DONE
[65] HITTING ... 
	change invalid email[adrian.gilbert@outlook.com] to default one
	Go to home page
	Reach STEP 1
	Reach STEP 2
	Reach STEP 3
	Recalculated Price
	[49.072113005][$19.73]DONE
[66] HITTING ... 
	change invalid email[adrian.gilbert@outlook.com] to default one
	Go to home page
	Reach STEP 1
	Reach STEP 2
	Reach STEP 3
	Recalculated Price
	[51.839866194][$16.79]DONE
[67] HITTING ... 
	Go to home page
	Reach STEP 1
	Reach STEP 2
	Reach STEP 3
	Recalculated Price
	[53.64074262][$41.70]DONE
[68] HITTING ... 
	Go to home page
	Reach STEP 1
	Reach STEP 2
	Reach STEP 3
	Recalculated Price
	[53.886730987][$44.79]DONE
[69] HITTING ... 
	change invalid email[adrian.gilbert@outlook.com] to default one
	Go to home page
	Reach STEP 1
	Reach STEP 2
	Reach STEP 3
	Recalculated Price
	[45.077831389][$30.49]DONE
[70] HITTING ... 
	change invalid email[lilly.hayes@aol.com] to default one
	Go to home page
	Reach STEP 1
	Reach STEP 2
	Reach STEP 3
	Recalculated Price
	[47.329944835][$28.35]DONE
[71] HITTING ... 
	change invalid email[lilly.hayes@aol.com] to default one
	Go to home page
	Reach STEP 1
	Reach STEP 2
	Reach STEP 3
	Recalculated Price
	[47.323991264][$26.75]DONE
[72] HITTING ... 
	Go to home page
	Reach STEP 1
	Reach STEP 2
	Reach STEP 3
	Recalculated Price
	[46.627132115][$31.45]DONE
[73] HITTING ... 
	Go to home page
	Reach STEP 1
	Reach STEP 2
	Reach STEP 3
	Recalculated Price
	[46.545535045][$29.40]DONE
[74] HITTING ... 
	Go to home page
	Reach STEP 1
	Reach STEP 2
	Reach STEP 3
	Recalculated Price
	[58.556649382][$39.10]DONE
[75] HITTING ... 
	Go to home page
	Reach STEP 1
	Reach STEP 2
	Reach STEP 3
	Recalculated Price
	[46.761929639][$33.20]DONE
[76] HITTING ... 
	change invalid email[alexandra.guerrero@aol.com] to default one
	Go to home page
	Reach STEP 1
	Reach STEP 2
	Reach STEP 3
	Recalculated Price
	[58.527745263][$43.00]DONE
[77] HITTING ... 
	Go to home page
	Reach STEP 1
	Reach STEP 2
	Reach STEP 3
	Recalculated Price
	[44.237516639][$32.34]DONE
[78] HITTING ... 
	Go to home page
	Reach STEP 1
	Reach STEP 2
	Reach STEP 3
	Recalculated Price
	[44.068196901][$34.45]DONE
[79] HITTING ... 
	Go to home page
	Reach STEP 1
	Reach STEP 2
	Reach STEP 3
	Recalculated Price
	[53.039257285][$24.85]DONE
[80] HITTING ... 
	Go to home page
	Reach STEP 1
	Reach STEP 2
	Reach STEP 3
	Recalculated Price
	[44.505950219][$23.25]DONE
[81] HITTING ... 
	change invalid email[adrian.gilbert@outlook.com] to default one
	Go to home page
	Reach STEP 1
	Reach STEP 2
	Reach STEP 3
	Recalculated Price
	[77.604031015][$21.91]DONE
[82] HITTING ... 
	change invalid email[alexandra.guerrero@aol.com] to default one
	Go to home page
	Reach STEP 1
	Reach STEP 2
	Reach STEP 3
	Recalculated Price
	[50.393581688][$20.31]DONE
[83] HITTING ... 
	Go to home page
	Reach STEP 1
	Reach STEP 2
	Reach STEP 3
	Recalculated Price
	[59.064998445][$17.90]DONE
[84] HITTING ... 
	Go to home page
	Reach STEP 1
	Reach STEP 2
	Reach STEP 3
	Recalculated Price
	[53.824763396][$14.96]DONE
[85] HITTING ... 
	Go to home page
	Reach STEP 1
	Reach STEP 2
	Reach STEP 3
	Recalculated Price
	[55.896673556][$35.76]DONE
[86] HITTING ... 
	Go to home page
	Reach STEP 1
	Reach STEP 2
	Reach STEP 3
	Recalculated Price
	[44.195103016][$34.42]DONE
[87] HITTING ... 
	Go to home page
	Reach STEP 1
	Reach STEP 2
	Reach STEP 3
	Recalculated Price
	[49.683861979][$32.69]DONE
[88] HITTING ... 
	change invalid email[lilly.hayes@aol.com] to default one
	Go to home page
	Reach STEP 1
	Reach STEP 2
	Reach STEP 3
	Recalculated Price
	[43.794698573][$33.80]DONE
[89] HITTING ... 
	Go to home page
	Reach STEP 1
	Reach STEP 2
	Reach STEP 3
	Recalculated Price
	[52.228921396][$25.33]DONE
[90] HITTING ... 
	change invalid email[lilly.hayes@aol.com] to default one
	Go to home page
	Reach STEP 1
	Reach STEP 2
	Reach STEP 3
	Recalculated Price
	[64.171374297][$23.99]DONE
[91] HITTING ... 
	Go to home page
	Reach STEP 1
	Reach STEP 2
	Reach STEP 3
	Recalculated Price
	[49.247911879][$22.39]DONE
[92] HITTING ... 
	change invalid email[adrian.gilbert@outlook.com] to default one
	Go to home page
	Reach STEP 1
	Reach STEP 2
	Reach STEP 3
	Recalculated Price
	[45.691940903][$19.98]DONE
[93] HITTING ... 
	Go to home page
	Reach STEP 1
	Reach STEP 2
	Reach STEP 3
	Recalculated Price
	[46.385473503][$17.04]DONE
[94] HITTING ... 
	Go to home page
	Reach STEP 1
	Reach STEP 2
	Reach STEP 3
	Recalculated Price
	[50.182653386][$37.42]DONE
[95] HITTING ... 
	Go to home page
	Reach STEP 1
	Reach STEP 2
	Reach STEP 3
	Recalculated Price
	[47.668771882][$36.09]DONE
[96] HITTING ... 
	change invalid email[adrian.gilbert@outlook.com] to default one
	Go to home page
	Reach STEP 1
	Reach STEP 2
	Reach STEP 3
	Recalculated Price
	[48.006329496][$30.74]DONE
[97] HITTING ... 
	change invalid email[adrian.gilbert@outlook.com] to default one
	Go to home page
	Reach STEP 1
	Reach STEP 2
	Reach STEP 3
	Recalculated Price
	[53.871656287][$53.27]DONE
[98] HITTING ... 
	Go to home page
	Reach STEP 1
	Reach STEP 2
	Reach STEP 3
	Recalculated Price
	[46.048443513][$33.41]DONE
[99] HITTING ... 
	change invalid email[lilly.hayes@aol.com] to default one
	Go to home page
	Reach STEP 1
	Reach STEP 2
	Reach STEP 3
	Recalculated Price
	[43.187847563][$25.66]DONE
[100] HITTING ... 
	change invalid email[alexandra.guerrero@aol.com] to default one
	Go to home page
	Reach STEP 1
	Reach STEP 2
	Reach STEP 3
	Recalculated Price
	[51.527292797][$29.65]DONE
[101] HITTING ... 
	Go to home page
	Reach STEP 1
	Reach STEP 2
	Reach STEP 3
	Recalculated Price
	[46.770643654][$21.65]DONE
[102] HITTING ... 
	Go to home page
	Reach STEP 1
	Reach STEP 2
	Reach STEP 3
	Recalculated Price
	[66.637091667][$18.71]DONE
[103] HITTING ... 
	change invalid email[ian.schwartz@aol.com] to default one
	Go to home page
	Reach STEP 1
	Reach STEP 2
	Reach STEP 3
	Recalculated Price
	[53.353931259][$35.73]DONE
[104] HITTING ... 
	Go to home page
	Reach STEP 1
	Reach STEP 2
	Reach STEP 3
	Recalculated Price
	[45.389705264][$34.30]DONE
[105] HITTING ... 
	Go to home page
	Reach STEP 1
	Reach STEP 2
	Reach STEP 3
	Recalculated Price
	[46.556808481][$57.03]DONE
[106] HITTING ... 
	Go to home page
	Reach STEP 1
	Reach STEP 2
	Reach STEP 3
	Recalculated Price
	[47.750667528][$26.30]DONE
[107] HITTING ... 
	change invalid email[ian.schwartz@aol.com] to default one
	Go to home page
	Reach STEP 1
	Reach STEP 2
	Reach STEP 3
	Recalculated Price
	[56.274462504][$24.58]DONE
[108] HITTING ... 
	change invalid email[alexandra.guerrero@aol.com] to default one
	Go to home page
	Reach STEP 1
	Reach STEP 2
	Reach STEP 3
	[108][37.729418073] MISSED: ["Renters", "95014", "Felicity", "Byrd", "11/12/1990", "m", "5608 Stevens Creek Blvd", "Cupertino", "CA", "N", "RENTED HOUSE - SINGLE FAMILY", "1", "0", nil, "0", "(650) 265-2120", "alexandra.guerrero@aol.com", "N", "N", "N", "N", "Y", "N", "NONE", "N", "N", "Keep default.", "80000", "Keep default", "1000", "100000", "N", "1000"]
	element not visible
  (Session info: chrome=45.0.2454.99)
  (Driver info: chromedriver=2.18.343837 (52eb4041461e46a6b73308ebb19e85787ced4281),platform=Linux 3.13.0-48-generic x86_64)
[109] HITTING ... 
	Go to home page
	Reach STEP 1
	Reach STEP 2
	Reach STEP 3
	Recalculated Price
	[49.388576273][$27.37]DONE
[110] HITTING ... 
	Go to home page
	Reach STEP 1
	Reach STEP 2
	Reach STEP 3
	Recalculated Price
	[41.791839833][$24.08]DONE
[111] HITTING ... 
	Go to home page
	Reach STEP 1
	Reach STEP 2
	Reach STEP 3
	Recalculated Price
	[43.887628327][$31.36]DONE
[112] HITTING ... 
	Go to home page
	Reach STEP 1
	Reach STEP 2
	Reach STEP 3
	Recalculated Price
	[67.880003929][$37.82]DONE
[113] HITTING ... 
	change invalid email[lilly.hayes@aol.com] to default one
	Go to home page
	Reach STEP 1
	Reach STEP 2
	Reach STEP 3
	Recalculated Price
	[48.547202866][$36.39]DONE
[114] HITTING ... 
	Go to home page
	Reach STEP 1
	Reach STEP 2
	Reach STEP 3
	Recalculated Price
	[72.593975756][$30.67]DONE
[115] HITTING ... 
	change invalid email[ian.schwartz@aol.com] to default one
	Go to home page
	Reach STEP 1
	Reach STEP 2
	Reach STEP 3
	Recalculated Price
	[46.673700132][$28.38]DONE
[116] HITTING ... 
	change invalid email[alexandra.guerrero@aol.com] to default one
	Go to home page
	Reach STEP 1
	Reach STEP 2
	Reach STEP 3
	Recalculated Price
	[53.998024218][$26.67]DONE
[117] HITTING ... 
	Go to home page
	Reach STEP 1
	Reach STEP 2
	Reach STEP 3
	Recalculated Price
	[46.82339885][$31.64]DONE
[118] HITTING ... 
	Go to home page
	Reach STEP 1
	Reach STEP 2
	Reach STEP 3
	Recalculated Price
	[47.276972117][$23.52]DONE
[119] HITTING ... 
	Go to home page
	Reach STEP 1
	Reach STEP 2
	Reach STEP 3
	Recalculated Price
	[47.328508131][$23.39]DONE
[120] HITTING ... 
	Go to home page
	Reach STEP 1
	Reach STEP 2
	Reach STEP 3
	Recalculated Price
	[43.18334748][$22.15]DONE
[121] HITTING ... 
	change invalid email[alexandra.guerrero@aol.com] to default one
	Go to home page
	Reach STEP 1
	Reach STEP 2
	Reach STEP 3
	Recalculated Price
	[51.815226133][$39.48]DONE
[122] HITTING ... 
	change invalid email[alexandra.guerrero@aol.com] to default one
	Go to home page
	Reach STEP 1
	Reach STEP 2
	Reach STEP 3
	Recalculated Price
	[46.331327415][$38.05]DONE
[123] HITTING ... 
	Go to home page
	Reach STEP 1
	Reach STEP 2
	Reach STEP 3
	Recalculated Price
	[49.205564969][$40.24]DONE
[124] HITTING ... 
	change invalid email[lilly.hayes@aol.com] to default one
	Go to home page
	Reach STEP 1
	Reach STEP 2
	Reach STEP 3
	Recalculated Price
	[49.08187882][$30.05]DONE
[125] HITTING ... 
	Go to home page
	Reach STEP 1
	Reach STEP 2
	Reach STEP 3
	Recalculated Price
	[48.857019661][$28.33]DONE
[126] HITTING ... 
	change invalid email[lilly.hayes@aol.com] to default one
	Go to home page
	Reach STEP 1
	Reach STEP 2
	Reach STEP 3
	Recalculated Price
	[54.206736406][$26.90]DONE
[127] HITTING ... 
	Go to home page
	Reach STEP 1
	Reach STEP 2
	Reach STEP 3
	Recalculated Price
	[50.276856597][$31.12]DONE
[128] HITTING ... 
	Go to home page
	Reach STEP 1
	Reach STEP 2
	Reach STEP 3
	Recalculated Price
	[48.986629276][$25.05]DONE
[129] HITTING ... 
	Go to home page
	Reach STEP 1
	Reach STEP 2
	Reach STEP 3
	Recalculated Price
	[47.699727084][$21.50]DONE
[130] HITTING ... 
	change invalid email[lilly.hayes@aol.com] to default one
	Go to home page
	Reach STEP 1
	Reach STEP 2
	Reach STEP 3
	Recalculated Price
	[45.101221483][$35.98]DONE
[131] HITTING ... 
	Go to home page
	Reach STEP 1
	Reach STEP 2
	Reach STEP 3
	Recalculated Price
	[48.903920787][$34.55]DONE
[132] HITTING ... 
	Go to home page
	Reach STEP 1
	Reach STEP 2
	Reach STEP 3
	Recalculated Price
	[47.523424929][$28.84]DONE
[133] HITTING ... 
	change invalid email[ian.schwartz@aol.com] to default one
	Go to home page
	Reach STEP 1
	Reach STEP 2
	Reach STEP 3
	Fail to find 'Recalculated' button on step 3 of quote page
	Recalculated Price
	[71.675204575][$26.55]DONE
[134] HITTING ... 
	change invalid email[lilly.hayes@aol.com] to default one
	Go to home page
	Reach STEP 1
	Reach STEP 2
	Reach STEP 3
	Recalculated Price
	[46.17063796][$24.83]DONE
[135] HITTING ... 
	change invalid email[alexandra.guerrero@aol.com] to default one
	Go to home page
	Reach STEP 1
	Reach STEP 2
	Reach STEP 3
	Recalculated Price
	[65.634491623][$23.40]DONE
[136] HITTING ... 
	Go to home page
	Reach STEP 1
	Reach STEP 2
	Reach STEP 3
	Recalculated Price
	[48.026475532][$21.69]DONE
[137] HITTING ... 
	Go to home page
	Reach STEP 1
	Reach STEP 2
	Reach STEP 3
	Recalculated Price
	[45.42561634][$19.12]DONE
[138] HITTING ... 
	change invalid email[ian.schwartz@aol.com] to default one
	Go to home page
	Reach STEP 1
	Reach STEP 2
	Reach STEP 3
	Recalculated Price
	[45.681564723][$15.97]DONE
[139] HITTING ... 
	change invalid email[adrian.gilbert@outlook.com] to default one
	Go to home page
	Reach STEP 1
	Reach STEP 2
	Reach STEP 3
	Recalculated Price
	[45.245272177][$38.07]DONE
[140] HITTING ... 
	Go to home page
	Reach STEP 1
	Reach STEP 2
	Reach STEP 3
	Recalculated Price
	[83.040572608][$36.64]DONE
[141] HITTING ... 
	Go to home page
	Reach STEP 1
	Reach STEP 2
	Reach STEP 3
	Recalculated Price
	[42.522652218][$38.82]DONE
[142] HITTING ... 
	change invalid email[alexandra.guerrero@aol.com] to default one
	Go to home page
	Reach STEP 1
	Reach STEP 2
	Reach STEP 3
	Recalculated Price
	[53.191800559][$28.63]DONE
[143] HITTING ... 
	Go to home page
	Reach STEP 1
	Reach STEP 2
	Reach STEP 3
	Recalculated Price
	[52.248158606][$26.92]DONE
[144] HITTING ... 
	Go to home page
	Reach STEP 1
	Reach STEP 2
	Reach STEP 3
	Recalculated Price
	[64.179871096][$25.49]DONE
[145] HITTING ... 
	change invalid email[lilly.hayes@aol.com] to default one
	Go to home page
	Reach STEP 1
	Reach STEP 2
	Reach STEP 3
	Recalculated Price
	[58.761229888][$45.10]DONE
[146] HITTING ... 
	Go to home page
	Reach STEP 1
	Reach STEP 2
	Reach STEP 3
	Recalculated Price
	[52.48600086][$21.20]DONE
[147] HITTING ... 
	Go to home page
	Reach STEP 1
	Reach STEP 2
	Reach STEP 3
	Recalculated Price
	[52.327316748][$18.06]DONE
[148] HITTING ... 
	Go to home page
	Reach STEP 1
	Reach STEP 2
	Reach STEP 3
	Recalculated Price
	[51.228039233][$39.73]DONE
[149] HITTING ... 
	change invalid email[ian.schwartz@aol.com] to default one
	Go to home page
	Reach STEP 1
	Fail to find 'Start my Quote' button on step 2 of quote page
	Reach STEP 2
	[149][44.404337039] MISSED: ["Renters", "94086", "Kira", "Matthews", "03/03/1988", "f", "825 E Evelyn Ave", "Sunnyvale", "CA", "N", "RENTED HOUSE - SINGLE FAMILY", "1", "0", nil, "0", "(408) 295-1360", "ian.schwartz@aol.com", "N", "N", "N", "N", "Y", "N", "NONE", "N", "N", "Keep default.", "80000", "Keep default", "2000", "500000", "N", "100 / 250"]
	unable to locate element, using {:id=>"AddRenterBuy:PropertyType", :tag_name=>"select"}
[150] HITTING ... 
	Go to home page
	Reach STEP 1
	Reach STEP 2
	Reach STEP 3
	Recalculated Price
	[54.948977305][$40.49]DONE
[151] HITTING ... 
	change invalid email[alexandra.guerrero@aol.com] to default one
	Go to home page
	Reach STEP 1
	Fail to find 'Start my Quote' button on step 2 of quote page
	Reach STEP 2
	[151][46.274364801] MISSED: ["Renters", "95112", "Addyson", "Sharp", "06/06/1986", "m", "760 N 7th St", "San Jose", "CA", "N", "RENTED HOUSE - SINGLE FAMILY", "1", "0", nil, "0", "(408) 445-5211", "alexandra.guerrero@aol.com", "N", "N", "N", "N", "Y", "N", "NONE", "N", "N", "Keep default.", "80000", "Keep default", "2000", "500000", "N", "500"]
	unable to locate element, using {:id=>"AddRenterBuy:PropertyType", :tag_name=>"select"}
[152] HITTING ... 
	Go to home page
	Reach STEP 1
	Reach STEP 2
	Reach STEP 3
	Recalculated Price
	[56.70314921][$28.58]DONE
[153] HITTING ... 
	Go to home page
	Reach STEP 1
	Reach STEP 2
	Reach STEP 3
	Recalculated Price
	[66.599488297][$27.15]DONE
[154] HITTING ... 
	Go to home page
	Reach STEP 1
	Fail to find 'Start my Quote' button on step 2 of quote page
	Reach STEP 2
	[154][45.021770557] MISSED: ["Renters", "94086", "Amelia", "Holloway", "11/18/1989", "m", "201 W California Ave", "Sunnyvale", "CA", "N", "RENTED HOUSE - SINGLE FAMILY", "1", "0", nil, "0", "(415) 673-7545", "william.palmer@gmail.com", "N", "N", "N", "N", "Y", "N", "NONE", "N", "N", "Keep default.", "80000", "Keep default", "2000", "500000", "N", "1500"]
	unable to locate element, using {:id=>"AddRenterBuy:PropertyType", :tag_name=>"select"}
[155] HITTING ... 
	Go to home page
	Reach STEP 1
	Fail to find 'Start my Quote' button on step 2 of quote page
	Reach STEP 2
	[155][51.731433209] MISSED: ["Renters", "94086", "Gabriella", "Huff", "02/04/1989", "m", "825 E Evelyn Ave", "Sunnyvale", "CA", "N", "RENTED HOUSE - SINGLE FAMILY", "1", "0", nil, "0", "(619) 561-2320", "ana.webster@gmail.com", "N", "N", "N", "N", "Y", "N", "NONE", "N", "N", "Keep default.", "80000", "Keep default", "2000", "500000", "N", "2500"]
	unable to locate element, using {:id=>"AddRenterBuy:PropertyType", :tag_name=>"select"}
[156] HITTING ... 
	Go to home page
	Reach STEP 1
	Reach STEP 2
	Reach STEP 3
	Recalculated Price
	[67.546846277][$24.07]DONE
[157] HITTING ... 
	change invalid email[adrian.gilbert@outlook.com] to default one
	Go to home page
	Reach STEP 1
	Fail to find 'Start my Quote' button on step 2 of quote page
	Reach STEP 2
	[157][54.244425847] MISSED: ["Renters", "95125", "Madelyn", "Alexander", "07/31/1988", "m", "2118 Canoas Garden Ave", "San Jose", "CA", "N", "RENTED HOUSE - SINGLE FAMILY", "1", "0", nil, "0", "(707) 544-1400", "adrian.gilbert@outlook.com", "N", "N", "N", "N", "Y", "N", "NONE", "N", "N", "Keep default.", "90000", "Keep default", "1000", "100000", "N", "100"]
	unable to locate element, using {:id=>"AddRenterBuy:PropertyType", :tag_name=>"select"}
[158] HITTING ... 
	Go to home page
	Reach STEP 1
	Reach STEP 2
	Reach STEP 3
	Recalculated Price
	[72.502163737][$36.25]DONE
[159] HITTING ... 
	Go to home page
	Reach STEP 1
	Fail to find 'Start my Quote' button on step 2 of quote page
	Reach STEP 2
	[159][61.324919692] MISSED: ["Renters", "95126", "Clare", "Snyder", "06/06/1986", "f", "754 The Alameda", "San Jose", "CA", "N", "RENTED HOUSE - SINGLE FAMILY", "1", "0", nil, "0", "(650) 440-7285", "elias.cain@outlook.com", "N", "N", "N", "N", "Y", "N", "NONE", "N", "N", "Keep default.", "90000", "Keep default", "1000", "100000", "N", "250"]
	unable to locate element, using {:id=>"AddRenterBuy:PropertyType", :tag_name=>"select"}
[160] HITTING ... 
	change invalid email[lilly.hayes@aol.com] to default one
	Go to home page
	Reach STEP 1
	Reach STEP 2
	Reach STEP 3
	Recalculated Price
	[102.166849455][$27.80]DONE
[161] HITTING ... 
	Go to home page
	Reach STEP 1
	Fail to find 'Start my Quote' button on step 2 of quote page
	Reach STEP 2
	[161][67.028813581] MISSED: ["Renters", "94086", "Grayson", "Buchanan", "04/05/1990", "f", "555 E Washington Ave", "Sunnyvale", "CA", "N", "RENTED HOUSE - SINGLE FAMILY", "1", "0", nil, "0", "(415) 749-0101", "scarlett.richard@gmail.com", "N", "N", "N", "N", "Y", "N", "NONE", "N", "N", "Keep default.", "90000", "Keep default", "1000", "100000", "N", "750"]
	unable to locate element, using {:id=>"AddRenterBuy:PropertyType", :tag_name=>"select"}
[162] HITTING ... 
	Go to home page
	Reach STEP 1
	Reach STEP 2
	Reach STEP 3
	[162][109.88628816] MISSED: ["Renters", "95037", "Lukas", "Randall", "03/08/1990", "m", "16945 Del Monte Ave", "Morgan Hill", "CA", "N", "RENTED HOUSE - SINGLE FAMILY", "1", "0", nil, "0", "(619) 293-3888", "elias.cain@outlook.com", "N", "N", "N", "N", "Y", "N", "NONE", "N", "N", "Keep default.", "90000", "Keep default", "1000", "100000", "N", "1000"]
	element not visible
  (Session info: chrome=45.0.2454.99)
  (Driver info: chromedriver=2.18.343837 (52eb4041461e46a6b73308ebb19e85787ced4281),platform=Linux 3.13.0-48-generic x86_64)
[163] HITTING ... 
	Go to home page
	Reach STEP 1
	Reach STEP 2
	Reach STEP 3
	Recalculated Price
	[199.780101219][$25.70]DONE
[164] HITTING ... 
	Go to home page
	Reach STEP 1
	Reach STEP 2
	Reach STEP 3
	Recalculated Price
	[193.896322823][$19.94]DONE
[165] HITTING ... 
	Go to home page
	Reach STEP 1
	Reach STEP 2
	Reach STEP 3
	Recalculated Price
	[151.053449429][$16.62]DONE
[166] HITTING ... 
	change invalid email[lilly.hayes@aol.com] to default one
	Go to home page
	Reach STEP 1
	Fail to find 'Start my Quote' button on step 2 of quote page
	Reach STEP 2
	[166][70.152764114] MISSED: ["Renters", "95050", "Michael", "Lucas", "02/04/1989", "f", "1599 Warburton Ave", "Santa Clara", "CA", "N", "RENTED HOUSE - SINGLE FAMILY", "1", "0", nil, "0", "(619) 463-5393", "lilly.hayes@aol.com", "N", "N", "N", "N", "Y", "N", "NONE", "N", "N", "Keep default.", "90000", "Keep default", "1000", "300000", "N", "100"]
	unable to locate element, using {:id=>"AddRenterBuy:PropertyType", :tag_name=>"select"}
[167] HITTING ... 
	Go to home page
	Reach STEP 1
	Fail to find 'Start my Quote' button on step 2 of quote page
	Reach STEP 2
	[167][69.912445108] MISSED: ["Renters", "95037", "Isla", "Parks", "11/12/1990", "m", "16945 Del Monte Ave", "Morgan Hill", "CA", "N", "RENTED HOUSE - SINGLE FAMILY", "1", "0", nil, "0", "(619) 443-6702", "scarlett.richard@gmail.com", "N", "N", "N", "N", "Y", "N", "NONE", "N", "N", "Keep default.", "90000", "Keep default", "1000", "300000", "N", "100 / 250"]
	unable to locate element, using {:id=>"AddRenterBuy:PropertyType", :tag_name=>"select"}
[168] HITTING ... 
	Go to home page
	Reach STEP 1
	Reach STEP 2
	Reach STEP 3
	Recalculated Price
	[106.622848674][$32.30]DONE
[169] HITTING ... 
	Go to home page
	Reach STEP 1
	Reach STEP 2
	Reach STEP 3
	Recalculated Price
	[145.803774602][$29.88]DONE
[170] HITTING ... 
	Go to home page
	Reach STEP 1
	Fail to find 'Start my Quote' button on step 2 of quote page
	Reach STEP 2
	[170][81.290251789] MISSED: ["Renters", "95035", "Sebastien", "Butler", "06/06/1986", "m", "755 E Capitol Ave", "Milpitas", "CA", "N", "RENTED HOUSE - SINGLE FAMILY", "1", "0", nil, "0", "(415) 928-4631", "eden.chen@outlook.com", "N", "N", "N", "N", "Y", "N", "NONE", "N", "N", "Keep default.", "90000", "Keep default", "1000", "300000", "N", "750"]
	unable to locate element, using {:id=>"AddRenterBuy:PropertyType", :tag_name=>"select"}
[171] HITTING ... 
	Go to home page
	Reach STEP 1
	Reach STEP 2
	Reach STEP 3
	Recalculated Price
	[198.353855215][$26.56]DONE
[172] HITTING ... 
	Go to home page
	Reach STEP 1
	Fail to find 'Start my Quote' button on step 2 of quote page
	Reach STEP 2
	[172][97.127248683] MISSED: ["Renters", "94087", "Hudson", "Conley", "11/18/1989", "f", "1032 W Remington Dr", "Sunnyvale", "CA", "N", "RENTED HOUSE - SINGLE FAMILY", "1", "0", nil, "0", "(408) 247-1900", "ana.webster@gmail.com", "N", "N", "N", "N", "Y", "N", "NONE", "N", "N", "Keep default.", "90000", "Keep default", "1000", "300000", "N", "1500"]
	unable to locate element, using {:id=>"AddRenterBuy:PropertyType", :tag_name=>"select"}
[173] HITTING ... 
	Go to home page
	Reach STEP 1
	Fail to find 'Start my Quote' button on step 2 of quote page
	Reach STEP 2
	[173][93.319518012] MISSED: ["Renters", "94043", "Elliot", "Chen", "11/18/1989", "f", "555 W Middlefield Rd", "Mountain View", "CA", "N", "RENTED HOUSE - SINGLE FAMILY", "1", "0", nil, "0", "(650) 349-3200", "william.palmer@gmail.com", "N", "N", "N", "N", "Y", "N", "NONE", "N", "N", "Keep default.", "90000", "Keep default", "1000", "300000", "N", "2500"]
	unable to locate element, using {:id=>"AddRenterBuy:PropertyType", :tag_name=>"select"}
[174] HITTING ... 
	change invalid email[ian.schwartz@aol.com] to default one
	Go to home page
	Reach STEP 1
	Reach STEP 2
	Reach STEP 3
	Recalculated Price
	[159.549882706][$18.70]DONE
[175] HITTING ... 
	change invalid email[lilly.hayes@aol.com] to default one
	Go to home page
	Reach STEP 1
	Reach STEP 2
	Reach STEP 3
	Recalculated Price
	[129.568401697][$52.04]DONE
[176] HITTING ... 
	Go to home page
	Reach STEP 1
	Reach STEP 2
	Reach STEP 3
	Recalculated Price
	[129.030321291][$40.00]DONE
[177] HITTING ... 
	change invalid email[adrian.gilbert@outlook.com] to default one
	Go to home page
	Reach STEP 1
	Reach STEP 2
	Reach STEP 3
	Recalculated Price
	[133.689307161][$33.96]DONE
[178] HITTING ... 
	Go to home page
	Reach STEP 1
	Reach STEP 2
	Reach STEP 3
	Recalculated Price
	[145.706204647][$59.34]DONE
[179] HITTING ... 
	Go to home page
	Reach STEP 1
	Fail to find 'Start my Quote' button on step 2 of quote page
	Reach STEP 2
	[179][79.341347424] MISSED: ["Renters", "95136", "Harper", "Casey", "03/08/1990", "m", "3601 Copperfield Dr", "San Jose", "CA", "N", "RENTED HOUSE - SINGLE FAMILY", "1", "0", nil, "0", "(408) 378-7188", "savannah.silva@aol.com", "N", "N", "N", "N", "Y", "N", "NONE", "N", "N", "Keep default.", "90000", "Keep default", "1000", "500000", "N", "750"]
	unable to locate element, using {:id=>"AddRenterBuy:PropertyType", :tag_name=>"select"}
[180] HITTING ... 
	Go to home page
	Reach STEP 1
	Reach STEP 2
	Reach STEP 3
	Recalculated Price
	[129.305289065][$35.04]DONE
[181] HITTING ... 
	Go to home page
	Reach STEP 1
	Reach STEP 2
	Reach STEP 3
	Recalculated Price
	[110.855255911][$32.72]DONE
[182] HITTING ... 
	change invalid email[lilly.hayes@aol.com] to default one
	Go to home page
	Reach STEP 1
	Reach STEP 2
	Reach STEP 3
	Recalculated Price
	[106.587235596][$23.69]DONE
[183] HITTING ... 
	Go to home page
	Reach STEP 1
	Reach STEP 2
	Reach STEP 3
	Recalculated Price
	[115.429277663][$25.00]DONE
[184] HITTING ... 
	change invalid email[ian.schwartz@aol.com] to default one
	Go to home page
	Reach STEP 1
	Reach STEP 2
	Reach STEP 3
	Recalculated Price
	[133.685740165][$38.01]DONE
[185] HITTING ... 
	Go to home page
	Reach STEP 1
	Reach STEP 2
	Reach STEP 3
	Recalculated Price
	[131.982002195][$36.50]DONE
[186] HITTING ... 
	change invalid email[adrian.gilbert@outlook.com] to default one
	Go to home page
	Reach STEP 1
	Reach STEP 2
	Reach STEP 3
	Recalculated Price
	[130.938881162][$30.46]DONE
[187] HITTING ... 
	Go to home page
	Reach STEP 1
	Reach STEP 2
	Reach STEP 3
	Recalculated Price
	[137.733909877][$28.05]DONE
[188] HITTING ... 
	change invalid email[lilly.hayes@aol.com] to default one
	Go to home page
	Reach STEP 1
	Reach STEP 2
	Reach STEP 3
	Recalculated Price
	[119.038277419][$33.47]DONE
[189] HITTING ... 
	change invalid email[lilly.hayes@aol.com] to default one
	Go to home page
	Reach STEP 1
	Reach STEP 2
	Reach STEP 3
	Recalculated Price
	[105.798164989][$49.19]DONE
[190] HITTING ... 
	Go to home page
	Reach STEP 1
	Reach STEP 2
	Reach STEP 3
	Recalculated Price
	[105.15439544][$22.91]DONE
[191] HITTING ... 
	change invalid email[ian.schwartz@aol.com] to default one
	Go to home page
	Reach STEP 1
	Reach STEP 2
	Reach STEP 3
	Recalculated Price
	[127.356224435][$20.19]DONE
[192] HITTING ... 
	change invalid email[lilly.hayes@aol.com] to default one
	Go to home page
	Reach STEP 1
	Reach STEP 2
	Reach STEP 3
	Recalculated Price
	[136.103540476][$16.87]DONE
[193] HITTING ... 
	Go to home page
	Reach STEP 1
	Reach STEP 2
	Reach STEP 3
	Recalculated Price
	[132.286275356][$50.62]DONE
[194] HITTING ... 
	Go to home page
	Reach STEP 1
	Fail to find 'Start my Quote' button on step 2 of quote page
	Reach STEP 2
	[194][81.754005805] MISSED: ["Renters", "95126", "Colton", "Conner", "02/04/1989", "f", "2050 Southwest Expy 126", "San Jose", "CA", "N", "RENTED HOUSE - SINGLE FAMILY", "1", "0", nil, "0", "(650) 591-1143", "scarlett.richard@gmail.com", "N", "N", "N", "N", "Y", "N", "NONE", "N", "N", "Keep default.", "90000", "Keep default", "2000", "300000", "N", "100 / 250"]
	unable to locate element, using {:id=>"AddRenterBuy:PropertyType", :tag_name=>"select"}
[195] HITTING ... 
	Go to home page
	Reach STEP 1
	Reach STEP 2
	Reach STEP 3
	Recalculated Price
	[133.873929362][$32.55]DONE
[196] HITTING ... 
	Go to home page
	Reach STEP 1
	Fail to find 'Start my Quote' button on step 2 of quote page
	Reach STEP 2
	[196][71.704593591] MISSED: ["Renters", "95008", "Archer", "Solis", "03/03/1988", "f", "200 Hollis Ave", "Campbell", "CA", "N", "RENTED HOUSE - SINGLE FAMILY", "1", "0", nil, "0", "(858) 271-4151", "eden.chen@outlook.com", "N", "N", "N", "N", "Y", "N", "NONE", "N", "N", "Keep default.", "90000", "Keep default", "2000", "300000", "N", "500"]
	unable to locate element, using {:id=>"AddRenterBuy:PropertyType", :tag_name=>"select"}
[197] HITTING ... 
	Go to home page
	Reach STEP 1
	Fail to find 'Start my Quote' button on step 2 of quote page
	Reach STEP 2
	[197][70.67336366] MISSED: ["Renters", "95035", "Lucy", "Watson", "12/1/1988", "f", "440 Dixon Landing Rd", "Milpitas", "CA", "N", "RENTED HOUSE - SINGLE FAMILY", "1", "0", nil, "0", "(415) 440-1155", "elias.cain@outlook.com", "N", "N", "N", "N", "Y", "N", "NONE", "N", "N", "Keep default.", "90000", "Keep default", "2000", "300000", "N", "750"]
	unable to locate element, using {:id=>"AddRenterBuy:PropertyType", :tag_name=>"select"}
[198] HITTING ... 
	change invalid email[alexandra.guerrero@aol.com] to default one
	Go to home page
	Reach STEP 1
	Fail to find 'Start my Quote' button on step 2 of quote page
	Reach STEP 2
	[198][71.663203562] MISSED: ["Renters", "94043", "Emily", "Hale", "11/18/1989", "f", "505 Central Ave", "Mountain View", "CA", "N", "RENTED HOUSE - SINGLE FAMILY", "1", "0", nil, "0", "(858) 693-1175", "alexandra.guerrero@aol.com", "N", "N", "N", "N", "Y", "N", "NONE", "N", "N", "Keep default.", "90000", "Keep default", "2000", "300000", "N", "1000"]
	unable to locate element, using {:id=>"AddRenterBuy:PropertyType", :tag_name=>"select"}
[199] HITTING ... 
	Go to home page
	Reach STEP 1
	Reach STEP 2
	Reach STEP 3
	Recalculated Price
	[116.069132407][$24.99]DONE
[200] HITTING ... 
	Go to home page
	Reach STEP 1
	Reach STEP 2
	Reach STEP 3
	Recalculated Price
	[116.746951626][$22.27]DONE
[201] HITTING ... 
	Go to home page
	Reach STEP 1
	Fail to find 'Start my Quote' button on step 2 of quote page
	Reach STEP 2
	[201][84.268868774] MISSED: ["Renters", "94086", "Arabella", "Strickland", "03/08/1990", "f", "243 Buena Vista Ave", "Sunnyvale", "CA", "N", "RENTED HOUSE - SINGLE FAMILY", "1", "0", nil, "0", "(408) 216-8947", "william.palmer@gmail.com", "N", "N", "N", "N", "Y", "N", "NONE", "N", "N", "Keep default.", "90000", "Keep default", "2000", "300000", "N", "5000"]
	unable to locate element, using {:id=>"AddRenterBuy:PropertyType", :tag_name=>"select"}
[202] HITTING ... 
	change invalid email[alexandra.guerrero@aol.com] to default one
	Go to home page
	Reach STEP 1
	Fail to find 'Start my Quote' button on step 2 of quote page
	Reach STEP 2
	[202][82.682329931] MISSED: ["Renters", "94087", "Elliot", "Webster", "02/04/1989", "f", "575 E Remington Dr", "Sunnyvale", "CA", "N", "RENTED HOUSE - SINGLE FAMILY", "1", "0", nil, "0", "(760) 798-2632", "alexandra.guerrero@aol.com", "N", "N", "N", "N", "Y", "N", "NONE", "N", "N", "Keep default.", "90000", "Keep default", "2000", "500000", "N", "100"]
	unable to locate element, using {:id=>"AddRenterBuy:PropertyType", :tag_name=>"select"}
[203] HITTING ... 
	Go to home page
	Reach STEP 1
	Fail to find 'Start my Quote' button on step 2 of quote page
	Reach STEP 2
	[203][77.095115972] MISSED: ["Renters", "94087", "Nora", "Ramirez", "11/18/1989", "m", "575 E Remington Dr", "Sunnyvale", "CA", "N", "RENTED HOUSE - SINGLE FAMILY", "1", "0", nil, "0", "(415) 745-3716", "ana.webster@gmail.com", "N", "N", "N", "N", "Y", "N", "NONE", "N", "N", "Keep default.", "90000", "Keep default", "2000", "500000", "N", "100 / 250"]
	unable to locate element, using {:id=>"AddRenterBuy:PropertyType", :tag_name=>"select"}
[204] HITTING ... 
	Go to home page
	Reach STEP 1
	Reach STEP 2
	Reach STEP 3
	Recalculated Price
	[142.891547809][$42.63]DONE
[205] HITTING ... 
	change invalid email[alexandra.guerrero@aol.com] to default one
	Go to home page
	Reach STEP 1
	Reach STEP 2
	Reach STEP 3
	Recalculated Price
	[153.986458001][$31.80]DONE
[206] HITTING ... 
	Go to home page
	Reach STEP 1
	Reach STEP 2
	Reach STEP 3
	Recalculated Price
	[127.191189475][$29.98]DONE
[207] HITTING ... 
	Go to home page
	Reach STEP 1
	Reach STEP 2
	Reach STEP 3
	Recalculated Price
	[110.118249588][$35.29]DONE
[208] HITTING ... 
	Go to home page
	Reach STEP 1
	Fail to find 'Start my Quote' button on step 2 of quote page
	Reach STEP 2
	[208][71.05060101] MISSED: ["Renters", "95054", "Kaleb", "Mcgee", "05/06/1989", "m", "1500 Vista Club Cir", "Santa Clara", "CA", "N", "RENTED HOUSE - SINGLE FAMILY", "1", "0", nil, "0", "(707) 538-1516", "eden.chen@outlook.com", "N", "N", "N", "N", "Y", "N", "NONE", "N", "N", "Keep default.", "90000", "Keep default", "2000", "500000", "N", "1500"]
	unable to locate element, using {:id=>"AddRenterBuy:PropertyType", :tag_name=>"select"}
[209] HITTING ... 
	Go to home page
	Reach STEP 1
	Reach STEP 2
	Reach STEP 3
	Recalculated Price
	[106.98788811][$23.94]DONE
[210] HITTING ... 
	Go to home page
	Reach STEP 1
	Reach STEP 2
	Reach STEP 3
	Recalculated Price
	[107.647079215][$22.85]DONE
[211] HITTING ... 
	Go to home page
	Reach STEP 1
	Reach STEP 2
	Reach STEP 3
	Recalculated Price
	[106.200824309][$50.78]DONE
[212] HITTING ... 
	Go to home page
	Reach STEP 1
	Fail to find 'Start my Quote' button on step 2 of quote page
	Reach STEP 2
	[212][68.5902302] MISSED: ["Renters", "95008", "Hannah", "Webb", "03/27/1987", "m", "2275 S Bascom Ave", "Campbell", "CA", "N", "RENTED HOUSE - SINGLE FAMILY", "1", "0", nil, "0", "(408) 549-1209", "scarlett.richard@gmail.com", "N", "N", "N", "N", "Y", "N", "NONE", "N", "N", "Keep default.", "100000", "Keep default", "1000", "100000", "N", "100 / 250"]
	unable to locate element, using {:id=>"AddRenterBuy:PropertyType", :tag_name=>"select"}
[213] HITTING ... 
	change invalid email[ian.schwartz@aol.com] to default one
	Go to home page
	Reach STEP 1
	Fail to find 'Start my Quote' button on step 2 of quote page
	Reach STEP 2
	[213][88.36299077] MISSED: ["Renters", "95014", "Everly", "Smith", "12/1/1988", "f", "7375 Rollingdell Dr", "Cupertino", "CA", "N", "RENTED HOUSE - SINGLE FAMILY", "1", "0", nil, "0", "(844) 328-9442", "ian.schwartz@aol.com", "N", "N", "N", "N", "Y", "N", "NONE", "N", "N", "Keep default.", "100000", "Keep default", "1000", "100000", "N", "250"]
	unable to locate element, using {:id=>"AddRenterBuy:PropertyType", :tag_name=>"select"}
[214] HITTING ... 
	Go to home page
	Reach STEP 1
	Fail to find 'Start my Quote' button on step 2 of quote page
	Reach STEP 2
	[214][80.885001798] MISSED: ["Renters", "95126", "Bennett", "Ramirez", "02/04/1989", "f", "950 Meridian Ave", "San Jose", "CA", "N", "RENTED HOUSE - SINGLE FAMILY", "1", "0", nil, "0", "(415) 749-0101", "savannah.silva@aol.com", "N", "N", "N", "N", "Y", "N", "NONE", "N", "N", "Keep default.", "100000", "Keep default", "1000", "100000", "N", "500"]
	unable to locate element, using {:id=>"AddRenterBuy:PropertyType", :tag_name=>"select"}
[215] HITTING ... 
	change invalid email[alexandra.guerrero@aol.com] to default one
	Go to home page
	Reach STEP 1
	Fail to find 'Start my Quote' button on step 2 of quote page
	Reach STEP 2
	[215][85.209100479] MISSED: ["Renters", "95123", "Lorelei", "Simmons", "11/18/1989", "f", "6184 Cottle Rd", "San Jose", "CA", "N", "RENTED HOUSE - SINGLE FAMILY", "1", "0", nil, "0", "(408) 244-0900", "alexandra.guerrero@aol.com", "N", "N", "N", "N", "Y", "N", "NONE", "N", "N", "Keep default.", "100000", "Keep default", "1000", "100000", "N", "750"]
	unable to locate element, using {:id=>"AddRenterBuy:PropertyType", :tag_name=>"select"}
[216] HITTING ... 
	Go to home page
	Reach STEP 1
	Reach STEP 2
	Reach STEP 3
	[216][126.146330037] MISSED: ["Renters", "95020", "Mila", "Benson", "07/31/1988", "f", "500 Ioof Ave", "Gilroy", "CA", "N", "RENTED HOUSE - SINGLE FAMILY", "1", "0", nil, "0", "(650) 854-2651", "ana.webster@gmail.com", "N", "N", "N", "N", "Y", "N", "NONE", "N", "N", "Keep default.", "100000", "Keep default", "1000", "100000", "N", "1000"]
	element not visible
  (Session info: chrome=45.0.2454.99)
  (Driver info: chromedriver=2.18.343837 (52eb4041461e46a6b73308ebb19e85787ced4281),platform=Linux 3.13.0-48-generic x86_64)
[217] HITTING ... 
	change invalid email[adrian.gilbert@outlook.com] to default one
	Go to home page
	Reach STEP 1
	Fail to find 'Start my Quote' button on step 2 of quote page
	Reach STEP 2
	[217][83.039609159] MISSED: ["Renters", "95035", "Jackson", "Buchanan", "04/05/1990", "f", "555 S Park Victoria Dr", "Milpitas", "CA", "N", "RENTED HOUSE - SINGLE FAMILY", "1", "0", nil, "0", "(650) 488-4047", "adrian.gilbert@outlook.com", "N", "N", "N", "N", "Y", "N", "NONE", "N", "N", "Keep default.", "100000", "Keep default", "1000", "100000", "N", "1500"]
	unable to locate element, using {:id=>"AddRenterBuy:PropertyType", :tag_name=>"select"}
[218] HITTING ... 
	Go to home page
	Reach STEP 1
	Reach STEP 2
	Reach STEP 3
	Recalculated Price
	[123.249440182][$20.96]DONE
[219] HITTING ... 
	Go to home page
	Reach STEP 1
	Fail to find 'Start my Quote' button on step 2 of quote page
	Reach STEP 2
	[219][70.69356205] MISSED: ["Renters", "95054", "Arya", "Matthews", "03/27/1987", "f", "1500 Vista Club Cir", "Santa Clara", "CA", "N", "RENTED HOUSE - SINGLE FAMILY", "1", "0", nil, "0", "(858) 560-5720", "eden.chen@outlook.com", "N", "N", "N", "N", "Y", "N", "NONE", "N", "N", "Keep default.", "100000", "Keep default", "1000", "100000", "N", "5000"]
	unable to locate element, using {:id=>"AddRenterBuy:PropertyType", :tag_name=>"select"}
[220] HITTING ... 
	Go to home page
	Reach STEP 1
	Reach STEP 2
	Reach STEP 3
	Recalculated Price
	[115.805809712][$41.79]DONE
[221] HITTING ... 
	Go to home page
	Reach STEP 1
	Reach STEP 2
	Reach STEP 3
	Recalculated Price
	[115.768036126][$40.20]DONE
[222] HITTING ... 
	change invalid email[ian.schwartz@aol.com] to default one
	Go to home page
	Reach STEP 1
	Fail to find 'Start my Quote' button on step 2 of quote page
	Reach STEP 2
	[222][69.641803152] MISSED: ["Renters", "95112", "Joshua", "Clarke", "11/18/1989", "f", "760 N 7th St", "San Jose", "CA", "N", "RENTED HOUSE - SINGLE FAMILY", "1", "0", nil, "0", "(619) 293-3888", "ian.schwartz@aol.com", "N", "N", "N", "N", "Y", "N", "NONE", "N", "N", "Keep default.", "100000", "Keep default", "1000", "300000", "N", "250"]
	unable to locate element, using {:id=>"AddRenterBuy:PropertyType", :tag_name=>"select"}
[223] HITTING ... 
	Go to home page
	Reach STEP 1
	Reach STEP 2
	Reach STEP 3
	Recalculated Price
	[107.765291132][$31.31]DONE
[224] HITTING ... 
	change invalid email[lilly.hayes@aol.com] to default one
	Go to home page
	Reach STEP 1
	Reach STEP 2
	Reach STEP 3
	Recalculated Price
	[109.165482861][$29.40]DONE
[225] HITTING ... 
	Go to home page
	Reach STEP 1
	Fail to find 'Start my Quote' button on step 2 of quote page
	Reach STEP 2
	[225][69.112870525] MISSED: ["Renters", "94301", "Isabelle", "Robbins", "02/04/1989", "f", "501 Forest Ave", "Palo Alto", "CA", "N", "RENTED HOUSE - SINGLE FAMILY", "1", "0", nil, "0", "(415) 567-0683", "savannah.silva@aol.com", "N", "N", "N", "N", "Y", "N", "NONE", "N", "N", "Keep default.", "100000", "Keep default", "1000", "300000", "N", "1000"]
	unable to locate element, using {:id=>"AddRenterBuy:PropertyType", :tag_name=>"select"}
[226] HITTING ... 
	Go to home page
	Reach STEP 1
	Fail to find 'Start my Quote' button on step 2 of quote page
	Reach STEP 2
	[226][69.87877231] MISSED: ["Renters", "95054", "Mia", "Christensen", "03/03/1988", "m", "1600 Nantucket Cir", "Santa Clara", "CA", "N", "RENTED HOUSE - SINGLE FAMILY", "1", "0", nil, "0", "(831) 426-6855", "scarlett.richard@gmail.com", "N", "N", "N", "N", "Y", "N", "NONE", "N", "N", "Keep default.", "100000", "Keep default", "1000", "300000", "N", "1500"]
	unable to locate element, using {:id=>"AddRenterBuy:PropertyType", :tag_name=>"select"}
[227] HITTING ... 
	Go to home page
	Reach STEP 1
	Fail to find 'Start my Quote' button on step 2 of quote page
	Reach STEP 2
	[227][68.61122779] MISSED: ["Renters", "95050", "Lillian", "Wall", "03/03/1988", "m", "431 El Camino Real", "Santa Clara", "CA", "N", "RENTED HOUSE - SINGLE FAMILY", "1", "0", nil, "0", "(415) 931-6300", "eden.chen@outlook.com", "N", "N", "N", "N", "Y", "N", "NONE", "N", "N", "Keep default.", "100000", "Keep default", "1000", "300000", "N", "2500"]
	unable to locate element, using {:id=>"AddRenterBuy:PropertyType", :tag_name=>"select"}
[228] HITTING ... 
	change invalid email[ian.schwartz@aol.com] to default one
	Go to home page
	Reach STEP 1
	Fail to find 'Start my Quote' button on step 2 of quote page
	Reach STEP 2
	[228][72.096009206] MISSED: ["Renters", "95014", "Nicolas", "Carey", "03/03/1988", "f", "5608 Stevens Creek Blvd", "Cupertino", "CA", "N", "RENTED HOUSE - SINGLE FAMILY", "1", "0", nil, "0", "(408) 998-2012", "ian.schwartz@aol.com", "N", "N", "N", "N", "Y", "N", "NONE", "N", "N", "Keep default.", "100000", "Keep default", "1000", "300000", "N", "5000"]
	unable to locate element, using {:id=>"AddRenterBuy:PropertyType", :tag_name=>"select"}
[229] HITTING ... 
	Go to home page
	Reach STEP 1
	Reach STEP 2
	Reach STEP 3
	Recalculated Price
	[107.818393103][$54.53]DONE
[230] HITTING ... 
	change invalid email[lilly.hayes@aol.com] to default one
	Go to home page
	Reach STEP 1
	Reach STEP 2
	Reach STEP 3
	Recalculated Price
	[113.614906199][$41.87]DONE
[231] HITTING ... 
	Go to home page
	Reach STEP 1
	Fail to find 'Start my Quote' button on step 2 of quote page
	Reach STEP 2
	[231][108.528341585] MISSED: ["Renters", "95126", "Eden", "Owen", "03/08/1990", "m", "2050 Southwest Expy 126", "San Jose", "CA", "N", "RENTED HOUSE - SINGLE FAMILY", "1", "0", nil, "0", "(415) 405-4600", "william.palmer@gmail.com", "N", "N", "N", "N", "Y", "N", "NONE", "N", "N", "Keep default.", "100000", "Keep default", "1000", "500000", "N", "250"]
	unable to locate element, using {:id=>"AddRenterBuy:PropertyType", :tag_name=>"select"}
[232] HITTING ... 
	Go to home page
	Reach STEP 1
	Reach STEP 2
	Reach STEP 3
	Recalculated Price
	[150.184099784][$41.13]DONE
[233] HITTING ... 
	Go to home page
	Reach STEP 1
	Reach STEP 2
	Reach STEP 3
	Recalculated Price
	[159.050262383][$38.69]DONE
[234] HITTING ... 
	change invalid email[alexandra.guerrero@aol.com] to default one
	Go to home page
	Reach STEP 1
	Reach STEP 2
	Reach STEP 3
	Recalculated Price
	[135.608725591][$36.66]DONE
[235] HITTING ... 
	Go to home page
	Reach STEP 1
	Fail to find 'Start my Quote' button on step 2 of quote page
	Reach STEP 2
	[235][86.842487333] MISSED: ["Renters", "95014", "Holden", "Santos", "06/06/1986", "f", "5608 Stevens Creek Blvd", "Cupertino", "CA", "N", "RENTED HOUSE - SINGLE FAMILY", "1", "0", nil, "0", "(408) 359-8979", "ana.webster@gmail.com", "N", "N", "N", "N", "Y", "N", "NONE", "N", "N", "Keep default.", "100000", "Keep default", "1000", "500000", "N", "1500"]
	unable to locate element, using {:id=>"AddRenterBuy:PropertyType", :tag_name=>"select"}
[236] HITTING ... 
	Go to home page
	Reach STEP 1
	Reach STEP 2
	Reach STEP 3
	Recalculated Price
	[107.385819537][$24.71]DONE
[237] HITTING ... 
	change invalid email[ian.schwartz@aol.com] to default one
	Go to home page
	Reach STEP 1
	Fail to find 'Start my Quote' button on step 2 of quote page
	Reach STEP 2
	[237][69.604936336] MISSED: ["Renters", "94086", "Juliette", "Navarro", "03/27/1987", "f", "555 E Washington Ave", "Sunnyvale", "CA", "N", "RENTED HOUSE - SINGLE FAMILY", "1", "0", nil, "0", "(650) 216-6886", "ian.schwartz@aol.com", "N", "N", "N", "N", "Y", "N", "NONE", "N", "N", "Keep default.", "100000", "Keep default", "1000", "500000", "N", "5000"]
	unable to locate element, using {:id=>"AddRenterBuy:PropertyType", :tag_name=>"select"}
[238] HITTING ... 
	Go to home page
	Reach STEP 1
	Fail to find 'Start my Quote' button on step 2 of quote page
	Reach STEP 2
	[238][68.374728388] MISSED: ["Renters", "95127", "Jasper", "Long", "03/27/1987", "m", "2601 Nuestra Castillo Ct", "San Jose", "CA", "N", "RENTED HOUSE - SINGLE FAMILY", "1", "0", nil, "0", "(925) 228-0760", "ana.webster@gmail.com", "N", "N", "N", "N", "Y", "N", "NONE", "N", "N", "Keep default.", "100000", "Keep default", "2000", "100000", "N", "100"]
	unable to locate element, using {:id=>"AddRenterBuy:PropertyType", :tag_name=>"select"}
[239] HITTING ... 
	Go to home page
	Reach STEP 1
	Reach STEP 2
	Reach STEP 3
	Recalculated Price
	[108.684148709][$38.37]DONE
[240] HITTING ... 
	Go to home page
	Reach STEP 1
	Reach STEP 2
	Reach STEP 3
	Recalculated Price
	[111.020509105][$32.01]DONE
[241] HITTING ... 
	Go to home page
	Reach STEP 1
	Reach STEP 2
	Reach STEP 3
	Fail to find 'Recalculated' button on step 3 of quote page
	Recalculated Price
	[131.996528617][$29.47]DONE
[242] HITTING ... 
	Go to home page
	Reach STEP 1
	Reach STEP 2
	Reach STEP 3
	Recalculated Price
	[139.555362588][$31.19]DONE
[243] HITTING ... 
	Go to home page
	Reach STEP 1
	Reach STEP 2
	Reach STEP 3
	Recalculated Price
	[144.784110505][$25.98]DONE
[244] HITTING ... 
	Go to home page
	Reach STEP 1
	Reach STEP 2
	Reach STEP 3
	Recalculated Price
	[125.691154165][$24.07]DONE
[245] HITTING ... 
	Go to home page
	Reach STEP 1
	Reach STEP 2
	Reach STEP 3
	Recalculated Price
	[146.267991869][$21.21]DONE
[246] HITTING ... 
	Go to home page
	Reach STEP 1
	Reach STEP 2
	Reach STEP 3
	Recalculated Price
	[107.690765038][$17.72]DONE
[247] HITTING ... 
	Go to home page
	Reach STEP 1
	Reach STEP 2
	Reach STEP 3
	Recalculated Price
	[108.552414299][$53.12]DONE
[248] HITTING ... 
	Go to home page
	Reach STEP 1
	Fail to find 'Start my Quote' button on step 2 of quote page
	Reach STEP 2
	[248][69.374193422] MISSED: ["Renters", "95008", "Alice", "Patel", "05/06/1989", "m", "1630 W Campbell Ave", "Campbell", "CA", "N", "RENTED HOUSE - SINGLE FAMILY", "1", "0", nil, "0", "(619) 255-4000", "savannah.silva@aol.com", "N", "N", "N", "N", "Y", "N", "NONE", "N", "N", "Keep default.", "100000", "Keep default", "2000", "300000", "N", "100 / 250"]
	unable to locate element, using {:id=>"AddRenterBuy:PropertyType", :tag_name=>"select"}
[249] HITTING ... 
	Go to home page
	Reach STEP 1
	Reach STEP 2
	Reach STEP 3
	Recalculated Price
	[123.040504683][$34.10]DONE
[250] HITTING ... 
	change invalid email[lilly.hayes@aol.com] to default one
	Go to home page
	Reach STEP 1
	Reach STEP 2
	Reach STEP 3
	Recalculated Price
	[108.670893562][$31.56]DONE
[251] HITTING ... 
	Go to home page
	Reach STEP 1
	Reach STEP 2
	Reach STEP 3
	Recalculated Price
	[105.611052149][$29.65]DONE
[252] HITTING ... 
	Go to home page
	Reach STEP 1
	Fail to find 'Start my Quote' button on step 2 of quote page
	Reach STEP 2
	[252][67.678831664] MISSED: ["Renters", "95054", "Fiona", "Cervantes", "06/06/1986", "m", "550 Moreland Way", "Santa Clara", "CA", "N", "RENTED HOUSE - SINGLE FAMILY", "1", "0", nil, "0", "(415) 626-6900", "scarlett.richard@gmail.com", "N", "N", "N", "N", "Y", "N", "NONE", "N", "N", "Keep default.", "100000", "Keep default", "2000", "300000", "N", "1000"]
	unable to locate element, using {:id=>"AddRenterBuy:PropertyType", :tag_name=>"select"}
[253] HITTING ... 
	Go to home page
	Reach STEP 1
	Reach STEP 2
	Reach STEP 3
	Recalculated Price
	[106.790664665][$26.15]DONE
[254] HITTING ... 
	change invalid email[adrian.gilbert@outlook.com] to default one
	Go to home page
	Reach STEP 1
	Fail to find 'Start my Quote' button on step 2 of quote page
	Reach STEP 2
	[254][67.731790329] MISSED: ["Renters", "94304", "Luna", "Patel", "06/06/1986", "f", "1600 Sand Hill Rd", "Palo Alto", "CA", "N", "RENTED HOUSE - SINGLE FAMILY", "1", "0", nil, "0", "(415) 777-4100", "adrian.gilbert@outlook.com", "N", "N", "N", "N", "Y", "N", "NONE", "N", "N", "Keep default.", "100000", "Keep default", "2000", "300000", "N", "2500"]
	unable to locate element, using {:id=>"AddRenterBuy:PropertyType", :tag_name=>"select"}
[255] HITTING ... 
	change invalid email[lilly.hayes@aol.com] to default one
	Go to home page
	Reach STEP 1
	Reach STEP 2
	Reach STEP 3
	Recalculated Price
	[117.84761351][$19.80]DONE
[256] HITTING ... 
	change invalid email[ian.schwartz@aol.com] to default one
	Go to home page
	Reach STEP 1
	Reach STEP 2
	Reach STEP 3
	Recalculated Price
	[115.493287271][$43.71]DONE
[257] HITTING ... 
	Go to home page
	Reach STEP 1
	Reach STEP 2
	Reach STEP 3
	Recalculated Price
	[149.578517064][$42.12]DONE
[258] HITTING ... 
	Go to home page
	Reach STEP 1
	Reach STEP 2
	Reach STEP 3
	Recalculated Price
	[116.684980823][$35.76]DONE
[259] HITTING ... 
	Go to home page
	Reach STEP 1
	Reach STEP 2
	Reach STEP 3
	Recalculated Price
	[116.769799373][$41.38]DONE
[260] HITTING ... 
	Go to home page
	Reach STEP 1
	Reach STEP 2
	Reach STEP 3
	Recalculated Price
	[116.356552094][$38.94]DONE
[261] HITTING ... 
	change invalid email[adrian.gilbert@outlook.com] to default one
	Go to home page
	Reach STEP 1
	Reach STEP 2
	Reach STEP 3
	Recalculated Price
	[126.139169755][$33.14]DONE
[262] HITTING ... 
	change invalid email[adrian.gilbert@outlook.com] to default one
	Go to home page
	Reach STEP 1
	Reach STEP 2
	Reach STEP 3
	Recalculated Price
	[164.123526984][$27.82]DONE
[263] HITTING ... 
	Go to home page
	Reach STEP 1
	Fail to find 'Start my Quote' button on step 2 of quote page
	Reach STEP 2
	[263][79.662027399] MISSED: ["Renters", "95051", "Liam", "Andrews", "03/08/1990", "f", "3500 Granada Ave", "Santa Clara", "CA", "N", "RENTED HOUSE - SINGLE FAMILY", "1", "0", nil, "0", "(707) 653-5931", "elias.cain@outlook.com", "N", "N", "N", "N", "Y", "N", "NONE", "N", "N", "Keep default.", "100000", "Keep default", "2000", "500000", "N", "2500"]
	unable to locate element, using {:id=>"AddRenterBuy:PropertyType", :tag_name=>"select"}
[264] HITTING ... 
	Go to home page
	Reach STEP 1
	Reach STEP 2
	Reach STEP 3
	Recalculated Price
	[150.895251579][$21.47]DONE
[265] HITTING ... 
	change invalid email[adrian.gilbert@outlook.com] to default one
	Go to home page
	Reach STEP 1
	Reach STEP 2
	Reach STEP 3
	Recalculated Price
	[147.150996588][$17.14]DONE
[266] HITTING ... 
	change invalid email[lilly.hayes@aol.com] to default one
	Go to home page
	Reach STEP 1
	Fail to find 'Start my Quote' button on step 2 of quote page
	Reach STEP 2
	[266][82.994499046] MISSED: ["Renters", "95126", "Lucie", "King", "03/03/1988", "m", "2050 Southwest Expy 126", "San Jose", "CA", "N", "RENTED HOUSE - SINGLE FAMILY", "2 to 4", "0", nil, "0", "(415) 921-3469", "lilly.hayes@aol.com", "N", "N", "N", "N", "Y", "N", "NONE", "N", "N", "Keep default.", "4000", "Keep default", "1000", "100000", "N", "100 / 250"]
	unable to locate element, using {:id=>"AddRenterBuy:PropertyType", :tag_name=>"select"}
[267] HITTING ... 
	change invalid email[alexandra.guerrero@aol.com] to default one
	Go to home page
	Reach STEP 1
	Reach STEP 2
	Reach STEP 3
	Recalculated Price
	[112.546587707][$13.71]DONE
[268] HITTING ... 
	Go to home page
	Reach STEP 1
	Fail to find 'Start my Quote' button on step 2 of quote page
	Reach STEP 2
	[268][71.696136132] MISSED: ["Renters", "95020", "Asher", "Sandoval", "03/03/1988", "f", "500 Ioof Ave", "Gilroy", "CA", "N", "RENTED HOUSE - SINGLE FAMILY", "2 to 4", "0", nil, "0", "(650) 528-2128", "elias.cain@outlook.com", "N", "N", "N", "N", "Y", "N", "NONE", "N", "N", "Keep default.", "4000", "Keep default", "1000", "100000", "N", "500"]
	unable to locate element, using {:id=>"AddRenterBuy:PropertyType", :tag_name=>"select"}
[269] HITTING ... 
	Go to home page
	Reach STEP 1
	Reach STEP 2
	Reach STEP 3
	Recalculated Price
	[107.275047723][$15.09]DONE
[270] HITTING ... 
	change invalid email[adrian.gilbert@outlook.com] to default one
	Go to home page
	Reach STEP 1
	Reach STEP 2
	Reach STEP 3
	[270][87.583844239] MISSED: ["Renters", "95030", "Vivian", "Ballard", "11/18/1989", "f", "10 Jackson St 107", "Los Gatos", "CA", "N", "RENTED HOUSE - SINGLE FAMILY", "2 to 4", "0", nil, "0", "(408) 257-1060", "adrian.gilbert@outlook.com", "N", "N", "N", "N", "Y", "N", "NONE", "N", "N", "Keep default.", "4000", "Keep default", "1000", "100000", "N", "1000"]
	element not visible
  (Session info: chrome=45.0.2454.99)
  (Driver info: chromedriver=2.18.343837 (52eb4041461e46a6b73308ebb19e85787ced4281),platform=Linux 3.13.0-48-generic x86_64)
[271] HITTING ... 
	Go to home page
	Reach STEP 1
	Fail to find 'Start my Quote' button on step 2 of quote page
	Reach STEP 2
	[271][70.962862903] MISSED: ["Renters", "94043", "Clare", "Franklin", "03/08/1990", "m", "505 Central Ave", "Mountain View", "CA", "N", "RENTED HOUSE - SINGLE FAMILY", "2 to 4", "0", nil, "0", "(408) 737-2900", "scarlett.richard@gmail.com", "N", "N", "N", "N", "Y", "N", "NONE", "N", "N", "Keep default.", "4000", "Keep default", "1000", "100000", "N", "1500"]
	unable to locate element, using {:id=>"AddRenterBuy:PropertyType", :tag_name=>"select"}
[272] HITTING ... 
	Go to home page
	Reach STEP 1
	Fail to find 'Start my Quote' button on step 2 of quote page
	Reach STEP 2
	[272][70.371931479] MISSED: ["Renters", "94087", "Sophie", "Nichols", "11/18/1989", "f", "745 S Bernardo Ave", "Sunnyvale", "CA", "N", "RENTED HOUSE - SINGLE FAMILY", "2 to 4", "0", nil, "0", "(415) 981-5780", "eden.chen@outlook.com", "N", "N", "N", "N", "Y", "N", "NONE", "N", "N", "Keep default.", "4000", "Keep default", "1000", "100000", "N", "2500"]
	unable to locate element, using {:id=>"AddRenterBuy:PropertyType", :tag_name=>"select"}
[273] HITTING ... 
	Go to home page
	Reach STEP 1
	Fail to find 'Start my Quote' button on step 2 of quote page
	Reach STEP 2
	[273][71.457040164] MISSED: ["Renters", "95030", "Isaac", "Frank", "11/12/1990", "f", "347 Massol Ave", "Los Gatos", "CA", "N", "RENTED HOUSE - SINGLE FAMILY", "2 to 4", "0", nil, "0", "(408) 600-1431", "eden.chen@outlook.com", "N", "N", "N", "N", "Y", "N", "NONE", "N", "N", "Keep default.", "4000", "Keep default", "1000", "100000", "N", "5000"]
	unable to locate element, using {:id=>"AddRenterBuy:PropertyType", :tag_name=>"select"}
[274] HITTING ... 
	Go to home page
	Reach STEP 1
	Reach STEP 2
	Reach STEP 3
	Recalculated Price
	[138.164629567][$19.22]DONE
[275] HITTING ... 
	Go to home page
	Reach STEP 1
	Reach STEP 2
	Reach STEP 3
	Recalculated Price
	[108.909725461][$18.54]DONE
[276] HITTING ... 
	Go to home page
	Reach STEP 1
	Reach STEP 2
	Reach STEP 3
	Recalculated Price
	[112.068351224][$15.80]DONE
[277] HITTING ... 
	change invalid email[lilly.hayes@aol.com] to default one
	Go to home page
	Reach STEP 1
	Reach STEP 2
	Reach STEP 3
	Recalculated Price
	[111.101418009][$18.22]DONE
[278] HITTING ... 
	change invalid email[ian.schwartz@aol.com] to default one
	Go to home page
	Reach STEP 1
	Reach STEP 2
	Reach STEP 3
	Recalculated Price
	[114.667742658][$13.88]DONE
[279] HITTING ... 
	change invalid email[lilly.hayes@aol.com] to default one
	Go to home page
	Reach STEP 1
	Reach STEP 2
	Reach STEP 3
	Recalculated Price
	[136.415870909][$24.30]DONE
[280] HITTING ... 
	Go to home page
	Reach STEP 1
	Fail to find 'Start my Quote' button on step 2 of quote page
	Reach STEP 2
	[280][70.230024453] MISSED: ["Renters", "95050", "Dominick", "Barrett", "04/05/1990", "m", "431 El Camino Real", "Santa Clara", "CA", "N", "RENTED HOUSE - SINGLE FAMILY", "2 to 4", "0", nil, "0", "(619) 427-0190", "ana.webster@gmail.com", "N", "N", "N", "N", "Y", "N", "NONE", "N", "N", "Keep default.", "4000", "Keep default", "1000", "300000", "N", "1500"]
	unable to locate element, using {:id=>"AddRenterBuy:PropertyType", :tag_name=>"select"}
[281] HITTING ... 
	change invalid email[alexandra.guerrero@aol.com] to default one
	Go to home page
	Reach STEP 1
	Reach STEP 2
	Reach STEP 3
	Recalculated Price
	[113.837655242][$20.18]DONE
[282] HITTING ... 
	change invalid email[adrian.gilbert@outlook.com] to default one
	Go to home page
	Reach STEP 1
	Reach STEP 2
	Reach STEP 3
	Recalculated Price
	[114.248345231][$10.83]DONE
[283] HITTING ... 
	Go to home page
	Reach STEP 1
	Reach STEP 2
	Reach STEP 3
	Recalculated Price
	[112.784826787][$20.89]DONE
[284] HITTING ... 
	Go to home page
	Reach STEP 1
	Reach STEP 2
	Reach STEP 3
	Recalculated Price
	[118.553663209][$20.20]DONE
[285] HITTING ... 
	change invalid email[ian.schwartz@aol.com] to default one
	Go to home page
	Reach STEP 1
	Reach STEP 2
	Reach STEP 3
	Recalculated Price
	[111.119106033][$19.28]DONE
[286] HITTING ... 
	change invalid email[lilly.hayes@aol.com] to default one
	Go to home page
	Reach STEP 1
	Reach STEP 2
	Reach STEP 3
	Recalculated Price
	[109.79980432][$18.04]DONE
[287] HITTING ... 
	Go to home page
	Reach STEP 1
	Fail to find 'Start my Quote' button on step 2 of quote page
	Reach STEP 2
	[287][68.289415446] MISSED: ["Renters", "95112", "Landon", "Walsh", "03/27/1987", "f", "760 N 7th St", "San Jose", "CA", "N", "RENTED HOUSE - SINGLE FAMILY", "2 to 4", "0", nil, "0", "(415) 491-1125", "william.palmer@gmail.com", "N", "N", "N", "N", "Y", "N", "NONE", "N", "N", "Keep default.", "4000", "Keep default", "1000", "500000", "N", "750"]
	unable to locate element, using {:id=>"AddRenterBuy:PropertyType", :tag_name=>"select"}
[288] HITTING ... 
	change invalid email[ian.schwartz@aol.com] to default one
	Go to home page
	Reach STEP 1
	Reach STEP 2
	Reach STEP 3
	Recalculated Price
	[106.330967986][$14.86]DONE
[289] HITTING ... 
	change invalid email[adrian.gilbert@outlook.com] to default one
	Go to home page
	Reach STEP 1
	Reach STEP 2
	Reach STEP 3
	Recalculated Price
	[109.205664327][$16.91]DONE
[290] HITTING ... 
	Go to home page
	Reach STEP 1
	Fail to find 'Start my Quote' button on step 2 of quote page
	Reach STEP 2
	[290][70.736842563] MISSED: ["Renters", "94086", "Norah", "Henderson", "04/05/1990", "m", "655 S Fair Oaks Ave", "Sunnyvale", "CA", "N", "RENTED HOUSE - SINGLE FAMILY", "2 to 4", "0", nil, "0", "(408) 728-9514", "ana.webster@gmail.com", "N", "N", "N", "N", "Y", "N", "NONE", "N", "N", "Keep default.", "4000", "Keep default", "1000", "500000", "N", "2500"]
	unable to locate element, using {:id=>"AddRenterBuy:PropertyType", :tag_name=>"select"}
[291] HITTING ... 
	change invalid email[adrian.gilbert@outlook.com] to default one
	Go to home page
	Reach STEP 1
	Reach STEP 2
	Reach STEP 3
	Recalculated Price
	[109.902994552][$11.29]DONE
[292] HITTING ... 
	Go to home page
	Reach STEP 1
	Reach STEP 2
	Reach STEP 3
	Recalculated Price
	[107.691151699][$19.66]DONE
[293] HITTING ... 
	change invalid email[ian.schwartz@aol.com] to default one
	Go to home page
	Reach STEP 1
	Fail to find 'Start my Quote' button on step 2 of quote page
	Reach STEP 2
	[293][69.068912763] MISSED: ["Renters", "94301", "Ethan", "Duncan", "03/03/1988", "f", "459 Hamilton Ave", "Palo Alto", "CA", "N", "RENTED HOUSE - SINGLE FAMILY", "2 to 4", "0", nil, "0", "(619) 293-3888", "ian.schwartz@aol.com", "N", "N", "N", "N", "Y", "N", "NONE", "N", "N", "Keep default.", "4000", "Keep default", "2000", "100000", "N", "100 / 250"]
	unable to locate element, using {:id=>"AddRenterBuy:PropertyType", :tag_name=>"select"}
[294] HITTING ... 
	Go to home page
	Reach STEP 1
	Reach STEP 2
	Reach STEP 3
	Recalculated Price
	[106.560590878][$17.79]DONE
[295] HITTING ... 
	Go to home page
	Reach STEP 1
	Reach STEP 2
	Reach STEP 3
	Recalculated Price
	[107.99626099][$12.87]DONE
[296] HITTING ... 
	Go to home page
	Reach STEP 1
	Fail to find 'Start my Quote' button on step 2 of quote page
	Reach STEP 2
	[296][70.836194376] MISSED: ["Renters", "95126", "Jase", "Meyer", "11/18/1989", "f", "2050 Southwest Expy 126", "San Jose", "CA", "N", "RENTED HOUSE - SINGLE FAMILY", "2 to 4", "0", nil, "0", "(415) 924-1196", "elias.cain@outlook.com", "N", "N", "N", "N", "Y", "N", "NONE", "N", "N", "Keep default.", "4000", "Keep default", "2000", "100000", "N", "750"]
	unable to locate element, using {:id=>"AddRenterBuy:PropertyType", :tag_name=>"select"}
[297] HITTING ... 
	Go to home page
	Reach STEP 1
	Fail to find 'Start my Quote' button on step 2 of quote page
	Reach STEP 2
	[297][85.816087051] MISSED: ["Renters", "94086", "Julia", "Davis", "06/06/1986", "m", "243 Buena Vista Ave", "Sunnyvale", "CA", "N", "RENTED HOUSE - SINGLE FAMILY", "2 to 4", "0", nil, "0", "(415) 421-4333", "william.palmer@gmail.com", "N", "N", "N", "N", "Y", "N", "NONE", "N", "N", "Keep default.", "4000", "Keep default", "2000", "100000", "N", "1000"]
	unable to locate element, using {:id=>"AddRenterBuy:PropertyType", :tag_name=>"select"}
[298] HITTING ... 
	Go to home page
	Reach STEP 1
	Reach STEP 2
	Reach STEP 3
	Recalculated Price
	[160.622144139][$10.83]DONE
[299] HITTING ... 
	Go to home page
	Reach STEP 1
	Reach STEP 2
	Reach STEP 3
	Recalculated Price
	[140.295689728][$10.83]DONE
[300] HITTING ... 
	change invalid email[alexandra.guerrero@aol.com] to default one
	Go to home page
	Reach STEP 1
	Fail to find 'Start my Quote' button on step 2 of quote page
	Reach STEP 2
	[300][77.504639442] MISSED: ["Renters", "95123", "Gavin", "Ramirez", "06/06/1986", "m", "6184 Cottle Rd", "San Jose", "CA", "N", "RENTED HOUSE - SINGLE FAMILY", "2 to 4", "0", nil, "0", "(408) 778-3237", "alexandra.guerrero@aol.com", "N", "N", "N", "N", "Y", "N", "NONE", "N", "N", "Keep default.", "4000", "Keep default", "2000", "100000", "N", "5000"]
	unable to locate element, using {:id=>"AddRenterBuy:PropertyType", :tag_name=>"select"}
