[1] HITTING ... 
	Go to home page
	Reach STEP 1
	Reach STEP 2
	Reach STEP 3
	Recalculated Price
	[68.57008066][$32.52]DONE
[2] HITTING ... 
	Go to home page
	Reach STEP 1
	Reach STEP 2
	Reach STEP 3
	Recalculated Price
	[45.869596896][$28.10]DONE
[3] HITTING ... 
	Go to home page
	Reach STEP 1
	Reach STEP 2
	Reach STEP 3
	Recalculated Price
	[41.882519889][$33.21]DONE
[4] HITTING ... 
	Go to home page
	Reach STEP 1
	Reach STEP 2
	Fail to find 'Continue' button on step 3 of quote page
	email[lilly.hayes@aol.com] is invalid, use default email
	Reach STEP 3
	Recalculated Price
	[79.643831207][$21.54]DONE
[5] HITTING ... 
	change invalid email[lilly.hayes@aol.com] to default one
	Go to home page
	Reach STEP 1
	Reach STEP 2
	Reach STEP 3
	Recalculated Price
	[46.432654744][$22.37]DONE
[6] HITTING ... 
	Go to home page
	Reach STEP 1
	Reach STEP 2
	Reach STEP 3
	[6][45.16497115] MISSED: ["Renters", "94301", "Jaxon", "Bennett", "03/08/1940", "m", "459 Hamilton Ave", "Palo Alto", "CA", "N", "RENTED HOUSE - SINGLE FAMILY", "2 to 4", "0", nil, "0", "(855) 365-1913", "scarlett.richard@gmail.com", "N", "N", "N", "N", "Y", "N", "NONE", "N", "N", "Keep default.", "80000", "Keep default", "1000", "100000", "N", "1000"]
	element not visible
  (Session info: chrome=45.0.2454.99)
  (Driver info: chromedriver=2.18.343837 (52eb4041461e46a6b73308ebb19e85787ced4281),platform=Linux 3.13.0-48-generic x86_64)
[7] HITTING ... 
	Go to home page
	Reach STEP 1
	Reach STEP 2
	Fail to find 'Continue' button on step 3 of quote page
	email[adrian.gilbert@outlook.com] is invalid, use default email
	Reach STEP 3
	Recalculated Price
	[76.783605291][$17.95]DONE
[8] HITTING ... 
	Go to home page
	Reach STEP 1
	Reach STEP 2
	Reach STEP 3
	Recalculated Price
	[44.704259678][$17.17]DONE
[9] HITTING ... 
	change invalid email[lilly.hayes@aol.com] to default one
	Go to home page
	Reach STEP 1
	Reach STEP 2
	Reach STEP 3
	Recalculated Price
	[46.35582034][$18.26]DONE
[10] HITTING ... 
	Go to home page
	Reach STEP 1
	Reach STEP 2
	Reach STEP 3
	Recalculated Price
	[53.605531681][$31.35]DONE
[11] HITTING ... 
	Go to home page
	Reach STEP 1
	Reach STEP 2
	Reach STEP 3
	Recalculated Price
	[48.986222783][$33.30]DONE
[12] HITTING ... 
	Go to home page
	Reach STEP 1
	Reach STEP 2
	Fail to find 'Continue' button on step 3 of quote page
	email[alexandra.guerrero@aol.com] is invalid, use default email
	Reach STEP 3
	Recalculated Price
	[86.656382875][$25.50]DONE
[13] HITTING ... 
	Go to home page
	Reach STEP 1
	Reach STEP 2
	Reach STEP 3
	Recalculated Price
	[46.921230109][$26.02]DONE
[14] HITTING ... 
	change invalid email[adrian.gilbert@outlook.com] to default one
	Go to home page
	Reach STEP 1
	Reach STEP 2
	Reach STEP 3
	Recalculated Price
	[52.532246115][$22.22]DONE
[15] HITTING ... 
	change invalid email[alexandra.guerrero@aol.com] to default one
	Go to home page
	Reach STEP 1
	Reach STEP 2
	Reach STEP 3
	Recalculated Price
	[47.352482315][$23.15]DONE
[16] HITTING ... 
	Go to home page
	Reach STEP 1
	Reach STEP 2
	Reach STEP 3
	Recalculated Price
	[49.22503862][$19.64]DONE
[17] HITTING ... 
	Go to home page
	Reach STEP 1
	Reach STEP 2
	Reach STEP 3
	Recalculated Price
	[47.868329615][$36.33]DONE
[18] HITTING ... 
	Go to home page
	Reach STEP 1
	Reach STEP 2
	Reach STEP 3
	Recalculated Price
	[55.885613585][$16.39]DONE
[19] HITTING ... 
	Go to home page
	Reach STEP 1
	Reach STEP 2
	Reach STEP 3
	Recalculated Price
	[46.286434807][$33.02]DONE
[20] HITTING ... 
	Go to home page
	Reach STEP 1
	Reach STEP 2
	Reach STEP 3
	Recalculated Price
	[46.334909842][$34.97]DONE
[21] HITTING ... 
	change invalid email[alexandra.guerrero@aol.com] to default one
	Go to home page
	Reach STEP 1
	Reach STEP 2
	Reach STEP 3
	Recalculated Price
	[47.89658621][$29.76]DONE
[22] HITTING ... 
	Go to home page
	Reach STEP 1
	Reach STEP 2
	Reach STEP 3
	Recalculated Price
	[63.403324971][$25.29]DONE
[23] HITTING ... 
	change invalid email[adrian.gilbert@outlook.com] to default one
	Go to home page
	Reach STEP 1
	Reach STEP 2
	Reach STEP 3
	Recalculated Price
	[47.049000012][$23.89]DONE
[24] HITTING ... 
	Go to home page
	Reach STEP 1
	Reach STEP 2
	Reach STEP 3
	Recalculated Price
	[63.875384116][$30.65]DONE
[25] HITTING ... 
	Go to home page
	Reach STEP 1
	Reach STEP 2
	Reach STEP 3
	Recalculated Price
	[46.536162031][$21.31]DONE
[26] HITTING ... 
	Go to home page
	Reach STEP 1
	Reach STEP 2
	Reach STEP 3
	Recalculated Price
	[50.359979533][$25.67]DONE
[27] HITTING ... 
	Go to home page
	Reach STEP 1
	Reach STEP 2
	Reach STEP 3
	Recalculated Price
	[48.278040271][$20.55]DONE
[28] HITTING ... 
	Go to home page
	Reach STEP 1
	Reach STEP 2
	Fail to find 'Continue' button on step 3 of quote page
	email[ian.schwartz@aol.com] is invalid, use default email
	Reach STEP 3
	Recalculated Price
	[81.841541767][$32.77]DONE
[29] HITTING ... 
	Go to home page
	Reach STEP 1
	Reach STEP 2
	Reach STEP 3
	Recalculated Price
	[48.23681515][$28.35]DONE
[30] HITTING ... 
	Go to home page
	Reach STEP 1
	Reach STEP 2
	Reach STEP 3
	Recalculated Price
	[49.662934204][$23.66]DONE
[31] HITTING ... 
	change invalid email[ian.schwartz@aol.com] to default one
	Go to home page
	Reach STEP 1
	Reach STEP 2
	Reach STEP 3
	Recalculated Price
	[56.659748352][$24.18]DONE
[32] HITTING ... 
	Go to home page
	Reach STEP 1
	Reach STEP 2
	Reach STEP 3
	Recalculated Price
	[50.498555137][$26.52]DONE
[33] HITTING ... 
	change invalid email[ian.schwartz@aol.com] to default one
	Go to home page
	Reach STEP 1
	Reach STEP 2
	Reach STEP 3
	Recalculated Price
	[58.498793174][$21.32]DONE
[34] HITTING ... 
	change invalid email[lilly.hayes@aol.com] to default one
	Go to home page
	Reach STEP 1
	Reach STEP 2
	Reach STEP 3
	Recalculated Price
	[52.250100567][$19.76]DONE
[35] HITTING ... 
	change invalid email[lilly.hayes@aol.com] to default one
	Go to home page
	Reach STEP 1
	Reach STEP 2
	Reach STEP 3
	Recalculated Price
	[49.900010638][$17.42]DONE
[36] HITTING ... 
	Go to home page
	Reach STEP 1
	Reach STEP 2
	Reach STEP 3
	Recalculated Price
	[48.298055746][$14.56]DONE
[37] HITTING ... 
	Go to home page
	Reach STEP 1
	Reach STEP 2
	Reach STEP 3
	Recalculated Price
	[55.144111491][$34.85]DONE
[38] HITTING ... 
	change invalid email[alexandra.guerrero@aol.com] to default one
	Go to home page
	Reach STEP 1
	Reach STEP 2
	Reach STEP 3
	Recalculated Price
	[47.5236077][$33.55]DONE
[39] HITTING ... 
	change invalid email[lilly.hayes@aol.com] to default one
	Go to home page
	Reach STEP 1
	Reach STEP 2
	Reach STEP 3
	Recalculated Price
	[50.332477033][$28.77]DONE
[40] HITTING ... 
	change invalid email[ian.schwartz@aol.com] to default one
	Go to home page
	Reach STEP 1
	Reach STEP 2
	Reach STEP 3
	Recalculated Price
	[46.133133141][$50.08]DONE
[41] HITTING ... 
	Go to home page
	Reach STEP 1
	Reach STEP 2
	Reach STEP 3
	Recalculated Price
	[46.566994031][$22.47]DONE
[42] HITTING ... 
	change invalid email[ian.schwartz@aol.com] to default one
	Go to home page
	Reach STEP 1
	Reach STEP 2
	Reach STEP 3
	Recalculated Price
	[46.795552183][$23.40]DONE
[43] HITTING ... 
	Go to home page
	Reach STEP 1
	Reach STEP 2
	Reach STEP 3
	Recalculated Price
	[49.998616632][$21.84]DONE
[44] HITTING ... 
	change invalid email[ian.schwartz@aol.com] to default one
	Go to home page
	Reach STEP 1
	Reach STEP 2
	Reach STEP 3
	Recalculated Price
	[50.98927451][$23.15]DONE
[45] HITTING ... 
	Go to home page
	Reach STEP 1
	Reach STEP 2
	Reach STEP 3
	Recalculated Price
	[53.749586172][$20.60]DONE
[46] HITTING ... 
	Go to home page
	Reach STEP 1
	Reach STEP 2
	Reach STEP 3
	Recalculated Price
	[44.257350371][$68.87]DONE
[47] HITTING ... 
	Go to home page
	Reach STEP 1
	Reach STEP 2
	Reach STEP 3
	Recalculated Price
	[46.698608887][$32.10]DONE
[48] HITTING ... 
	change invalid email[ian.schwartz@aol.com] to default one
	Go to home page
	Reach STEP 1
	Reach STEP 2
	Reach STEP 3
	Recalculated Price
	[50.192877738][$30.01]DONE
[49] HITTING ... 
	change invalid email[lilly.hayes@aol.com] to default one
	Go to home page
	Reach STEP 1
	Reach STEP 2
	Reach STEP 3
	Recalculated Price
	[52.629842366][$25.54]DONE
[50] HITTING ... 
	Go to home page
	Reach STEP 1
	Reach STEP 2
	Reach STEP 3
	Recalculated Price
	[47.383632965][$25.25]DONE
[51] HITTING ... 
	Go to home page
	Reach STEP 1
	Reach STEP 2
	Reach STEP 3
	Recalculated Price
	[46.687334469][$28.21]DONE
[52] HITTING ... 
	Go to home page
	Reach STEP 1
	Reach STEP 2
	Reach STEP 3
	Recalculated Price
	[79.131898178][$21.56]DONE
[53] HITTING ... 
	change invalid email[alexandra.guerrero@aol.com] to default one
	Go to home page
	Reach STEP 1
	Reach STEP 2
	Reach STEP 3
	Recalculated Price
	[57.32587598][$19.45]DONE
[54] HITTING ... 
	Go to home page
	Reach STEP 1
	Reach STEP 2
	Reach STEP 3
	Recalculated Price
	[46.034465964][$20.44]DONE
[55] HITTING ... 
	change invalid email[adrian.gilbert@outlook.com] to default one
	Go to home page
	Reach STEP 1
	Reach STEP 2
	Reach STEP 3
	Recalculated Price
	[48.161999177][$31.62]DONE
[56] HITTING ... 
	Go to home page
	Reach STEP 1
	Reach STEP 2
	Reach STEP 3
	Recalculated Price
	[47.508524291][$38.81]DONE
[57] HITTING ... 
	Go to home page
	Reach STEP 1
	Reach STEP 2
	Reach STEP 3
	Recalculated Price
	[45.787828864][$27.49]DONE
[58] HITTING ... 
	Go to home page
	Reach STEP 1
	Reach STEP 2
	Reach STEP 3
	Recalculated Price
	[44.635426434][$25.29]DONE
[59] HITTING ... 
	Go to home page
	Reach STEP 1
	Reach STEP 2
	Reach STEP 3
	Recalculated Price
	[56.760221703][$26.82]DONE
[60] HITTING ... 
	change invalid email[alexandra.guerrero@aol.com] to default one
	Go to home page
	Reach STEP 1
	Reach STEP 2
	Reach STEP 3
	[60][38.419663421] MISSED: ["Renters", "95134", "Declan", "Wade", "04/05/1941", "m", "70 Descanso Dr", "San Jose", "CA", "N", "RENTED HOUSE - SINGLE FAMILY", "2 to 4", "0", nil, "0", "(858) 565-0311", "alexandra.guerrero@aol.com", "N", "N", "N", "N", "Y", "N", "NONE", "N", "N", "Keep default.", "90000", "Keep default", "1000", "100000", "N", "1000"]
	element not visible
  (Session info: chrome=45.0.2454.99)
  (Driver info: chromedriver=2.18.343837 (52eb4041461e46a6b73308ebb19e85787ced4281),platform=Linux 3.13.0-48-generic x86_64)
[61] HITTING ... 
	change invalid email[adrian.gilbert@outlook.com] to default one
	Go to home page
	Reach STEP 1
	Reach STEP 2
	Reach STEP 3
	Recalculated Price
	[72.939919781][$18.56]DONE
[62] HITTING ... 
	change invalid email[adrian.gilbert@outlook.com] to default one
	Go to home page
	Reach STEP 1
	Reach STEP 2
	Reach STEP 3
	Recalculated Price
	[53.473606481][$16.33]DONE
[63] HITTING ... 
	Go to home page
	Reach STEP 1
	Reach STEP 2
	Reach STEP 3
	Recalculated Price
	[48.577932955][$19.34]DONE
[64] HITTING ... 
	change invalid email[ian.schwartz@aol.com] to default one
	Go to home page
	Reach STEP 1
	Reach STEP 2
	Reach STEP 3
	Recalculated Price
	[48.68317037][$43.83]DONE
[65] HITTING ... 
	Go to home page
	Reach STEP 1
	Reach STEP 2
	Reach STEP 3
	Recalculated Price
	[46.044745019][$44.27]DONE
[66] HITTING ... 
	change invalid email[ian.schwartz@aol.com] to default one
	Go to home page
	Reach STEP 1
	Reach STEP 2
	Reach STEP 3
	Recalculated Price
	[51.476933497][$37.24]DONE
[67] HITTING ... 
	Go to home page
	Reach STEP 1
	Reach STEP 2
	Reach STEP 3
	Recalculated Price
	[52.638380696][$34.43]DONE
[68] HITTING ... 
	Go to home page
	Reach STEP 1
	Reach STEP 2
	Reach STEP 3
	Recalculated Price
	[57.791643368][$28.91]DONE
[69] HITTING ... 
	Go to home page
	Reach STEP 1
	Reach STEP 2
	Reach STEP 3
	Recalculated Price
	[45.848023482][$30.56]DONE
[70] HITTING ... 
	Go to home page
	Reach STEP 1
	Reach STEP 2
	Reach STEP 3
	Recalculated Price
	[52.715382689][$20.64]DONE
[71] HITTING ... 
	change invalid email[alexandra.guerrero@aol.com] to default one
	Go to home page
	Reach STEP 1
	Reach STEP 2
	Reach STEP 3
	Recalculated Price
	[43.304250739][$20.23]DONE
[72] HITTING ... 
	Go to home page
	Reach STEP 1
	Reach STEP 2
	Reach STEP 3
	Recalculated Price
	[53.069905303][$15.99]DONE
[73] HITTING ... 
	Go to home page
	Reach STEP 1
	Reach STEP 2
	Reach STEP 3
	Recalculated Price
	[50.132025162][$34.68]DONE
[74] HITTING ... 
	Go to home page
	Reach STEP 1
	Reach STEP 2
	Reach STEP 3
	Recalculated Price
	[54.146959729][$34.10]DONE
[75] HITTING ... 
	Go to home page
	Reach STEP 1
	Reach STEP 2
	Reach STEP 3
	Recalculated Price
	[57.455557563][$35.39]DONE
[76] HITTING ... 
	Go to home page
	Reach STEP 1
	Reach STEP 2
	Reach STEP 3
	Recalculated Price
	[50.670334615][$36.09]DONE
[77] HITTING ... 
	change invalid email[ian.schwartz@aol.com] to default one
	Go to home page
	Reach STEP 1
	Reach STEP 2
	Reach STEP 3
	Recalculated Price
	[43.491575248][$25.03]DONE
[78] HITTING ... 
	change invalid email[lilly.hayes@aol.com] to default one
	Go to home page
	Reach STEP 1
	Reach STEP 2
	Reach STEP 3
	Recalculated Price
	[49.14538819][$26.02]DONE
[79] HITTING ... 
	change invalid email[alexandra.guerrero@aol.com] to default one
	Go to home page
	Reach STEP 1
	Reach STEP 2
	Reach STEP 3
	Recalculated Price
	[48.068020609][$22.31]DONE
[80] HITTING ... 
	change invalid email[lilly.hayes@aol.com] to default one
	Go to home page
	Reach STEP 1
	Reach STEP 2
	Reach STEP 3
	Recalculated Price
	[61.319598268][$21.89]DONE
[81] HITTING ... 
	change invalid email[lilly.hayes@aol.com] to default one
	Go to home page
	Reach STEP 1
	Reach STEP 2
	Reach STEP 3
	Recalculated Price
	[47.050126346][$17.36]DONE
[82] HITTING ... 
	change invalid email[lilly.hayes@aol.com] to default one
	Go to home page
	Reach STEP 1
	Reach STEP 2
	Reach STEP 3
	Recalculated Price
	[59.146443373][$31.18]DONE
[83] HITTING ... 
	change invalid email[adrian.gilbert@outlook.com] to default one
	Go to home page
	Reach STEP 1
	Reach STEP 2
	Reach STEP 3
	Recalculated Price
	[48.296768126][$30.60]DONE
[84] HITTING ... 
	Go to home page
	Reach STEP 1
	Reach STEP 2
	Reach STEP 3
	Recalculated Price
	[57.528237276][$27.74]DONE
[85] HITTING ... 
	Go to home page
	Reach STEP 1
	Reach STEP 2
	Reach STEP 3
	Recalculated Price
	[51.47325441][$32.59]DONE
[86] HITTING ... 
	change invalid email[ian.schwartz@aol.com] to default one
	Go to home page
	Reach STEP 1
	Reach STEP 2
	Reach STEP 3
	Recalculated Price
	[61.649901372][$27.46]DONE
[87] HITTING ... 
	Go to home page
	Reach STEP 1
	Reach STEP 2
	Reach STEP 3
	Recalculated Price
	[65.849942099][$25.88]DONE
[88] HITTING ... 
	change invalid email[lilly.hayes@aol.com] to default one
	Go to home page
	Reach STEP 1
	Reach STEP 2
	Reach STEP 3
	Recalculated Price
	[57.985081051][$18.81]DONE
[89] HITTING ... 
	Go to home page
	Reach STEP 1
	Reach STEP 2
	Reach STEP 3
	Recalculated Price
	[49.30850667][$17.49]DONE
[90] HITTING ... 
	Go to home page
	Reach STEP 1
	Reach STEP 2
	Reach STEP 3
	Recalculated Price
	[47.645367412][$13.86]DONE
[91] HITTING ... 
	change invalid email[alexandra.guerrero@aol.com] to default one
	Go to home page
	Reach STEP 1
	Reach STEP 2
	Reach STEP 3
	Recalculated Price
	[64.359262686][$33.26]DONE
[92] HITTING ... 
	Go to home page
	Reach STEP 1
	Reach STEP 2
	Reach STEP 3
	Recalculated Price
	[50.506040271][$32.03]DONE
[93] HITTING ... 
	Go to home page
	Reach STEP 1
	Reach STEP 2
	Reach STEP 3
	Recalculated Price
	[72.424433258][$57.32]DONE
[94] HITTING ... 
	Go to home page
	Reach STEP 1
	Reach STEP 2
	Reach STEP 3
	Recalculated Price
	[47.11423173][$31.03]DONE
[95] HITTING ... 
	Go to home page
	Reach STEP 1
	Reach STEP 2
	Reach STEP 3
	Recalculated Price
	[76.653316019][$29.16]DONE
[96] HITTING ... 
	Go to home page
	Reach STEP 1
	Reach STEP 2
	Reach STEP 3
	Recalculated Price
	[51.724613067][$25.07]DONE
[97] HITTING ... 
	Go to home page
	Reach STEP 1
	Reach STEP 2
	Reach STEP 3
	Recalculated Price
	[52.040031563][$28.70]DONE
[98] HITTING ... 
	Go to home page
	Reach STEP 1
	Reach STEP 2
	Reach STEP 3
	Recalculated Price
	[50.299402659][$18.66]DONE
[99] HITTING ... 
	Go to home page
	Reach STEP 1
	Reach STEP 2
	Reach STEP 3
	Recalculated Price
	[54.24712898][$16.25]DONE
[100] HITTING ... 
	change invalid email[alexandra.guerrero@aol.com] to default one
	Go to home page
	Reach STEP 1
	Reach STEP 2
	Reach STEP 3
	Recalculated Price
	[50.307865998][$34.93]DONE
[101] HITTING ... 
	Go to home page
	Reach STEP 1
	Reach STEP 2
	Reach STEP 3
	Recalculated Price
	[48.970846349][$33.69]DONE
[102] HITTING ... 
	change invalid email[lilly.hayes@aol.com] to default one
	Go to home page
	Reach STEP 1
	Reach STEP 2
	Reach STEP 3
	Recalculated Price
	[56.493517725][$31.49]DONE
[103] HITTING ... 
	change invalid email[ian.schwartz@aol.com] to default one
	Go to home page
	Reach STEP 1
	Reach STEP 2
	Reach STEP 3
	Recalculated Price
	[43.847797444][$29.29]DONE
[104] HITTING ... 
	Go to home page
	Reach STEP 1
	Reach STEP 2
	Reach STEP 3
	Recalculated Price
	[63.447873152][$27.64]DONE
[105] HITTING ... 
	change invalid email[lilly.hayes@aol.com] to default one
	Go to home page
	Reach STEP 1
	Reach STEP 2
	Reach STEP 3
	Recalculated Price
	[51.248460466][$24.49]DONE
[106] HITTING ... 
	Go to home page
	Reach STEP 1
	Reach STEP 2
	Reach STEP 3
	Recalculated Price
	[58.674762522][$24.62]DONE
[107] HITTING ... 
	Go to home page
	Reach STEP 1
	Reach STEP 2
	Reach STEP 3
	Recalculated Price
	[48.774090175][$25.35]DONE
[108] HITTING ... 
	Go to home page
	Reach STEP 1
	Reach STEP 2
	Reach STEP 3
	Recalculated Price
	[66.68084638][$17.61]DONE
[109] HITTING ... 
	Go to home page
	Reach STEP 1
	Reach STEP 2
	Reach STEP 3
	Recalculated Price
	[49.74454108][$46.21]DONE
[110] HITTING ... 
	change invalid email[lilly.hayes@aol.com] to default one
	Go to home page
	Reach STEP 1
	Reach STEP 2
	Reach STEP 3
	Recalculated Price
	[48.586619987][$39.93]DONE
[111] HITTING ... 
	Go to home page
	Reach STEP 1
	Reach STEP 2
	Reach STEP 3
	Recalculated Price
	[49.509249739][$28.90]DONE
[112] HITTING ... 
	Go to home page
	Reach STEP 1
	Reach STEP 2
	Reach STEP 3
	Recalculated Price
	[47.881060296][$26.59]DONE
[113] HITTING ... 
	Go to home page
	Reach STEP 1
	Reach STEP 2
	Reach STEP 3
	Recalculated Price
	[58.455946473][$24.86]DONE
[114] HITTING ... 
	Go to home page
	Reach STEP 1
	Reach STEP 2
	Reach STEP 3
	[114][36.625306662] MISSED: ["Renters", "94087", "Hannah", "Torres", "12/1/1973", "f", "575 E Remington Dr", "Sunnyvale", "CA", "N", "RENTED HOUSE - SINGLE FAMILY", "2 to 4", "0", nil, "0", "(408) 288-7368", "ana.webster@gmail.com", "N", "N", "N", "N", "Y", "N", "NONE", "N", "N", "Keep default.", "100000", "Keep default", "1000", "100000", "N", "1000"]
	element not visible
  (Session info: chrome=45.0.2454.99)
  (Driver info: chromedriver=2.18.343837 (52eb4041461e46a6b73308ebb19e85787ced4281),platform=Linux 3.13.0-48-generic x86_64)
[115] HITTING ... 
	Go to home page
	Reach STEP 1
	Reach STEP 2
	Reach STEP 3
	Recalculated Price
	[50.918287117][$19.51]DONE
[116] HITTING ... 
	change invalid email[adrian.gilbert@outlook.com] to default one
	Go to home page
	Reach STEP 1
	Reach STEP 2
	Reach STEP 3
	Recalculated Price
	[51.776656001][$21.96]DONE
[117] HITTING ... 
	change invalid email[lilly.hayes@aol.com] to default one
	Go to home page
	Reach STEP 1
	Reach STEP 2
	Reach STEP 3
	Recalculated Price
	[62.276001152][$18.71]DONE
[118] HITTING ... 
	Go to home page
	Reach STEP 1
	Reach STEP 2
	Reach STEP 3
	Recalculated Price
	[63.199072238][$38.21]DONE
[119] HITTING ... 
	Go to home page
	Reach STEP 1
	Reach STEP 2
	Reach STEP 3
	Recalculated Price
	[62.90504803][$36.77]DONE
[120] HITTING ... 
	change invalid email[ian.schwartz@aol.com] to default one
	Go to home page
	Reach STEP 1
	Reach STEP 2
	Reach STEP 3
	Recalculated Price
	[59.428437506][$28.68]DONE
[121] HITTING ... 
	Go to home page
	Reach STEP 1
	Reach STEP 2
	Reach STEP 3
	Recalculated Price
	[92.026532552][$36.10]DONE
[122] HITTING ... 
	change invalid email[alexandra.guerrero@aol.com] to default one
	Go to home page
	Reach STEP 1
	Reach STEP 2
	Reach STEP 3
	Recalculated Price
	[65.19649393][$26.94]DONE
[123] HITTING ... 
	change invalid email[ian.schwartz@aol.com] to default one
	Go to home page
	Reach STEP 1
	Reach STEP 2
	Reach STEP 3
	Recalculated Price
	[64.712474155][$25.50]DONE
[124] HITTING ... 
	change invalid email[ian.schwartz@aol.com] to default one
	Go to home page
	Reach STEP 1
	Reach STEP 2
	Reach STEP 3
	Recalculated Price
	[92.441888683][$21.59]DONE
[125] HITTING ... 
	change invalid email[adrian.gilbert@outlook.com] to default one
	Go to home page
	Reach STEP 1
	Reach STEP 2
	Reach STEP 3
	Recalculated Price
	[98.054667568][$19.25]DONE
[126] HITTING ... 
	change invalid email[adrian.gilbert@outlook.com] to default one
	Go to home page
	Reach STEP 1
	Reach STEP 2
	Reach STEP 3
	Recalculated Price
	[100.904854888][$33.92]DONE
[127] HITTING ... 
	change invalid email[alexandra.guerrero@aol.com] to default one
	Go to home page
	Reach STEP 1
	Reach STEP 2
	Reach STEP 3
	Recalculated Price
	[105.640440745][$47.65]DONE
[128] HITTING ... 
	change invalid email[ian.schwartz@aol.com] to default one
	Go to home page
	Reach STEP 1
	Reach STEP 2
	Reach STEP 3
	Fail to find 'Recalculated' button on step 3 of quote page
	Recalculated Price
	[173.434246068][$39.10]DONE
[129] HITTING ... 
	change invalid email[alexandra.guerrero@aol.com] to default one
	Go to home page
	Reach STEP 1
	Reach STEP 2
	Reach STEP 3
	Recalculated Price
	[162.078506237][$36.49]DONE
[130] HITTING ... 
	change invalid email[adrian.gilbert@outlook.com] to default one
	Go to home page
	Reach STEP 1
	Reach STEP 2
	Reach STEP 3
	Recalculated Price
	[161.72953286][$34.36]DONE
[131] HITTING ... 
	Go to home page
	Reach STEP 1
	Reach STEP 2
	Reach STEP 3
	Recalculated Price
	[148.685751424][$32.36]DONE
[132] HITTING ... 
	change invalid email[adrian.gilbert@outlook.com] to default one
	Go to home page
	Reach STEP 1
	Reach STEP 2
	Reach STEP 3
	Recalculated Price
	[126.259090817][$27.16]DONE
[133] HITTING ... 
	Go to home page
	Reach STEP 1
	Reach STEP 2
	Reach STEP 3
	Recalculated Price
	[186.591524396][$28.30]DONE
[134] HITTING ... 
	change invalid email[ian.schwartz@aol.com] to default one
	Go to home page
	Reach STEP 1
	Fail to find 'Start my Quote' button on step 2 of quote page
	Reach STEP 2
	[134][98.645371357] MISSED: ["Renters", "94087", "Silas", "Coleman", "03/08/1940", "f", "902 W Remington Dr", "Sunnyvale", "CA", "N", "RENTED HOUSE - SINGLE FAMILY", "2 to 4", "0", nil, "0", "(619) 561-2320", "ian.schwartz@aol.com", "N", "N", "N", "N", "Y", "N", "NONE", "N", "N", "Keep default.", "100000", "Keep default", "1000", "500000", "N", "2500"]
	unable to locate element, using {:id=>"AddRenterBuy:PropertyType", :tag_name=>"select"}
[135] HITTING ... 
	Go to home page
	Reach STEP 1
	Reach STEP 2
	Reach STEP 3
	Recalculated Price
	[187.223446135][$18.06]DONE
[136] HITTING ... 
	change invalid email[ian.schwartz@aol.com] to default one
	Go to home page
	Reach STEP 1
	Reach STEP 2
	Reach STEP 3
	Recalculated Price
	[178.623708375][$36.38]DONE
[137] HITTING ... 
	Go to home page
	Reach STEP 1
	Fail to find 'Start my Quote' button on step 2 of quote page
	Reach STEP 2
	[137][89.181830735] MISSED: ["Renters", "94086", "Gavin", "Gibbs", "11/12/1942", "m", "1035 Aster Ave", "Sunnyvale", "CA", "N", "RENTED HOUSE - SINGLE FAMILY", "2 to 4", "0", nil, "0", "(415) 749-0101", "scarlett.richard@gmail.com", "N", "N", "N", "N", "Y", "N", "NONE", "N", "N", "Keep default.", "100000", "Keep default", "2000", "100000", "N", "100 / 250"]
	unable to locate element, using {:id=>"AddRenterBuy:PropertyType", :tag_name=>"select"}
[138] HITTING ... 
	change invalid email[lilly.hayes@aol.com] to default one
	Go to home page
	Reach STEP 1
	Reach STEP 2
	Reach STEP 3
	Recalculated Price
	[131.49092963][$29.71]DONE
[139] HITTING ... 
	Go to home page
	Reach STEP 1
	Reach STEP 2
	Reach STEP 3
	Recalculated Price
	[127.123555436][$24.18]DONE
[140] HITTING ... 
	Go to home page
	Reach STEP 1
	Reach STEP 2
	Reach STEP 3
	Recalculated Price
	[152.986253859][$32.05]DONE
[141] HITTING ... 
	Go to home page
	Reach STEP 1
	Reach STEP 2
	Reach STEP 3
	Recalculated Price
	[156.172327176][$23.66]DONE
[142] HITTING ... 
	change invalid email[alexandra.guerrero@aol.com] to default one
	Go to home page
	Reach STEP 1
	Reach STEP 2
	Reach STEP 3
	Recalculated Price
	[157.341116031][$19.76]DONE
[143] HITTING ... 
	Go to home page
	Reach STEP 1
	Reach STEP 2
	Reach STEP 3
	Recalculated Price
	[161.426537138][$19.33]DONE
[144] HITTING ... 
	change invalid email[ian.schwartz@aol.com] to default one
	Go to home page
	Reach STEP 1
	Reach STEP 2
	Reach STEP 3
	Recalculated Price
	[120.43293392][$16.15]DONE
[145] HITTING ... 
	change invalid email[ian.schwartz@aol.com] to default one
	Go to home page
	Reach STEP 1
	Reach STEP 2
	Reach STEP 3
	Recalculated Price
	[162.684122012][$36.66]DONE
[146] HITTING ... 
	change invalid email[alexandra.guerrero@aol.com] to default one
	Go to home page
	Reach STEP 1
	Reach STEP 2
	Reach STEP 3
	Recalculated Price
	[182.457430443][$33.55]DONE
[147] HITTING ... 
	Go to home page
	Reach STEP 1
	Fail to find 'Start my Quote' button on step 2 of quote page
	Reach STEP 2
	[147][110.530882512] MISSED: ["Renters", "95035", "Ariana", "Wilkinson", "03/27/1954", "m", "755 E Capitol Ave", "Milpitas", "CA", "N", "RENTED HOUSE - SINGLE FAMILY", "2 to 4", "0", nil, "0", "(408) 733-9095", "eden.chen@outlook.com", "N", "N", "N", "N", "Y", "N", "NONE", "N", "N", "Keep default.", "100000", "Keep default", "2000", "300000", "N", "250"]
	unable to locate element, using {:id=>"AddRenterBuy:PropertyType", :tag_name=>"select"}
[148] HITTING ... 
	Go to home page
	Reach STEP 1
	Reach STEP 2
	Reach STEP 3
	Recalculated Price
	[180.203192616][$28.93]DONE
[149] HITTING ... 
	Go to home page
	Reach STEP 1
	Reach STEP 2
	Reach STEP 3
	Recalculated Price
	[157.396074771][$27.19]DONE
[150] HITTING ... 
	change invalid email[ian.schwartz@aol.com] to default one
	Go to home page
	Reach STEP 1
	Reach STEP 2
	Reach STEP 3
	Recalculated Price
	[134.718262192][$25.75]DONE
[151] HITTING ... 
	change invalid email[adrian.gilbert@outlook.com] to default one
	Go to home page
	Reach STEP 1
	Reach STEP 2
	Reach STEP 3
	Recalculated Price
	[128.135147698][$25.66]DONE
[152] HITTING ... 
	Go to home page
	Reach STEP 1
	Reach STEP 2
	Reach STEP 3
	Recalculated Price
	[166.593607986][$21.41]DONE
[153] HITTING ... 
	Go to home page
	Reach STEP 1
	Reach STEP 2
	Reach STEP 3
	Recalculated Price
	[166.758020626][$22.67]DONE
[154] HITTING ... 
	change invalid email[lilly.hayes@aol.com] to default one
	Go to home page
	Reach STEP 1
	Reach STEP 2
	Reach STEP 3
	Recalculated Price
	[158.182060956][$37.24]DONE
[155] HITTING ... 
	change invalid email[adrian.gilbert@outlook.com] to default one
	Go to home page
	Reach STEP 1
	Reach STEP 2
	Reach STEP 3
	Recalculated Price
	[156.677998921][$35.22]DONE
[156] HITTING ... 
	Go to home page
	Reach STEP 1
	Reach STEP 2
	Reach STEP 3
	Recalculated Price
	[128.353241154][$32.90]DONE
[157] HITTING ... 
	change invalid email[ian.schwartz@aol.com] to default one
	Go to home page
	Reach STEP 1
	Reach STEP 2
	Reach STEP 3
	Recalculated Price
	[174.662988031][$30.59]DONE
[158] HITTING ... 
	Go to home page
	Reach STEP 1
	Reach STEP 2
	Reach STEP 3
	Recalculated Price
	[173.821212121][$28.86]DONE
[159] HITTING ... 
	Go to home page
	Reach STEP 1
	Fail to find 'Start my Quote' button on step 2 of quote page
	Reach STEP 2
	[159][93.122024207] MISSED: ["Renters", "95112", "Elliot", "Powell", "04/05/1941", "f", "1700 N 1st St", "San Jose", "CA", "N", "RENTED HOUSE - SINGLE FAMILY", "2 to 4", "0", nil, "0", "(415) 615-9200", "savannah.silva@aol.com", "N", "N", "N", "N", "Y", "N", "NONE", "N", "N", "Keep default.", "100000", "Keep default", "2000", "500000", "N", "1000"]
	unable to locate element, using {:id=>"AddRenterBuy:PropertyType", :tag_name=>"select"}
[160] HITTING ... 
	change invalid email[alexandra.guerrero@aol.com] to default one
	Go to home page
	Reach STEP 1
	Reach STEP 2
	Reach STEP 3
	Recalculated Price
	[167.836948858][$26.10]DONE
[161] HITTING ... 
	Go to home page
	Reach STEP 1
	Reach STEP 2
	Reach STEP 3
	Recalculated Price
	[159.299176][$22.12]DONE
[162] HITTING ... 
	Go to home page
	Reach STEP 1
	Fail to find 'Start my Quote' button on step 2 of quote page
	Reach STEP 2
	[162][77.510571639] MISSED: ["Renters", "94086", "Eden", "Cabrera", "12/1/1973", "f", "655 S Fair Oaks Ave", "Sunnyvale", "CA", "N", "RENTED HOUSE - SINGLE FAMILY", "2 to 4", "0", nil, "0", "(415) 777-4850", "william.palmer@gmail.com", "N", "N", "N", "N", "Y", "N", "NONE", "N", "N", "Keep default.", "100000", "Keep default", "2000", "500000", "N", "5000"]
	unable to locate element, using {:id=>"AddRenterBuy:PropertyType", :tag_name=>"select"}
[163] HITTING ... 
	change invalid email[alexandra.guerrero@aol.com] to default one
	Go to home page
	Reach STEP 1
	Reach STEP 2
	Reach STEP 3
	Recalculated Price
	[124.389037278][$14.07]DONE
[164] HITTING ... 
	change invalid email[ian.schwartz@aol.com] to default one
	Go to home page
	Reach STEP 1
	Reach STEP 2
	Reach STEP 3
	Recalculated Price
	[143.847600626][$18.24]DONE
[165] HITTING ... 
	Go to home page
	Reach STEP 1
	Reach STEP 2
	Reach STEP 3
	Recalculated Price
	[158.543805751][$12.51]DONE
[166] HITTING ... 
	Go to home page
	Reach STEP 1
	Reach STEP 2
	Reach STEP 3
	Recalculated Price
	[168.356866101][$11.51]DONE
[167] HITTING ... 
	Go to home page
	Reach STEP 1
	Reach STEP 2
	Reach STEP 3
	Recalculated Price
	[163.276023738][$10.83]DONE
[168] HITTING ... 
	Go to home page
	Reach STEP 1
	Reach STEP 2
	Reach STEP 3
	[168][106.172149964] MISSED: ["Renters", "95126", "Ella", "Mendoza", "11/12/1942", "m", "1201 Parkmoor Ave", "San Jose", "CA", "N", "RENTED HOUSE - SINGLE FAMILY", "5+", "0", nil, "0", "(888) 270-6855", "eden.chen@outlook.com", "N", "N", "N", "N", "Y", "N", "NONE", "N", "N", "Keep default.", "4000", "Keep default", "1000", "100000", "N", "1000"]
	element not visible
  (Session info: chrome=45.0.2454.99)
  (Driver info: chromedriver=2.18.343837 (52eb4041461e46a6b73308ebb19e85787ced4281),platform=Linux 3.13.0-48-generic x86_64)
[169] HITTING ... 
	Go to home page
	Reach STEP 1
	Fail to find 'Start my Quote' button on step 2 of quote page
	Reach STEP 2
	[169][78.279304038] MISSED: ["Renters", "95014", "Grace", "Flynn", "03/27/1954", "f", "19608 Pruneridge Ave", "Cupertino", "CA", "N", "RENTED HOUSE - SINGLE FAMILY", "5+", "0", nil, "0", "(415) 459-2900", "savannah.silva@aol.com", "N", "N", "N", "N", "Y", "N", "NONE", "N", "N", "Keep default.", "4000", "Keep default", "1000", "100000", "N", "1500"]
	unable to locate element, using {:id=>"AddRenterBuy:PropertyType", :tag_name=>"select"}
[170] HITTING ... 
	change invalid email[ian.schwartz@aol.com] to default one
	Go to home page
	Reach STEP 1
	Fail to find 'Start my Quote' button on step 2 of quote page
	Reach STEP 2
	[170][79.467883355] MISSED: ["Renters", "95112", "Brielle", "Steele", "03/03/1967", "f", "1700 N 1st St", "San Jose", "CA", "N", "RENTED HOUSE - SINGLE FAMILY", "5+", "0", nil, "0", "(707) 762-5126", "ian.schwartz@aol.com", "N", "N", "N", "N", "Y", "N", "NONE", "N", "N", "Keep default.", "4000", "Keep default", "1000", "100000", "N", "2500"]
	unable to locate element, using {:id=>"AddRenterBuy:PropertyType", :tag_name=>"select"}
[171] HITTING ... 
	change invalid email[ian.schwartz@aol.com] to default one
	Go to home page
	Reach STEP 1
	Fail to find 'Start my Quote' button on step 2 of quote page
	Reach STEP 2
	[171][79.118590154] MISSED: ["Renters", "95113", "Reese", "Owen", "11/12/1942", "f", "360 S Market St", "San Jose", "CA", "N", "RENTED HOUSE - SINGLE FAMILY", "5+", "0", nil, "0", "(831) 585-1628", "ian.schwartz@aol.com", "N", "N", "N", "N", "Y", "N", "NONE", "N", "N", "Keep default.", "4000", "Keep default", "1000", "100000", "N", "5000"]
	unable to locate element, using {:id=>"AddRenterBuy:PropertyType", :tag_name=>"select"}
[172] HITTING ... 
	change invalid email[alexandra.guerrero@aol.com] to default one
	Go to home page
	Reach STEP 1
	Reach STEP 2
	Reach STEP 3
	Recalculated Price
	[162.262643917][$16.16]DONE
[173] HITTING ... 
	Go to home page
	Reach STEP 1
	Reach STEP 2
	Reach STEP 3
	Recalculated Price
	[155.493800384][$19.37]DONE
[174] HITTING ... 
	change invalid email[ian.schwartz@aol.com] to default one
	Go to home page
	Reach STEP 1
	Reach STEP 2
	Reach STEP 3
	Recalculated Price
	[197.44930269][$14.83]DONE
[175] HITTING ... 
	Go to home page
	Reach STEP 1
	Reach STEP 2
	Reach STEP 3
	Recalculated Price
	[168.548421044][$12.67]DONE
[176] HITTING ... 
	Go to home page
	Reach STEP 1
	Fail to find 'Start my Quote' button on step 2 of quote page
	Reach STEP 2
	[176][97.726814308] MISSED: ["Renters", "95054", "Savannah", "Cobb", "02/04/1961", "m", "730 Agnew Rd", "Santa Clara", "CA", "N", "RENTED HOUSE - SINGLE FAMILY", "5+", "0", nil, "0", "(415) 345-4400", "savannah.silva@aol.com", "N", "N", "N", "N", "Y", "N", "NONE", "N", "N", "Keep default.", "4000", "Keep default", "1000", "300000", "N", "750"]
	unable to locate element, using {:id=>"AddRenterBuy:PropertyType", :tag_name=>"select"}
[177] HITTING ... 
	change invalid email[alexandra.guerrero@aol.com] to default one
	Go to home page
	Reach STEP 1
	Reach STEP 2
	Reach STEP 3
	Recalculated Price
	[180.782877012][$13.75]DONE
[178] HITTING ... 
	Go to home page
	Reach STEP 1
	Reach STEP 2
	Reach STEP 3
	Recalculated Price
	[188.217016393][$10.83]DONE
[179] HITTING ... 
	Go to home page
	Reach STEP 1
	Fail to find 'Start my Quote' button on step 2 of quote page
	Reach STEP 2
	[179][84.470241241] MISSED: ["Renters", "95008", "Lila", "Grant", "02/04/1961", "f", "1630 W Campbell Ave", "Campbell", "CA", "N", "RENTED HOUSE - SINGLE FAMILY", "5+", "0", nil, "0", "(650) 359-1757", "eden.chen@outlook.com", "N", "N", "N", "N", "Y", "N", "NONE", "N", "N", "Keep default.", "4000", "Keep default", "1000", "300000", "N", "2500"]
	unable to locate element, using {:id=>"AddRenterBuy:PropertyType", :tag_name=>"select"}
[180] HITTING ... 
	change invalid email[lilly.hayes@aol.com] to default one
	Go to home page
	Reach STEP 1
	Reach STEP 2
	Reach STEP 3
	Recalculated Price
	[152.946245576][$10.83]DONE
[181] HITTING ... 
	change invalid email[alexandra.guerrero@aol.com] to default one
	Go to home page
	Reach STEP 1
	Fail to find 'Start my Quote' button on step 2 of quote page
	Reach STEP 2
	[181][83.182778507] MISSED: ["Renters", "95126", "Lilly", "Robertson", "02/04/1961", "f", "2050 Southwest Expy 126", "San Jose", "CA", "N", "RENTED HOUSE - SINGLE FAMILY", "5+", "0", nil, "0", "(707) 766-9500", "alexandra.guerrero@aol.com", "N", "N", "N", "N", "Y", "N", "NONE", "N", "N", "Keep default.", "4000", "Keep default", "1000", "500000", "N", "100"]
	unable to locate element, using {:id=>"AddRenterBuy:PropertyType", :tag_name=>"select"}
[182] HITTING ... 
	Go to home page
	Reach STEP 1
	Fail to find 'Start my Quote' button on step 2 of quote page
	Reach STEP 2
	[182][79.979787945] MISSED: ["Renters", "94089", "Aria", "Gill", "03/08/1940", "f", "1235 Wildwood Ave", "Sunnyvale", "CA", "N", "RENTED HOUSE - SINGLE FAMILY", "5+", "0", nil, "0", "(415) 354-4506", "savannah.silva@aol.com", "N", "N", "N", "N", "Y", "N", "NONE", "N", "N", "Keep default.", "4000", "Keep default", "1000", "500000", "N", "100 / 250"]
	unable to locate element, using {:id=>"AddRenterBuy:PropertyType", :tag_name=>"select"}
[183] HITTING ... 
	change invalid email[alexandra.guerrero@aol.com] to default one
	Go to home page
	Reach STEP 1
	Reach STEP 2
	Reach STEP 3
	Recalculated Price
	[171.190356785][$18.15]DONE
[184] HITTING ... 
	Go to home page
	Reach STEP 1
	Reach STEP 2
	Reach STEP 3
	Recalculated Price
	[145.97297356][$14.11]DONE
[185] HITTING ... 
	Go to home page
	Reach STEP 1
	Reach STEP 2
	Reach STEP 3
	Recalculated Price
	[152.171813004][$13.43]DONE
[186] HITTING ... 
	change invalid email[lilly.hayes@aol.com] to default one
	Go to home page
	Reach STEP 1
	Reach STEP 2
	Reach STEP 3
	Fail to find 'Recalculated' button on step 3 of quote page
	Recalculated Price
	[163.9045983][$15.42]DONE
[187] HITTING ... 
	Go to home page
	Reach STEP 1
	Fail to find 'Start my Quote' button on step 2 of quote page
	Reach STEP 2
	[187][87.958723248] MISSED: ["Renters", "95050", "Jude", "Wilkins", "11/12/1942", "f", "2200 Monroe St", "Santa Clara", "CA", "N", "RENTED HOUSE - SINGLE FAMILY", "5+", "0", nil, "0", "(408) 437-1900", "william.palmer@gmail.com", "N", "N", "N", "N", "Y", "N", "NONE", "N", "N", "Keep default.", "4000", "Keep default", "1000", "500000", "N", "1500"]
	unable to locate element, using {:id=>"AddRenterBuy:PropertyType", :tag_name=>"select"}
[188] HITTING ... 
	Go to home page
	Reach STEP 1
	Reach STEP 2
	Reach STEP 3
	Recalculated Price
	[140.713385041][$11.18]DONE
[189] HITTING ... 
	change invalid email[lilly.hayes@aol.com] to default one
	Go to home page
	Reach STEP 1
	Reach STEP 2
	Reach STEP 3
	Recalculated Price
	[126.216044884][$11.67]DONE
[190] HITTING ... 
	Go to home page
	Reach STEP 1
	Reach STEP 2
	Reach STEP 3
	Recalculated Price
	[143.904206506][$15.88]DONE
[191] HITTING ... 
	change invalid email[ian.schwartz@aol.com] to default one
	Go to home page
	Reach STEP 1
	Reach STEP 2
	Reach STEP 3
	Recalculated Price
	[186.449191722][$13.76]DONE
[192] HITTING ... 
	Go to home page
	Reach STEP 1
	Reach STEP 2
	Reach STEP 3
	Recalculated Price
	[171.547293862][$12.76]DONE
[193] HITTING ... 
	change invalid email[ian.schwartz@aol.com] to default one
	Go to home page
	Reach STEP 1
	Reach STEP 2
	Reach STEP 3
	Recalculated Price
	[163.654806208][$20.96]DONE
[194] HITTING ... 
	Go to home page
	Reach STEP 1
	Fail to find 'Start my Quote' button on step 2 of quote page
	Reach STEP 2
	[194][91.636967646] MISSED: ["Renters", "94087", "Lydia", "Jackson", "03/08/1940", "m", "575 E Remington Dr", "Sunnyvale", "CA", "N", "RENTED HOUSE - SINGLE FAMILY", "5+", "0", nil, "0", "(510) 865-1139", "scarlett.richard@gmail.com", "N", "N", "N", "N", "Y", "N", "NONE", "N", "N", "Keep default.", "4000", "Keep default", "2000", "100000", "N", "750"]
	unable to locate element, using {:id=>"AddRenterBuy:PropertyType", :tag_name=>"select"}
[195] HITTING ... 
	Go to home page
	Reach STEP 1
	Reach STEP 2
	Reach STEP 3
	Recalculated Price
	[142.802713728][$13.21]DONE
[196] HITTING ... 
	Go to home page
	Reach STEP 1
	Reach STEP 2
	Reach STEP 3
	Recalculated Price
	[137.500158954][$10.83]DONE
[197] HITTING ... 
	Go to home page
	Reach STEP 1
	Reach STEP 2
	Reach STEP 3
	Recalculated Price
	[166.950336823][$10.83]DONE
[198] HITTING ... 
	Go to home page
	Reach STEP 1
	Fail to find 'Start my Quote' button on step 2 of quote page
	Reach STEP 2
	[198][93.129731534] MISSED: ["Renters", "95050", "Joseph", "Reynolds", "11/12/1942", "m", "1599 Warburton Ave", "Santa Clara", "CA", "N", "RENTED HOUSE - SINGLE FAMILY", "5+", "0", nil, "0", "(760) 434-6161", "elias.cain@outlook.com", "N", "N", "N", "N", "Y", "N", "NONE", "N", "N", "Keep default.", "4000", "Keep default", "2000", "100000", "N", "5000"]
	unable to locate element, using {:id=>"AddRenterBuy:PropertyType", :tag_name=>"select"}
[199] HITTING ... 
	Go to home page
	Reach STEP 1
	Reach STEP 2
	Reach STEP 3
	Recalculated Price
	[184.438655355][$16.41]DONE
[200] HITTING ... 
	Go to home page
	Reach STEP 1
	Fail to find 'Start my Quote' button on step 2 of quote page
	Reach STEP 2
	[200][96.683417897] MISSED: ["Renters", "95126", "Silas", "Yang", "03/27/1954", "m", "1201 Parkmoor Ave", "San Jose", "CA", "N", "RENTED HOUSE - SINGLE FAMILY", "5+", "0", nil, "0", "(510) 236-2860", "scarlett.richard@gmail.com", "N", "N", "N", "N", "Y", "N", "NONE", "N", "N", "Keep default.", "4000", "Keep default", "2000", "300000", "N", "100 / 250"]
	unable to locate element, using {:id=>"AddRenterBuy:PropertyType", :tag_name=>"select"}
[201] HITTING ... 
	change invalid email[alexandra.guerrero@aol.com] to default one
	Go to home page
	Reach STEP 1
	Reach STEP 2
	Reach STEP 3
	Recalculated Price
	[125.704480251][$14.84]DONE
[202] HITTING ... 
	change invalid email[adrian.gilbert@outlook.com] to default one
	Go to home page
	Reach STEP 1
	Reach STEP 2
	Reach STEP 3
	Recalculated Price
	[124.619242597][$12.92]DONE
[203] HITTING ... 
	change invalid email[ian.schwartz@aol.com] to default one
	Go to home page
	Reach STEP 1
	Reach STEP 2
	Reach STEP 3
	Recalculated Price
	[148.992874891][$23.85]DONE
[204] HITTING ... 
	change invalid email[ian.schwartz@aol.com] to default one
	Go to home page
	Reach STEP 1
	Reach STEP 2
	Reach STEP 3
	Recalculated Price
	[198.559904858][$12.46]DONE
[205] HITTING ... 
	Go to home page
	Reach STEP 1
	Fail to find 'Start my Quote' button on step 2 of quote page
	Reach STEP 2
	[205][96.122705528] MISSED: ["Renters", "94087", "Eleanor", "Lamb", "03/08/1940", "m", "1575 Tenaka Pl", "Sunnyvale", "CA", "N", "RENTED HOUSE - SINGLE FAMILY", "5+", "0", nil, "0", "(760) 434-6161", "eden.chen@outlook.com", "N", "N", "N", "N", "Y", "N", "NONE", "N", "N", "Keep default.", "4000", "Keep default", "2000", "300000", "N", "1500"]
	unable to locate element, using {:id=>"AddRenterBuy:PropertyType", :tag_name=>"select"}
[206] HITTING ... 
	Go to home page
	Reach STEP 1
	Reach STEP 2
	Reach STEP 3
	Recalculated Price
	[175.554577922][$10.83]DONE
[207] HITTING ... 
	change invalid email[ian.schwartz@aol.com] to default one
	Go to home page
	Reach STEP 1
	Fail to find 'Start my Quote' button on step 2 of quote page
	Reach STEP 2
	[207][92.192480297] MISSED: ["Renters", "94085", "Ella", "Price", "02/04/1961", "m", "355 N Wolfe Rd", "Sunnyvale", "CA", "N", "RENTED HOUSE - SINGLE FAMILY", "5+", "0", nil, "0", "(408) 842-4457", "ian.schwartz@aol.com", "N", "N", "N", "N", "Y", "N", "NONE", "N", "N", "Keep default.", "4000", "Keep default", "2000", "300000", "N", "5000"]
	unable to locate element, using {:id=>"AddRenterBuy:PropertyType", :tag_name=>"select"}
[208] HITTING ... 
	Go to home page
	Reach STEP 1
	Reach STEP 2
	Reach STEP 3
	Recalculated Price
	[152.74810992][$22.00]DONE
[209] HITTING ... 
	Go to home page
	Reach STEP 1
	Reach STEP 2
	Reach STEP 3
	Recalculated Price
	[145.806401429][$17.81]DONE
[210] HITTING ... 
	Go to home page
	Reach STEP 1
	Reach STEP 2
	Reach STEP 3
	Recalculated Price
	[163.031812052][$15.88]DONE
[211] HITTING ... 
	change invalid email[alexandra.guerrero@aol.com] to default one
	Go to home page
	Reach STEP 1
	Fail to find 'Start my Quote' button on step 2 of quote page
	Reach STEP 2
	[211][93.213145593] MISSED: ["Renters", "95123", "Lucas", "Roberts", "11/12/1942", "f", "6184 Cottle Rd", "San Jose", "CA", "N", "RENTED HOUSE - SINGLE FAMILY", "5+", "0", nil, "0", "(877) 271-1549", "alexandra.guerrero@aol.com", "N", "N", "N", "N", "Y", "N", "NONE", "N", "N", "Keep default.", "4000", "Keep default", "2000", "500000", "N", "500"]
	unable to locate element, using {:id=>"AddRenterBuy:PropertyType", :tag_name=>"select"}
[212] HITTING ... 
	change invalid email[alexandra.guerrero@aol.com] to default one
	Go to home page
	Reach STEP 1
	Reach STEP 2
	Reach STEP 3
	Recalculated Price
	[159.380706042][$14.76]DONE
[213] HITTING ... 
	change invalid email[lilly.hayes@aol.com] to default one
	Go to home page
	Reach STEP 1
	Fail to find 'Start my Quote' button on step 2 of quote page
	Reach STEP 2
	[213][91.416795733] MISSED: ["Renters", "95054", "Izabella", "Solis", "11/12/1942", "f", "730 Agnew Rd", "Santa Clara", "CA", "N", "RENTED HOUSE - SINGLE FAMILY", "5+", "0", nil, "0", "(619) 443-6702", "lilly.hayes@aol.com", "N", "N", "N", "N", "Y", "N", "NONE", "N", "N", "Keep default.", "4000", "Keep default", "2000", "500000", "N", "1000"]
	unable to locate element, using {:id=>"AddRenterBuy:PropertyType", :tag_name=>"select"}
[214] HITTING ... 
	change invalid email[alexandra.guerrero@aol.com] to default one
	Go to home page
	Reach STEP 1
	Fail to find 'Start my Quote' button on step 2 of quote page
	Reach STEP 2
	[214][76.685688942] MISSED: ["Renters", "95129", "Jacob", "Alvarado", "03/27/1954", "f", "355 Kiely Blvd", "San Jose", "CA", "N", "RENTED HOUSE - SINGLE FAMILY", "5+", "0", nil, "0", "(408) 288-7368", "alexandra.guerrero@aol.com", "N", "N", "N", "N", "Y", "N", "NONE", "N", "N", "Keep default.", "4000", "Keep default", "2000", "500000", "N", "1500"]
	unable to locate element, using {:id=>"AddRenterBuy:PropertyType", :tag_name=>"select"}
[215] HITTING ... 
	Go to home page
	Reach STEP 1
	Fail to find 'Start my Quote' button on step 2 of quote page
	Reach STEP 2
	[215][77.230942484] MISSED: ["Renters", "95008", "Finn", "Hall", "03/03/1967", "m", "200 Hollis Ave", "Campbell", "CA", "N", "RENTED HOUSE - SINGLE FAMILY", "5+", "0", nil, "0", "(408) 778-3237", "scarlett.richard@gmail.com", "N", "N", "N", "N", "Y", "N", "NONE", "N", "N", "Keep default.", "4000", "Keep default", "2000", "500000", "N", "2500"]
	unable to locate element, using {:id=>"AddRenterBuy:PropertyType", :tag_name=>"select"}
[216] HITTING ... 
	Go to home page
	Reach STEP 1
	Reach STEP 2
	Reach STEP 3
	Recalculated Price
	[125.304794121][$10.83]DONE
[217] HITTING ... 
	Go to home page
	Reach STEP 1
	Fail to find 'Start my Quote' button on step 2 of quote page
	Reach STEP 2
	[217][89.395758017] MISSED: ["Renters", "94089", "Reece", "Baldwin", "03/27/1954", "m", "1235 Wildwood Ave", "Sunnyvale", "CA", "N", "RENTED HOUSE - SINGLE FAMILY", "5+", "0", nil, "0", "(866) 451-2806", "scarlett.richard@gmail.com", "N", "N", "N", "N", "Y", "N", "NONE", "N", "N", "Keep default.", "8000", "Keep default", "1000", "100000", "N", "100"]
	unable to locate element, using {:id=>"AddRenterBuy:PropertyType", :tag_name=>"select"}
[218] HITTING ... 
	change invalid email[ian.schwartz@aol.com] to default one
	Go to home page
	Reach STEP 1
	Reach STEP 2
	Reach STEP 3
	Recalculated Price
	[189.149101506][$13.51]DONE
[219] HITTING ... 
	Go to home page
	Reach STEP 1
	Reach STEP 2
	Reach STEP 3
	Recalculated Price
	[153.30701083][$11.26]DONE
[220] HITTING ... 
	Go to home page
	Reach STEP 1
	Reach STEP 2
	Reach STEP 3
	Recalculated Price
	[157.315977275][$20.71]DONE
[221] HITTING ... 
	Go to home page
	Reach STEP 1
	Reach STEP 2
	Reach STEP 3
	Fail to find 'Recalculated' button on step 3 of quote page
	Recalculated Price
	[177.289390182][$10.83]DONE
[222] HITTING ... 
	change invalid email[ian.schwartz@aol.com] to default one
	Go to home page
	Reach STEP 1
	Reach STEP 2
	Reach STEP 3
	[222][150.27454054] MISSED: ["Renters", "95126", "Evan", "Short", "06/06/1967", "f", "754 The Alameda", "San Jose", "CA", "N", "RENTED HOUSE - SINGLE FAMILY", "5+", "0", nil, "0", "(925) 284-2586", "ian.schwartz@aol.com", "N", "N", "N", "N", "Y", "N", "NONE", "N", "N", "Keep default.", "8000", "Keep default", "1000", "100000", "N", "1000"]
	element not visible
  (Session info: chrome=45.0.2454.99)
  (Driver info: chromedriver=2.18.343837 (52eb4041461e46a6b73308ebb19e85787ced4281),platform=Linux 3.13.0-48-generic x86_64)
[223] HITTING ... 
	change invalid email[adrian.gilbert@outlook.com] to default one
	Go to home page
	Reach STEP 1
	Reach STEP 2
	Reach STEP 3
	Recalculated Price
	[156.812421656][$10.83]DONE
[224] HITTING ... 
	Go to home page
	Reach STEP 1
	Reach STEP 2
	Reach STEP 3
	Recalculated Price
	[162.72016809][$10.83]DONE
[225] HITTING ... 
	change invalid email[ian.schwartz@aol.com] to default one
	Go to home page
	Reach STEP 1
	Reach STEP 2
	Reach STEP 3
	Recalculated Price
	[162.585448479][$10.83]DONE
[226] HITTING ... 
	Go to home page
	Reach STEP 1
	Reach STEP 2
	Reach STEP 3
	Recalculated Price
	[144.576719291][$30.23]DONE
[227] HITTING ... 
	Go to home page
	Reach STEP 1
	Reach STEP 2
	Reach STEP 3
	Recalculated Price
	[123.985076746][$32.10]DONE
[228] HITTING ... 
	change invalid email[ian.schwartz@aol.com] to default one
	Go to home page
	Reach STEP 1
	Reach STEP 2
	Reach STEP 3
	Recalculated Price
	[123.669591306][$14.83]DONE
[229] HITTING ... 
	Go to home page
	Reach STEP 1
	Reach STEP 2
	Reach STEP 3
	Recalculated Price
	[159.008362837][$16.81]DONE
[230] HITTING ... 
	Go to home page
	Reach STEP 1
	Reach STEP 2
	Reach STEP 3
	Recalculated Price
	[164.120127243][$14.47]DONE
[231] HITTING ... 
	Go to home page
	Reach STEP 1
	Reach STEP 2
	Reach STEP 3
	Recalculated Price
	[161.651338305][$12.21]DONE
[232] HITTING ... 
	change invalid email[ian.schwartz@aol.com] to default one
	Go to home page
	Reach STEP 1
	Fail to find 'Start my Quote' button on step 2 of quote page
	Reach STEP 2
	[232][92.018840941] MISSED: ["Renters", "95020", "Vivian", "Davis", "06/06/1967", "m", "500 Ioof Ave", "Gilroy", "CA", "N", "RENTED HOUSE - SINGLE FAMILY", "5+", "0", nil, "0", "(415) 492-2180", "ian.schwartz@aol.com", "N", "N", "N", "N", "Y", "N", "NONE", "N", "N", "Keep default.", "8000", "Keep default", "1000", "300000", "N", "1500"]
	unable to locate element, using {:id=>"AddRenterBuy:PropertyType", :tag_name=>"select"}
[233] HITTING ... 
	Go to home page
	Reach STEP 1
	Fail to find 'Start my Quote' button on step 2 of quote page
	Reach STEP 2
	[233][81.055077072] MISSED: ["Renters", "95131", "Elliott", "Morris", "04/05/1941", "f", "1600 Whitewood Dr", "San Jose", "CA", "N", "RENTED HOUSE - SINGLE FAMILY", "5+", "0", nil, "0", "(650) 341-9900", "william.palmer@gmail.com", "N", "N", "N", "N", "Y", "N", "NONE", "N", "N", "Keep default.", "8000", "Keep default", "1000", "300000", "N", "2500"]
	unable to locate element, using {:id=>"AddRenterBuy:PropertyType", :tag_name=>"select"}
[234] HITTING ... 
	Go to home page
	Reach STEP 1
	Reach STEP 2
	Reach STEP 3
	Recalculated Price
	[142.060170679][$10.83]DONE
[235] HITTING ... 
	Go to home page
	Reach STEP 1
	Reach STEP 2
	Reach STEP 3
	Recalculated Price
	[189.803625009][$19.38]DONE
[236] HITTING ... 
	Go to home page
	Reach STEP 1
	Fail to find 'Start my Quote' button on step 2 of quote page
	Reach STEP 2
	[236][99.574794879] MISSED: ["Renters", "95138", "Felix", "Dominguez", "03/08/1940", "m", "6100 Monterey Hwy", "San Jose", "CA", "N", "RENTED HOUSE - SINGLE FAMILY", "5+", "0", nil, "0", "(650) 389-9367", "elias.cain@outlook.com", "N", "N", "N", "N", "Y", "N", "NONE", "N", "N", "Keep default.", "8000", "Keep default", "1000", "500000", "N", "100 / 250"]
	unable to locate element, using {:id=>"AddRenterBuy:PropertyType", :tag_name=>"select"}
[237] HITTING ... 
	Go to home page
	Reach STEP 1
	Reach STEP 2
	Reach STEP 3
	Recalculated Price
	[184.96984568][$19.75]DONE
[238] HITTING ... 
	Go to home page
	Reach STEP 1
	Reach STEP 2
	Reach STEP 3
	Recalculated Price
	[227.859162885][$14.34]DONE
[239] HITTING ... 
	change invalid email[lilly.hayes@aol.com] to default one
	Go to home page
	Reach STEP 1
	Fail to find 'Start my Quote' button on step 2 of quote page
	Reach STEP 2
	[239][95.713535802] MISSED: ["Renters", "95123", "Kole", "Lee", "04/05/1941", "m", "150 Palm Valley Blvd", "San Jose", "CA", "N", "RENTED HOUSE - SINGLE FAMILY", "5+", "0", nil, "0", "(844) 325-4744", "lilly.hayes@aol.com", "N", "N", "N", "N", "Y", "N", "NONE", "N", "N", "Keep default.", "8000", "Keep default", "1000", "500000", "N", "750"]
	unable to locate element, using {:id=>"AddRenterBuy:PropertyType", :tag_name=>"select"}
[240] HITTING ... 
	Go to home page
	Reach STEP 1
	Reach STEP 2
	Reach STEP 3
	Recalculated Price
	[168.658833][$13.88]DONE
[241] HITTING ... 
	Go to home page
	Reach STEP 1
	Reach STEP 2
	Reach STEP 3
	Recalculated Price
	[202.150531391][$15.75]DONE
[242] HITTING ... 
	Go to home page
	Reach STEP 1
	Reach STEP 2
	Reach STEP 3
	Recalculated Price
	[194.682233989][$14.31]DONE
[243] HITTING ... 
	Go to home page
	Reach STEP 1
	Reach STEP 2
	Reach STEP 3
	Recalculated Price
	[170.750414144][$10.83]DONE
[244] HITTING ... 
	Go to home page
	Reach STEP 1
	Fail to find 'Start my Quote' button on step 2 of quote page
	Reach STEP 2
	[244][93.088852261] MISSED: ["Renters", "95051", "Scarlett", "Ray", "12/1/1973", "f", "101 Saratoga Ave", "Santa Clara", "CA", "N", "RENTED HOUSE - SINGLE FAMILY", "5+", "0", nil, "0", "(408) 502-5305", "scarlett.richard@gmail.com", "N", "N", "N", "N", "Y", "N", "NONE", "N", "N", "Keep default.", "8000", "Keep default", "2000", "100000", "N", "100"]
	unable to locate element, using {:id=>"AddRenterBuy:PropertyType", :tag_name=>"select"}
[245] HITTING ... 
	Go to home page
	Reach STEP 1
	Fail to find 'Start my Quote' button on step 2 of quote page
	Reach STEP 2
	[245][89.292958317] MISSED: ["Renters", "94087", "Harper", "Peters", "11/18/1970", "f", "902 W Remington Dr", "Sunnyvale", "CA", "N", "RENTED HOUSE - SINGLE FAMILY", "5+", "0", nil, "0", "(415) 642-1877", "scarlett.richard@gmail.com", "N", "N", "N", "N", "Y", "N", "NONE", "N", "N", "Keep default.", "8000", "Keep default", "2000", "100000", "N", "100 / 250"]
	unable to locate element, using {:id=>"AddRenterBuy:PropertyType", :tag_name=>"select"}
[246] HITTING ... 
	Go to home page
	Reach STEP 1
	Fail to find 'Start my Quote' button on step 2 of quote page
	Reach STEP 2
	[246][125.489418992] MISSED: ["Renters", "95131", "Luke", "Kennedy", "02/04/1961", "m", "1600 Whitewood Dr", "San Jose", "CA", "N", "RENTED HOUSE - SINGLE FAMILY", "5+", "0", nil, "0", "(415) 883-9600", "william.palmer@gmail.com", "N", "N", "N", "N", "Y", "N", "NONE", "N", "N", "Keep default.", "8000", "Keep default", "2000", "100000", "N", "250"]
	unable to locate element, using {:id=>"AddRenterBuy:PropertyType", :tag_name=>"select"}
[247] HITTING ... 
	Go to home page
	Reach STEP 1
	Reach STEP 2
	Reach STEP 3
	Recalculated Price
	[185.784238422][$11.76]DONE
[248] HITTING ... 
	Go to home page
	Reach STEP 1
	Reach STEP 2
	Reach STEP 3
	Recalculated Price
	[183.568806036][$10.83]DONE
[249] HITTING ... 
	Go to home page
	Reach STEP 1
	Reach STEP 2
	Reach STEP 3
	Recalculated Price
	[169.768890611][$10.83]DONE
[250] HITTING ... 
	Go to home page
	Reach STEP 1
	Reach STEP 2
	Reach STEP 3
	Recalculated Price
	[140.310751447][$10.83]DONE
