[1] HITTING ... 
	Go to home page
	Reach STEP 1
	Reach STEP 2
	Reach STEP 3
	Recalculated Price
	[60.530102821][$15.29]DONE
[2] HITTING ... 
	Go to home page
	Reach STEP 1
	Reach STEP 2
	[2][39.084602794] MISSED: ["Renters", "94085", "Hanna", "Woods", "11/18/1993", "f", "355 N Wolfe Rd", "Sunnyvale", "CA", "N", "RENTED HOUSE - SINGLE FAMILY", "5+", "0", nil, "0", "(650) 992-3500", "oliver.floyd@gmail.com", "Y", "Y", "Y", "Y", "Y", "Y", "NONE", "N", "N", "Keep default.", "40000", "Keep default", "1000", "300000", "N", "5000"]
	unable to locate element, using {:id=>"errordiv", :tag_name=>"div"}
[3] HITTING ... 
	Go to home page
	Reach STEP 1
	Reach STEP 2
	Reach STEP 3
	Recalculated Price
	[58.923302349][$33.01]DONE
[4] HITTING ... 
	Go to home page
	Reach STEP 1
	Reach STEP 2
	Ooops seem email correct
	Reach STEP 3
	Recalculated Price
	[53.731922824][$17.24]DONE
[5] HITTING ... 
	Go to home page
	Reach STEP 1
	Reach STEP 2
	Ooops seem email correct
	Reach STEP 3
	dont need to recalculate price
	[74.775914309][$13.39]DONE
[6] HITTING ... 
	Go to home page
	Reach STEP 1
	Reach STEP 2
	[6][37.533466241] MISSED: ["Renters", "95126", "Landon", "Knight", "11/12/1994", "m", "2050 Southwest Expy 126", "San Jose", "CA", "N", "RENTED HOUSE - SINGLE FAMILY", "5+", "0", nil, "0", "(707) 778-1221", "aidan.briggs@gmail.com", "Y", "Y", "Y", "Y", "Y", "Y", "NONE", "N", "N", "Keep default.", "60000", "Keep default", "1000", "100000", "N", "1500"]
	unable to locate element, using {:id=>"errordiv", :tag_name=>"div"}
[7] HITTING ... 
	Go to home page
	Reach STEP 1
	Reach STEP 2
	Ooops seem email correct
	Reach STEP 3
	Recalculated Price
	[55.445744106][$10.83]DONE
[8] HITTING ... 
	Go to home page
	Reach STEP 1
	Reach STEP 2
	[8][28.321468765] MISSED: ["Renters", "94086", "Arabella", "Burton", "06/06/1994", "f", "718 Old San Francisco Rd", "Sunnyvale", "CA", "N", "RENTED HOUSE - SINGLE FAMILY", "5+", "0", nil, "0", "(408) 288-7368", "anabel.patton@gmail.com", "Y", "Y", "Y", "Y", "Y", "Y", "NONE", "N", "N", "Keep default.", "60000", "Keep default", "1000", "300000", "N", "250"]
	unable to locate element, using {:id=>"errordiv", :tag_name=>"div"}
[9] HITTING ... 
	Go to home page
	Reach STEP 1
	Reach STEP 2
	Ooops seem email correct
	Reach STEP 3
	Recalculated Price
	[49.457531676][$17.29]DONE
[10] HITTING ... 
	Go to home page
	Reach STEP 1
	Reach STEP 2
	Ooops seem email correct
	Reach STEP 3
	Recalculated Price
	[49.33192456][$28.82]DONE
[11] HITTING ... 
	Go to home page
	Reach STEP 1
	Reach STEP 2
	Ooops seem email correct
	Reach STEP 3
	Recalculated Price
	[51.36843813][$17.90]DONE
[12] HITTING ... 
	Go to home page
	Reach STEP 1
	Reach STEP 2
	Ooops seem email correct
	Reach STEP 3
	Recalculated Price
	[50.050167893][$11.17]DONE
[13] HITTING ... 
	Go to home page
	Reach STEP 1
	Reach STEP 2
	Ooops seem email correct
	Reach STEP 3
	Recalculated Price
	[51.199114275][$10.83]DONE
[14] HITTING ... 
	Go to home page
	Reach STEP 1
	Reach STEP 2
	Ooops seem email correct
	Reach STEP 3
	Recalculated Price
	[51.562718581][$10.83]DONE
[15] HITTING ... 
	Go to home page
	Reach STEP 1
	Reach STEP 2
	Reach STEP 3
	dont need to recalculate price
	[74.732506546][$10.83]DONE
[16] HITTING ... 
	Go to home page
	Reach STEP 1
	Reach STEP 2
	[16][37.525353321] MISSED: ["Renters", "95054", "Dillon", "Nelson", "11/12/1942", "m", "502 Mansion Park Dr", "Santa Clara", "CA", "N", "RENTED HOUSE - SINGLE FAMILY", "5+", "0", nil, "0", "(408) 735-9780", "norah.alvarado@gmail.com", "Y", "Y", "Y", "Y", "Y", "Y", "NONE", "N", "N", "Keep default.", "4000", "Keep default", "1000", "100000", "N", "1500"]
	unable to locate element, using {:id=>"errordiv", :tag_name=>"div"}
[17] HITTING ... 
	change invalid email[jakob.cox@gmail.com] to default one
	Go to home page
	Reach STEP 1
	Reach STEP 2
	Ooops seem email correct
	Reach STEP 3
	Recalculated Price
	[49.726747601][$10.83]DONE
[18] HITTING ... 
	Go to home page
	Reach STEP 1
	Reach STEP 2
	Ooops seem email correct
	Reach STEP 3
	Recalculated Price
	[58.555745952][$12.09]DONE
[19] HITTING ... 
	change invalid email[clara.kirby@gmail.com] to default one
	Go to home page
	Reach STEP 1
	Reach STEP 2
	Ooops seem email correct
	Reach STEP 3
	Recalculated Price
	[51.300829145][$12.68]DONE
[20] HITTING ... 
	Go to home page
	Reach STEP 1
	Reach STEP 2
	Ooops seem email correct
	Reach STEP 3
	Recalculated Price
	[50.508116688][$10.83]DONE
[21] HITTING ... 
	change invalid email[jakob.cox@gmail.com] to default one
	Go to home page
	Reach STEP 1
	Reach STEP 2
	Ooops seem email correct
	Reach STEP 3
	Recalculated Price
	[48.767754183][$10.83]DONE
[22] HITTING ... 
	Go to home page
	Reach STEP 1
	Reach STEP 2
	[22][35.242959402] MISSED: ["Renters", "95035", "Everett", "Simon", "02/04/1961", "m", "555 S Park Victoria Dr", "Milpitas", "CA", "N", "RENTED HOUSE - SINGLE FAMILY", "5+", "0", nil, "0", "(619) 610-0954", "oliver.floyd@gmail.com", "Y", "Y", "Y", "Y", "Y", "Y", "NONE", "N", "N", "Keep default.", "4000", "Keep default", "1000", "300000", "N", "5000"]
	unable to locate element, using {:id=>"errordiv", :tag_name=>"div"}
[23] HITTING ... 
	change invalid email[clara.kirby@gmail.com] to default one
	Go to home page
	Reach STEP 1
	Reach STEP 2
	Ooops seem email correct
	Reach STEP 3
	Recalculated Price
	[49.91013059][$12.80]DONE
[24] HITTING ... 
	change invalid email[clara.kirby@gmail.com] to default one
	Go to home page
	Reach STEP 1
	Reach STEP 2
	Ooops seem email correct
	Reach STEP 3
	Recalculated Price
	[50.066910345][$10.83]DONE
[25] HITTING ... 
	Go to home page
	Reach STEP 1
	Reach STEP 2
	Reach STEP 3
	dont need to recalculate price
	[74.891325594][$10.83]DONE
[26] HITTING ... 
	Go to home page
	Reach STEP 1
	Reach STEP 2
	Ooops seem email correct
	Reach STEP 3
	Recalculated Price
	[52.195975748][$10.83]DONE
[27] HITTING ... 
	Go to home page
	Reach STEP 1
	Reach STEP 2
	Ooops seem email correct
	Reach STEP 3
	Recalculated Price
	[52.75882043][$10.83]DONE
[28] HITTING ... 
	Go to home page
	Reach STEP 1
	Reach STEP 2
	Ooops seem email correct
	Reach STEP 3
	Recalculated Price
	[51.214323663][$11.09]DONE
[29] HITTING ... 
	change invalid email[clara.kirby@gmail.com] to default one
	Go to home page
	Reach STEP 1
	Reach STEP 2
	Ooops seem email correct
	Reach STEP 3
	Recalculated Price
	[50.824556816][$10.83]DONE
[30] HITTING ... 
	change invalid email[anabel.patton@gmail.com] to default one
	Go to home page
	Reach STEP 1
	Reach STEP 2
	Ooops seem email correct
	Reach STEP 3
	Recalculated Price
	[53.969993034][$10.83]DONE
[31] HITTING ... 
	Go to home page
	Reach STEP 1
	Reach STEP 2
	Ooops seem email correct
	Reach STEP 3
	Recalculated Price
	[56.588500072][$10.83]DONE
[32] HITTING ... 
	change invalid email[jude.neal@gmail.com] to default one
	Go to home page
	Reach STEP 1
	Reach STEP 2
	[32][39.659063441] MISSED: ["Renters", "95134", "Conner", "Whitaker", "06/06/1967", "m", "150 Alicante Dr", "San Jose", "CA", "N", "RENTED HOUSE - SINGLE FAMILY", "5+", "0", nil, "0", "(408) 502-5305", "jude.neal@gmail.com", "Y", "Y", "Y", "Y", "Y", "Y", "NONE", "N", "N", "Keep default.", "10000", "Keep default", "1000", "300000", "N", "5000"]
	unable to locate element, using {:id=>"errordiv", :tag_name=>"div"}
[33] HITTING ... 
	Go to home page
	Reach STEP 1
	Reach STEP 2
	Ooops seem email correct
	Reach STEP 3
	Recalculated Price
	[59.68310558][$13.39]DONE
[34] HITTING ... 
	change invalid email[anabel.patton@gmail.com] to default one
	Go to home page
	Reach STEP 1
	Reach STEP 2
	Ooops seem email correct
	Reach STEP 3
	Recalculated Price
	[51.689632194][$12.32]DONE
[35] HITTING ... 
	Go to home page
	Reach STEP 1
	Reach STEP 2
	Ooops seem email correct
	Reach STEP 3
	dont need to recalculate price
	[77.44857868][$10.83]DONE
[36] HITTING ... 
	Go to home page
	Reach STEP 1
	Reach STEP 2
	Ooops seem email correct
	Reach STEP 3
	Recalculated Price
	[53.635540591][$10.83]DONE
