[1] HITTING ... 
	Go to home page
	Reach STEP 1
	Reach STEP 2
	Ooops seem email correct
	Reach STEP 3
	Recalculated Price
	[55.919755153][$10.83]DONE
[2] HITTING ... 
	Go to home page
	Reach STEP 1
	Reach STEP 2
	[2][38.446046045] MISSED: ["Renters", "95030", "Max", "Mccoy", "05/06/1950", "f", "347 Massol Ave", "Los Gatos", "CA", "N", "RENTED HOUSE - SINGLE FAMILY", "5+", "0", nil, "0", "(650) 241-1641", "elijah.nichols@gmail.com", "Y", "Y", "Y", "Y", "Y", "Y", "NONE", "N", "N", "Keep default.", "18000", "Keep default", "1000", "300000", "N", "250"]
	unable to locate element, using {:id=>"errordiv", :tag_name=>"div"}
[3] HITTING ... 
	Go to home page
	Reach STEP 1
	Reach STEP 2
	Reach STEP 3
	Recalculated Price
	[58.757212742][$13.05]DONE
[4] HITTING ... 
	Go to home page
	Reach STEP 1
	Reach STEP 2
	Ooops seem email correct
	Reach STEP 3
	Recalculated Price
	[50.407446945][$10.83]DONE
[5] HITTING ... 
	Go to home page
	Reach STEP 1
	Reach STEP 2
	Ooops seem email correct
	Reach STEP 3
	Recalculated Price
	[51.55970865][$12.13]DONE
[6] HITTING ... 
	Go to home page
	Reach STEP 1
	Reach STEP 2
	Ooops seem email correct
	Reach STEP 3
	Recalculated Price
	[49.770830468][$10.83]DONE
[7] HITTING ... 
	Go to home page
	Reach STEP 1
	Reach STEP 2
	Reach STEP 3
	Recalculated Price
	[51.059936249][$12.36]DONE
[8] HITTING ... 
	Go to home page
	Reach STEP 1
	Reach STEP 2
	Ooops seem email correct
	Reach STEP 3
	Recalculated Price
	[56.457672526][$11.37]DONE
[9] HITTING ... 
	Go to home page
	Reach STEP 1
	Reach STEP 2
	Ooops seem email correct
	Reach STEP 3
	dont need to recalculate price
	[76.466453341][$12.79]DONE
[10] HITTING ... 
	change invalid email[clara.kirby@gmail.com] to default one
	Go to home page
	Reach STEP 1
	Reach STEP 2
	Ooops seem email correct
	Reach STEP 3
	Recalculated Price
	[54.178290411][$10.83]DONE
[11] HITTING ... 
	change invalid email[clara.kirby@gmail.com] to default one
	Go to home page
	Reach STEP 1
	Reach STEP 2
	[11][39.658979479] MISSED: ["Renters", "95112", "Declan", "Foster", "02/04/1961", "f", "760 N 7th St", "San Jose", "CA", "N", "RENTED HOUSE - SINGLE FAMILY", "5+", "0", nil, "0", "(415) 492-2180", "clara.kirby@gmail.com", "Y", "Y", "Y", "Y", "Y", "Y", "NONE", "N", "N", "Keep default.", "30000", "Keep default", "1000", "100000", "N", "5000"]
	unable to locate element, using {:id=>"errordiv", :tag_name=>"div"}
[12] HITTING ... 
	Go to home page
	Reach STEP 1
	Reach STEP 2
	[12][40.962777056] MISSED: ["Renters", "94086", "Audrey", "Lindsey", "05/06/1950", "m", "555 E Washington Ave", "Sunnyvale", "CA", "N", "RENTED HOUSE - SINGLE FAMILY", "5+", "0", nil, "0", "(831) 469-3620", "norah.alvarado@gmail.com", "Y", "Y", "Y", "Y", "Y", "Y", "NONE", "N", "N", "Keep default.", "30000", "Keep default", "1000", "300000", "N", "250"]
	unable to locate element, using {:id=>"errordiv", :tag_name=>"div"}
[13] HITTING ... 
	change invalid email[clara.kirby@gmail.com] to default one
	Go to home page
	Reach STEP 1
	Reach STEP 2
	Ooops seem email correct
	Reach STEP 3
	Recalculated Price
	[55.932977411][$14.94]DONE
[14] HITTING ... 
	Go to home page
	Reach STEP 1
	Reach STEP 2
	Reach STEP 3
	Recalculated Price
	[54.349614363][$11.59]DONE
[15] HITTING ... 
	Go to home page
	Reach STEP 1
	Reach STEP 2
	[15][39.340923275] MISSED: ["Renters", "95134", "Madeline", "Pearson", "12/1/1973", "f", "70 Descanso Dr", "San Jose", "CA", "N", "RENTED HOUSE - SINGLE FAMILY", "5+", "0", nil, "0", "(855) 365-1913", "norah.alvarado@gmail.com", "Y", "Y", "Y", "Y", "Y", "Y", "NONE", "N", "N", "Keep default.", "30000", "Keep default", "1000", "300000", "N", "1500"]
	unable to locate element, using {:id=>"errordiv", :tag_name=>"div"}
[16] HITTING ... 
	Go to home page
	Reach STEP 1
	Reach STEP 2
	Ooops seem email correct
	Reach STEP 3
	Recalculated Price
	[56.283494248][$10.83]DONE
[17] HITTING ... 
	change invalid email[jakob.cox@gmail.com] to default one
	Go to home page
	Reach STEP 1
	Reach STEP 2
	[17][39.176167803] MISSED: ["Renters", "94301", "Savannah", "Welch", "12/1/1973", "f", "459 Hamilton Ave", "Palo Alto", "CA", "N", "RENTED HOUSE - SINGLE FAMILY", "5+", "0", nil, "0", "(415) 956-8858", "jakob.cox@gmail.com", "Y", "Y", "Y", "Y", "Y", "Y", "NONE", "N", "N", "Keep default.", "40000", "Keep default", "1000", "100000", "N", "250"]
	unable to locate element, using {:id=>"errordiv", :tag_name=>"div"}
[18] HITTING ... 
	Go to home page
	Reach STEP 1
	Reach STEP 2
	Ooops seem email correct
	Reach STEP 3
	Recalculated Price
	[55.341376453][$14.58]DONE
[19] HITTING ... 
	change invalid email[anabel.patton@gmail.com] to default one
	Go to home page
	Reach STEP 1
	Reach STEP 2
	[19][42.389650068] MISSED: ["Renters", "95123", "Arianna", "Doyle", "11/18/1970", "f", "6184 Cottle Rd", "San Jose", "CA", "N", "RENTED HOUSE - SINGLE FAMILY", "5+", "0", nil, "0", "(408) 225-8648", "anabel.patton@gmail.com", "Y", "Y", "Y", "Y", "Y", "Y", "NONE", "N", "N", "Keep default.", "40000", "Keep default", "1000", "100000", "N", "1000"]
	unable to locate element, using {:id=>"errordiv", :tag_name=>"div"}
[20] HITTING ... 
	Go to home page
	Reach STEP 1
	Reach STEP 2
	Ooops seem email correct
	Reach STEP 3
	Recalculated Price
	[52.10050262][$13.21]DONE
[21] HITTING ... 
	Go to home page
	Reach STEP 1
	Reach STEP 2
	Ooops seem email correct
	Reach STEP 3
	Recalculated Price
	[51.149902735][$10.83]DONE
[22] HITTING ... 
	Go to home page
	Reach STEP 1
	Reach STEP 2
	Ooops seem email correct
	Reach STEP 3
	Recalculated Price
	[49.259741466][$14.53]DONE
[23] HITTING ... 
	Go to home page
	Reach STEP 1
	Reach STEP 2
	Ooops seem email correct
	Reach STEP 3
	Recalculated Price
	[51.909140127][$17.47]DONE
[24] HITTING ... 
	Go to home page
	Reach STEP 1
	Reach STEP 2
	Ooops seem email correct
	Reach STEP 3
	Recalculated Price
	[57.007610469][$13.29]DONE
[25] HITTING ... 
	Go to home page
	Reach STEP 1
	Reach STEP 2
	Ooops seem email correct
	Reach STEP 3
	Recalculated Price
	[58.97247528][$11.63]DONE
[26] HITTING ... 
	change invalid email[jakob.cox@gmail.com] to default one
	Go to home page
	Reach STEP 1
	Reach STEP 2
	Ooops seem email correct
	Reach STEP 3
	Recalculated Price
	[55.297469372][$11.77]DONE
[27] HITTING ... 
	Go to home page
	Reach STEP 1
	Reach STEP 2
	Ooops seem email correct
	Reach STEP 3
	Recalculated Price
	[49.676646734][$16.53]DONE
[28] HITTING ... 
	Go to home page
	Reach STEP 1
	Reach STEP 2
	Ooops seem email correct
	Reach STEP 3
	Recalculated Price
	[55.048794405][$17.46]DONE
[29] HITTING ... 
	Go to home page
	Reach STEP 1
	Reach STEP 2
	[29][37.918265375] MISSED: ["Renters", "95136", "Nora", "Davenport", "03/03/1967", "m", "5230 Terner Way", "San Jose", "CA", "N", "RENTED HOUSE - SINGLE FAMILY", "5+", "0", nil, "0", "(510) 215-2850", "elizabeth.swanson@gmail.com", "Y", "Y", "Y", "Y", "Y", "Y", "NONE", "N", "N", "Keep default.", "60000", "Keep default", "1000", "100000", "N", "1000"]
	unable to locate element, using {:id=>"errordiv", :tag_name=>"div"}
[30] HITTING ... 
	Go to home page
	Reach STEP 1
	Reach STEP 2
	Ooops seem email correct
	Reach STEP 3
	Recalculated Price
	[52.414160825][$14.05]DONE
[31] HITTING ... 
	Go to home page
	Reach STEP 1
	Reach STEP 2
	Ooops seem email correct
	Reach STEP 3
	Recalculated Price
	[50.600650717][$11.60]DONE
[32] HITTING ... 
	Go to home page
	Reach STEP 1
	Reach STEP 2
	Ooops seem email correct
	Reach STEP 3
	Recalculated Price
	[51.042526943][$16.96]DONE
[33] HITTING ... 
	Go to home page
	Reach STEP 1
	Reach STEP 2
	Ooops seem email correct
	Reach STEP 3
	Recalculated Price
	[53.361294574][$17.29]DONE
[34] HITTING ... 
	Go to home page
	Reach STEP 1
	Reach STEP 2
	Ooops seem email correct
	Reach STEP 3
	Recalculated Price
	[50.902274752][$17.80]DONE
[35] HITTING ... 
	change invalid email[anabel.patton@gmail.com] to default one
	Go to home page
	Reach STEP 1
	Reach STEP 2
	Ooops seem email correct
	Reach STEP 3
	Recalculated Price
	[52.515305923][$13.86]DONE
[36] HITTING ... 
	change invalid email[anabel.patton@gmail.com] to default one
	Go to home page
	Reach STEP 1
	Reach STEP 2
	Ooops seem email correct
	Reach STEP 3
	Recalculated Price
	[53.183214707][$10.83]DONE
