[1] HITTING ... 
	Go to home page
	Reach STEP 1
	Reach STEP 2
	Ooops seem email correct
	Reach STEP 3
	Recalculated Price
	[47.760368356][$11.84]DONE
[2] HITTING ... 
	Go to home page
	Reach STEP 1
	Reach STEP 2
	Reach STEP 3
	Recalculated Price
	[46.902209184][$31.51]DONE
[3] HITTING ... 
	Go to home page
	Reach STEP 1
	Reach STEP 2
	Ooops seem email correct
	Reach STEP 3
	Recalculated Price
	[53.726270673][$24.75]DONE
[4] HITTING ... 
	Go to home page
	Reach STEP 1
	Reach STEP 2
	Ooops seem email correct
	Reach STEP 3
	Recalculated Price
	[45.010849309][$21.29]DONE
[5] HITTING ... 
	Go to home page
	Reach STEP 1
	Reach STEP 2
	Ooops seem email correct
	Reach STEP 3
	Recalculated Price
	[64.26919248][$19.91]DONE
[6] HITTING ... 
	Go to home page
	Reach STEP 1
	Reach STEP 2
	Reach STEP 3
	Recalculated Price
	[43.149849206][$18.87]DONE
[7] HITTING ... 
	change invalid email[lilly.hayes@aol.com] to default one
	Go to home page
	Reach STEP 1
	Reach STEP 2
	Ooops seem email correct
	Reach STEP 3
	Recalculated Price
	[47.599772039][$19.84]DONE
[8] HITTING ... 
	Go to home page
	Reach STEP 1
	Reach STEP 2
	Ooops seem email correct
	Reach STEP 3
	Recalculated Price
	[68.599887449][$18.67]DONE
[9] HITTING ... 
	change invalid email[ian.schwartz@aol.com] to default one
	Go to home page
	Reach STEP 1
	Reach STEP 2
	Ooops seem email correct
	Reach STEP 3
	Recalculated Price
	[54.658904354][$15.41]DONE
[10] HITTING ... 
	Go to home page
	Reach STEP 1
	Reach STEP 2
	Reach STEP 3
	Recalculated Price
	[47.79550682][$16.11]DONE
[11] HITTING ... 
	Go to home page
	Reach STEP 1
	Reach STEP 2
	Ooops seem email correct
	Reach STEP 3
	Recalculated Price
	[45.173723717][$23.83]DONE
[12] HITTING ... 
	Go to home page
	Reach STEP 1
	Reach STEP 2
	Ooops seem email correct
	Reach STEP 3
	Recalculated Price
	[46.58937746][$22.88]DONE
[13] HITTING ... 
	change invalid email[alexandra.guerrero@aol.com] to default one
	Go to home page
	Reach STEP 1
	Reach STEP 2
	Ooops seem email correct
	Reach STEP 3
	Recalculated Price
	[46.195961064][$19.07]DONE
[14] HITTING ... 
	change invalid email[alexandra.guerrero@aol.com] to default one
	Go to home page
	Reach STEP 1
	Reach STEP 2
	Ooops seem email correct
	Reach STEP 3
	Recalculated Price
	[49.638070606][$17.54]DONE
[15] HITTING ... 
	Go to home page
	Reach STEP 1
	Reach STEP 2
	Ooops seem email correct
	Reach STEP 3
	Recalculated Price
	[51.298631544][$16.40]DONE
[16] HITTING ... 
	Go to home page
	Reach STEP 1
	Reach STEP 2
	[16][35.143989926] MISSED: ["Renters", "95113", "Delilah", "Parsons", "03/03/1993", "m", "360 S Market St", "San Jose", "CA", "N", "RENTED HOUSE - SINGLE FAMILY", "5+", "0", nil, "0", "(619) 460-5241", "william.palmer@gmail.com", "N", "N", "N", "N", "Y", "N", "NONE", "N", "N", "Keep default.", "50000", "Keep default", "1000", "100000", "N", "1000"]
	unable to locate element, using {:id=>"errordiv", :tag_name=>"div"}
[17] HITTING ... 
	Go to home page
	Reach STEP 1
	Reach STEP 2
	Reach STEP 3
	Recalculated Price
	[50.580627865][$14.30]DONE
[18] HITTING ... 
	change invalid email[adrian.gilbert@outlook.com] to default one
	Go to home page
	Reach STEP 1
	Reach STEP 2
	Ooops seem email correct
	Reach STEP 3
	Recalculated Price
	[48.719691953][$16.02]DONE
[19] HITTING ... 
	Go to home page
	Reach STEP 1
	Reach STEP 2
	Ooops seem email correct
	Reach STEP 3
	Recalculated Price
	[47.722738881][$10.83]DONE
[20] HITTING ... 
	change invalid email[adrian.gilbert@outlook.com] to default one
	Go to home page
	Reach STEP 1
	Reach STEP 2
	Ooops seem email correct
	Reach STEP 3
	Recalculated Price
	[51.504755201][$32.43]DONE
[21] HITTING ... 
	Go to home page
	Reach STEP 1
	Reach STEP 2
	Ooops seem email correct
	Reach STEP 3
	Recalculated Price
	[47.926454219][$31.22]DONE
[22] HITTING ... 
	Go to home page
	Reach STEP 1
	Reach STEP 2
	Ooops seem email correct
	Reach STEP 3
	Recalculated Price
	[55.210655582][$26.36]DONE
[23] HITTING ... 
	Go to home page
	Reach STEP 1
	Reach STEP 2
	Ooops seem email correct
	Reach STEP 3
	Recalculated Price
	[52.83389721][$19.63]DONE
[24] HITTING ... 
	change invalid email[ian.schwartz@aol.com] to default one
	Go to home page
	Reach STEP 1
	Reach STEP 2
	Ooops seem email correct
	Reach STEP 3
	Recalculated Price
	[53.626527006][$18.48]DONE
[25] HITTING ... 
	change invalid email[adrian.gilbert@outlook.com] to default one
	Go to home page
	Reach STEP 1
	Reach STEP 2
	Ooops seem email correct
	Reach STEP 3
	Recalculated Price
	[50.435118103][$19.51]DONE
[26] HITTING ... 
	Go to home page
	Reach STEP 1
	Reach STEP 2
	Ooops seem email correct
	Reach STEP 3
	Recalculated Price
	[50.607657988][$16.38]DONE
[27] HITTING ... 
	change invalid email[alexandra.guerrero@aol.com] to default one
	Go to home page
	Reach STEP 1
	Reach STEP 2
	Ooops seem email correct
	Reach STEP 3
	Recalculated Price
	[51.418906464][$18.11]DONE
[28] HITTING ... 
	change invalid email[alexandra.guerrero@aol.com] to default one
	Go to home page
	Reach STEP 1
	Reach STEP 2
	[28][40.332157457] MISSED: ["Renters", "95126", "Arianna", "Chapman", "03/08/1994", "f", "754 The Alameda", "San Jose", "CA", "N", "RENTED HOUSE - SINGLE FAMILY", "5+", "0", nil, "0", "(415) 989-1111", "alexandra.guerrero@aol.com", "N", "N", "N", "N", "Y", "N", "NONE", "N", "N", "Keep default.", "50000", "Keep default", "1000", "300000", "N", "5000"]
	unable to locate element, using {:id=>"errordiv", :tag_name=>"div"}
[29] HITTING ... 
	Go to home page
	Reach STEP 1
	Reach STEP 2
	Ooops seem email correct
	Reach STEP 3
	Recalculated Price
	[49.16755323][$34.10]DONE
[30] HITTING ... 
	change invalid email[ian.schwartz@aol.com] to default one
	Go to home page
	Reach STEP 1
	Reach STEP 2
	Ooops seem email correct
	Reach STEP 3
	Recalculated Price
	[49.571371062][$32.88]DONE
[31] HITTING ... 
	Go to home page
	Reach STEP 1
	Reach STEP 2
	Ooops seem email correct
	Reach STEP 3
	Recalculated Price
	[50.932477605][$22.82]DONE
[32] HITTING ... 
	Go to home page
	Reach STEP 1
	Reach STEP 2
	Ooops seem email correct
	Reach STEP 3
	Recalculated Price
	[51.674026409][$26.09]DONE
[33] HITTING ... 
	Go to home page
	Reach STEP 1
	Reach STEP 2
	Ooops seem email correct
	Reach STEP 3
	Recalculated Price
	[49.056843073][$20.15]DONE
[34] HITTING ... 
	Go to home page
	Reach STEP 1
	Reach STEP 2
	Ooops seem email correct
	Reach STEP 3
	Recalculated Price
	[49.835476045][$23.42]DONE
[35] HITTING ... 
	Go to home page
	Reach STEP 1
	Reach STEP 2
	Ooops seem email correct
	Reach STEP 3
	Recalculated Price
	[50.476071438][$18.05]DONE
[36] HITTING ... 
	change invalid email[alexandra.guerrero@aol.com] to default one
	Go to home page
	Reach STEP 1
	Reach STEP 2
	Ooops seem email correct
	Reach STEP 3
	Recalculated Price
	[62.603644305][$16.33]DONE
[37] HITTING ... 
	Go to home page
	Reach STEP 1
	Reach STEP 2
	Ooops seem email correct
	Reach STEP 3
	Recalculated Price
	[46.1984053][$14.24]DONE
[38] HITTING ... 
	Go to home page
	Reach STEP 1
	Reach STEP 2
	Ooops seem email correct
	Reach STEP 3
	Recalculated Price
	[49.648576237][$30.60]DONE
[39] HITTING ... 
	Go to home page
	Reach STEP 1
	Reach STEP 2
	Ooops seem email correct
	Reach STEP 3
	Recalculated Price
	[47.882596467][$23.13]DONE
[40] HITTING ... 
	Go to home page
	Reach STEP 1
	Reach STEP 2
	Ooops seem email correct
	Reach STEP 3
	Recalculated Price
	[53.879768886][$21.77]DONE
[41] HITTING ... 
	Go to home page
	Reach STEP 1
	Reach STEP 2
	Ooops seem email correct
	Reach STEP 3
	Recalculated Price
	[50.284244474][$22.59]DONE
[42] HITTING ... 
	change invalid email[adrian.gilbert@outlook.com] to default one
	Go to home page
	Reach STEP 1
	Reach STEP 2
	Ooops seem email correct
	Reach STEP 3
	Recalculated Price
	[48.017497229][$32.89]DONE
[43] HITTING ... 
	change invalid email[adrian.gilbert@outlook.com] to default one
	Go to home page
	Reach STEP 1
	Reach STEP 2
	Ooops seem email correct
	Reach STEP 3
	Recalculated Price
	[50.91800309][$15.69]DONE
[44] HITTING ... 
	Go to home page
	Reach STEP 1
	Reach STEP 2
	Ooops seem email correct
	Reach STEP 3
	Recalculated Price
	[48.051331889][$14.55]DONE
[45] HITTING ... 
	Go to home page
	Reach STEP 1
	Reach STEP 2
	Ooops seem email correct
	Reach STEP 3
	Recalculated Price
	[49.357808064][$12.83]DONE
[46] HITTING ... 
	Go to home page
	Reach STEP 1
	Reach STEP 2
	Ooops seem email correct
	Reach STEP 3
	Recalculated Price
	[47.390581435][$10.83]DONE
[47] HITTING ... 
	change invalid email[lilly.hayes@aol.com] to default one
	Go to home page
	Reach STEP 1
	Reach STEP 2
	Ooops seem email correct
	Reach STEP 3
	Recalculated Price
	[50.836059202][$26.17]DONE
[48] HITTING ... 
	change invalid email[ian.schwartz@aol.com] to default one
	Go to home page
	Reach STEP 1
	Reach STEP 2
	Ooops seem email correct
	Reach STEP 3
	Recalculated Price
	[57.470230996][$25.21]DONE
[49] HITTING ... 
	Go to home page
	Reach STEP 1
	Reach STEP 2
	Ooops seem email correct
	Reach STEP 3
	Recalculated Price
	[46.737115273][$21.40]DONE
[50] HITTING ... 
	Go to home page
	Reach STEP 1
	Reach STEP 2
	Ooops seem email correct
	Reach STEP 3
	Recalculated Price
	[47.960636779][$24.67]DONE
[51] HITTING ... 
	Go to home page
	Reach STEP 1
	Reach STEP 2
	Ooops seem email correct
	Reach STEP 3
	Recalculated Price
	[48.541042598][$37.17]DONE
[52] HITTING ... 
	Go to home page
	Reach STEP 1
	Reach STEP 2
	Ooops seem email correct
	Reach STEP 3
	Recalculated Price
	[46.443905573][$35.84]DONE
[53] HITTING ... 
	change invalid email[alexandra.guerrero@aol.com] to default one
	Go to home page
	Reach STEP 1
	Reach STEP 2
	Ooops seem email correct
	Reach STEP 3
	Recalculated Price
	[49.176162821][$27.82]DONE
[54] HITTING ... 
	Go to home page
	Reach STEP 1
	Reach STEP 2
	Ooops seem email correct
	Reach STEP 3
	Recalculated Price
	[48.199817375][$26.38]DONE
[55] HITTING ... 
	Go to home page
	Reach STEP 1
	Reach STEP 2
	Ooops seem email correct
	Reach STEP 3
	Recalculated Price
	[56.294097705][$33.16]DONE
[56] HITTING ... 
	change invalid email[ian.schwartz@aol.com] to default one
	Go to home page
	Reach STEP 1
	Reach STEP 2
	Ooops seem email correct
	Reach STEP 3
	Recalculated Price
	[51.178836413][$25.41]DONE
[57] HITTING ... 
	change invalid email[lilly.hayes@aol.com] to default one
	Go to home page
	Reach STEP 1
	Reach STEP 2
	Ooops seem email correct
	Reach STEP 3
	Recalculated Price
	[48.476659493][$29.40]DONE
[58] HITTING ... 
	change invalid email[lilly.hayes@aol.com] to default one
	Go to home page
	Reach STEP 1
	Reach STEP 2
	Ooops seem email correct
	Reach STEP 3
	Recalculated Price
	[47.520573559][$20.52]DONE
[59] HITTING ... 
	change invalid email[ian.schwartz@aol.com] to default one
	Go to home page
	Reach STEP 1
	Reach STEP 2
	Ooops seem email correct
	Reach STEP 3
	Recalculated Price
	[48.819600712][$22.56]DONE
[60] HITTING ... 
	Go to home page
	Reach STEP 1
	Reach STEP 2
	Ooops seem email correct
	Reach STEP 3
	Recalculated Price
	[57.276314845][$38.20]DONE
[61] HITTING ... 
	Go to home page
	Reach STEP 1
	Reach STEP 2
	Ooops seem email correct
	Reach STEP 3
	Recalculated Price
	[52.04414074][$32.34]DONE
[62] HITTING ... 
	Go to home page
	Reach STEP 1
	Reach STEP 2
	[62][34.179597402] MISSED: ["Renters", "95112", "Adelaide", "Marquez", "05/06/1950", "m", "101 E San Fernando St 100", "San Jose", "CA", "N", "RENTED HOUSE - SINGLE FAMILY", "1", "0", nil, "0", "(510) 582-5240", "scarlett.richard@gmail.com", "N", "N", "N", "N", "Y", "N", "NONE", "N", "N", "Keep default.", "70000", "Keep default", "2000", "100000", "N", "250"]
	unable to locate element, using {:id=>"errordiv", :tag_name=>"div"}
[63] HITTING ... 
	Go to home page
	Reach STEP 1
	Reach STEP 2
	Ooops seem email correct
	Reach STEP 3
	Recalculated Price
	[48.206355009][$23.62]DONE
[64] HITTING ... 
	Go to home page
	Reach STEP 1
	Reach STEP 2
	Ooops seem email correct
	Reach STEP 3
	Recalculated Price
	[50.14640253][$23.25]DONE
[65] HITTING ... 
	change invalid email[alexandra.guerrero@aol.com] to default one
	Go to home page
	Reach STEP 1
	Reach STEP 2
	Ooops seem email correct
	Reach STEP 3
	Recalculated Price
	[51.371634178][$21.91]DONE
[66] HITTING ... 
	change invalid email[adrian.gilbert@outlook.com] to default one
	Go to home page
	Reach STEP 1
	Fail to find 'Start my Quote' button on step 2 of quote page
	Reach STEP 2
	[66][46.332497844] MISSED: ["Renters", "95014", "Fiona", "Weaver", "04/05/1941", "f", "5608 Stevens Creek Blvd", "Cupertino", "CA", "N", "RENTED HOUSE - SINGLE FAMILY", "1", "0", nil, "0", "(925) 228-0760", "adrian.gilbert@outlook.com", "N", "N", "N", "N", "Y", "N", "NONE", "N", "N", "Keep default.", "70000", "Keep default", "2000", "100000", "N", "1500"]
	unable to locate element, using {:id=>"AddRenterBuy:PropertyType", :tag_name=>"select"}
[67] HITTING ... 
	Go to home page
	Reach STEP 1
	Reach STEP 2
	Ooops seem email correct
	Reach STEP 3
	Recalculated Price
	[65.067985158][$18.28]DONE
[68] HITTING ... 
	Go to home page
	Reach STEP 1
	Reach STEP 2
	Ooops seem email correct
	Reach STEP 3
	Recalculated Price
	[53.02347016][$13.49]DONE
[69] HITTING ... 
	Go to home page
	Reach STEP 1
	Reach STEP 2
	Ooops seem email correct
	Reach STEP 3
	Recalculated Price
	[48.151554878][$32.42]DONE
[70] HITTING ... 
	change invalid email[ian.schwartz@aol.com] to default one
	Go to home page
	Reach STEP 1
	Reach STEP 2
	Ooops seem email correct
	Reach STEP 3
	Recalculated Price
	[48.337252221][$31.21]DONE
[71] HITTING ... 
	change invalid email[ian.schwartz@aol.com] to default one
	Go to home page
	Reach STEP 1
	Reach STEP 2
	Ooops seem email correct
	Reach STEP 3
	Recalculated Price
	[48.034764744][$26.93]DONE
[72] HITTING ... 
	Go to home page
	Reach STEP 1
	Reach STEP 2
	Ooops seem email correct
	Reach STEP 3
	Recalculated Price
	[67.93842497][$24.47]DONE
[73] HITTING ... 
	change invalid email[adrian.gilbert@outlook.com] to default one
	Go to home page
	Reach STEP 1
	Reach STEP 2
	Ooops seem email correct
	Reach STEP 3
	Recalculated Price
	[48.970107087][$23.03]DONE
[74] HITTING ... 
	Go to home page
	Reach STEP 1
	Reach STEP 2
	[74][33.778821883] MISSED: ["Renters", "95125", "Lilah", "Combs", "11/18/1970", "f", "1776 Almaden Rd", "San Jose", "CA", "N", "RENTED HOUSE - SINGLE FAMILY", "1", "0", nil, "0", "(415) 921-1969", "ana.webster@gmail.com", "N", "N", "N", "N", "Y", "N", "NONE", "N", "N", "Keep default.", "70000", "Keep default", "2000", "300000", "N", "1000"]
	unable to locate element, using {:id=>"errordiv", :tag_name=>"div"}
[75] HITTING ... 
	change invalid email[lilly.hayes@aol.com] to default one
	Go to home page
	Reach STEP 1
	Reach STEP 2
	[75][35.002442559] MISSED: ["Renters", "94087", "Sebastian", "Fleming", "06/06/1967", "m", "902 W Remington Dr", "Sunnyvale", "CA", "N", "RENTED HOUSE - SINGLE FAMILY", "1", "0", nil, "0", "(408) 996-1006", "lilly.hayes@aol.com", "N", "N", "N", "N", "Y", "N", "NONE", "N", "N", "Keep default.", "70000", "Keep default", "2000", "300000", "N", "1500"]
	unable to locate element, using {:id=>"errordiv", :tag_name=>"div"}
[76] HITTING ... 
	Go to home page
	Reach STEP 1
	Reach STEP 2
	Ooops seem email correct
	Reach STEP 3
	Recalculated Price
	[47.639676674][$19.98]DONE
[77] HITTING ... 
	change invalid email[adrian.gilbert@outlook.com] to default one
	Go to home page
	Reach STEP 1
	Reach STEP 2
	Ooops seem email correct
	Reach STEP 3
	Recalculated Price
	[53.128175764][$31.79]DONE
[78] HITTING ... 
	change invalid email[adrian.gilbert@outlook.com] to default one
	Go to home page
	Reach STEP 1
	Reach STEP 2
	[78][37.253954673] MISSED: ["Renters", "95050", "Arya", "Graham", "03/27/1954", "m", "431 El Camino Real", "Santa Clara", "CA", "N", "RENTED HOUSE - SINGLE FAMILY", "1", "0", nil, "0", "(408) 848-3474", "adrian.gilbert@outlook.com", "N", "N", "N", "N", "Y", "N", "NONE", "N", "N", "Keep default.", "70000", "Keep default", "2000", "500000", "N", "100"]
	unable to locate element, using {:id=>"errordiv", :tag_name=>"div"}
[79] HITTING ... 
	change invalid email[alexandra.guerrero@aol.com] to default one
	Go to home page
	Reach STEP 1
	Reach STEP 2
	Ooops seem email correct
	Reach STEP 3
	Recalculated Price
	[50.58707064][$33.52]DONE
[80] HITTING ... 
	change invalid email[adrian.gilbert@outlook.com] to default one
	Go to home page
	Reach STEP 1
	Reach STEP 2
	Ooops seem email correct
	Reach STEP 3
	Recalculated Price
	[51.616654891][$29.40]DONE
[81] HITTING ... 
	Go to home page
	Reach STEP 1
	Reach STEP 2
	Ooops seem email correct
	Reach STEP 3
	Recalculated Price
	[49.579510259][$27.37]DONE
[82] HITTING ... 
	change invalid email[adrian.gilbert@outlook.com] to default one
	Go to home page
	Reach STEP 1
	Reach STEP 2
	[82][40.422779778] MISSED: ["Renters", "95050", "Lillian", "Klein", "04/05/1941", "m", "1599 Warburton Ave", "Santa Clara", "CA", "N", "RENTED HOUSE - SINGLE FAMILY", "1", "0", nil, "0", "(415) 745-3716", "adrian.gilbert@outlook.com", "N", "N", "N", "N", "Y", "N", "NONE", "N", "N", "Keep default.", "70000", "Keep default", "2000", "500000", "N", "750"]
	unable to locate element, using {:id=>"errordiv", :tag_name=>"div"}
[83] HITTING ... 
	Go to home page
	Reach STEP 1
	Reach STEP 2
	Ooops seem email correct
	Reach STEP 3
	Recalculated Price
	[66.992947443][$23.49]DONE
[84] HITTING ... 
	Go to home page
	Reach STEP 1
	Reach STEP 2
	Ooops seem email correct
	Reach STEP 3
	Recalculated Price
	[48.338339379][$24.06]DONE
[85] HITTING ... 
	Go to home page
	Reach STEP 1
	Reach STEP 2
	Ooops seem email correct
	Reach STEP 3
	Recalculated Price
	[49.359382136][$19.88]DONE
[86] HITTING ... 
	Go to home page
	Reach STEP 1
	Reach STEP 2
	Ooops seem email correct
	Reach STEP 3
	Recalculated Price
	[49.471341796][$22.81]DONE
[87] HITTING ... 
	Go to home page
	Reach STEP 1
	Reach STEP 2
	Ooops seem email correct
	Reach STEP 3
	Recalculated Price
	[47.957171803][$45.61]DONE
[88] HITTING ... 
	change invalid email[lilly.hayes@aol.com] to default one
	Go to home page
	Reach STEP 1
	Reach STEP 2
	Ooops seem email correct
	Reach STEP 3
	Recalculated Price
	[47.1870859][$30.87]DONE
[89] HITTING ... 
	Go to home page
	Reach STEP 1
	Reach STEP 2
	Ooops seem email correct
	Reach STEP 3
	Recalculated Price
	[54.002956658][$36.49]DONE
[90] HITTING ... 
	change invalid email[ian.schwartz@aol.com] to default one
	Go to home page
	Reach STEP 1
	Reach STEP 2
	Ooops seem email correct
	Reach STEP 3
	Recalculated Price
	[48.191324041][$28.21]DONE
[91] HITTING ... 
	Go to home page
	Reach STEP 1
	Reach STEP 2
	Ooops seem email correct
	Reach STEP 3
	Recalculated Price
	[60.244586821][$22.12]DONE
[92] HITTING ... 
	Go to home page
	Reach STEP 1
	Reach STEP 2
	Ooops seem email correct
	Reach STEP 3
	
	[56.434306688][$43.88]DONE
[93] HITTING ... 
	change invalid email[alexandra.guerrero@aol.com] to default one
	Go to home page
	Reach STEP 1
	Reach STEP 2
	Ooops seem email correct
	Reach STEP 3
	Recalculated Price
	[65.441144076][$21.44]DONE
[94] HITTING ... 
	Go to home page
	Reach STEP 1
	Reach STEP 2
	Ooops seem email correct
	Reach STEP 3
	Recalculated Price
	[54.597834935][$18.87]DONE
[95] HITTING ... 
	Go to home page
	Reach STEP 1
	Reach STEP 2
	Ooops seem email correct
	Reach STEP 3
	Recalculated Price
	[46.551564924][$20.07]DONE
[96] HITTING ... 
	change invalid email[lilly.hayes@aol.com] to default one
	Go to home page
	Reach STEP 1
	Reach STEP 2
	Ooops seem email correct
	Reach STEP 3
	Recalculated Price
	[49.007141402][$34.24]DONE
[97] HITTING ... 
	Go to home page
	Reach STEP 1
	Reach STEP 2
	Ooops seem email correct
	Reach STEP 3
	Recalculated Price
	[47.824637755][$40.82]DONE
[98] HITTING ... 
	Go to home page
	Reach STEP 1
	Reach STEP 2
	Ooops seem email correct
	Reach STEP 3
	Recalculated Price
	[60.046538228][$38.57]DONE
[99] HITTING ... 
	Go to home page
	Reach STEP 1
	Reach STEP 2
	Ooops seem email correct
	Reach STEP 3
	Recalculated Price
	[49.063270807][$28.38]DONE
[100] HITTING ... 
	change invalid email[lilly.hayes@aol.com] to default one
	Go to home page
	Reach STEP 1
	Reach STEP 2
	Ooops seem email correct
	Reach STEP 3
	Recalculated Price
	[52.231895943][$51.13]DONE
[101] HITTING ... 
	Go to home page
	Reach STEP 1
	Reach STEP 2
	Ooops seem email correct
	Reach STEP 3
	Recalculated Price
	[49.118029301][$31.64]DONE
[102] HITTING ... 
	Go to home page
	Reach STEP 1
	Reach STEP 2
	Ooops seem email correct
	Reach STEP 3
	Recalculated Price
	[53.135933328][$26.71]DONE
[103] HITTING ... 
	change invalid email[alexandra.guerrero@aol.com] to default one
	Go to home page
	Reach STEP 1
	Reach STEP 2
	Ooops seem email correct
	Reach STEP 3
	Recalculated Price
	[48.283304874][$19.06]DONE
[104] HITTING ... 
	Go to home page
	Reach STEP 1
	Reach STEP 2
	Ooops seem email correct
	Reach STEP 3
	Recalculated Price
	[48.110903685][$19.84]DONE
[105] HITTING ... 
	change invalid email[alexandra.guerrero@aol.com] to default one
	Go to home page
	Reach STEP 1
	Reach STEP 2
	Ooops seem email correct
	Reach STEP 3
	Recalculated Price
	[52.588252601][$44.80]DONE
[106] HITTING ... 
	change invalid email[adrian.gilbert@outlook.com] to default one
	Go to home page
	Reach STEP 1
	Reach STEP 2
	Ooops seem email correct
	Reach STEP 3
	Recalculated Price
	[51.664900679][$35.31]DONE
[107] HITTING ... 
	change invalid email[adrian.gilbert@outlook.com] to default one
	Go to home page
	Reach STEP 1
	Reach STEP 2
	Ooops seem email correct
	Reach STEP 3
	Recalculated Price
	[48.236886017][$32.34]DONE
[108] HITTING ... 
	Go to home page
	Reach STEP 1
	Reach STEP 2
	Ooops seem email correct
	Reach STEP 3
	Recalculated Price
	[47.461995926][$27.95]DONE
[109] HITTING ... 
	change invalid email[ian.schwartz@aol.com] to default one
	Go to home page
	Reach STEP 1
	Reach STEP 2
	Ooops seem email correct
	Reach STEP 3
	Recalculated Price
	[58.031884658][$28.33]DONE
[110] HITTING ... 
	Go to home page
	Reach STEP 1
	Reach STEP 2
	Ooops seem email correct
	Reach STEP 3
	Recalculated Price
	[50.047185857][$24.59]DONE
[111] HITTING ... 
	Go to home page
	Reach STEP 1
	Reach STEP 2
	Ooops seem email correct
	Reach STEP 3
	Recalculated Price
	[48.247431158][$27.96]DONE
[112] HITTING ... 
	Go to home page
	Reach STEP 1
	Reach STEP 2
	Ooops seem email correct
	Reach STEP 3
	Recalculated Price
	[62.402357802][$21.67]DONE
[113] HITTING ... 
	change invalid email[lilly.hayes@aol.com] to default one
	Go to home page
	Reach STEP 1
	Reach STEP 2
	Ooops seem email correct
	Reach STEP 3
	Recalculated Price
	[48.819170358][$23.82]DONE
[114] HITTING ... 
	Go to home page
	Reach STEP 1
	Reach STEP 2
	Ooops seem email correct
	Reach STEP 3
	Recalculated Price
	[50.169465182][$35.98]DONE
[115] HITTING ... 
	Go to home page
	Reach STEP 1
	Reach STEP 2
	Ooops seem email correct
	Reach STEP 3
	Recalculated Price
	[50.840461632][$61.84]DONE
[116] HITTING ... 
	Go to home page
	Reach STEP 1
	Reach STEP 2
	Ooops seem email correct
	Reach STEP 3
	Recalculated Price
	[53.47354711][$28.84]DONE
[117] HITTING ... 
	change invalid email[alexandra.guerrero@aol.com] to default one
	Go to home page
	Reach STEP 1
	Reach STEP 2
	Ooops seem email correct
	Reach STEP 3
	Recalculated Price
	[51.320895584][$26.55]DONE
[118] HITTING ... 
	change invalid email[ian.schwartz@aol.com] to default one
	Go to home page
	Reach STEP 1
	Reach STEP 2
	Ooops seem email correct
	Reach STEP 3
	Recalculated Price
	[50.395432909][$24.83]DONE
[119] HITTING ... 
	Go to home page
	Reach STEP 1
	Reach STEP 2
	Ooops seem email correct
	Reach STEP 3
	Recalculated Price
	[49.65325022][$23.40]DONE
[120] HITTING ... 
	change invalid email[lilly.hayes@aol.com] to default one
	Go to home page
	Reach STEP 1
	Reach STEP 2
	Ooops seem email correct
	Reach STEP 3
	Recalculated Price
	[48.132347644][$26.25]DONE
[121] HITTING ... 
	Go to home page
	Reach STEP 1
	Reach STEP 2
	Ooops seem email correct
	Reach STEP 3
	Recalculated Price
	[55.419888444][$19.42]DONE
[122] HITTING ... 
	Go to home page
	Reach STEP 1
	Reach STEP 2
	Ooops seem email correct
	Reach STEP 3
	Recalculated Price
	[48.703411064][$14.40]DONE
[123] HITTING ... 
	Go to home page
	Reach STEP 1
	Reach STEP 2
	Ooops seem email correct
	Reach STEP 3
	Recalculated Price
	[74.438543092][$66.49]DONE
[124] HITTING ... 
	change invalid email[alexandra.guerrero@aol.com] to default one
	Go to home page
	Reach STEP 1
	Reach STEP 2
	Ooops seem email correct
	Reach STEP 3
	Recalculated Price
	[47.351741185][$33.89]DONE
[125] HITTING ... 
	Go to home page
	Reach STEP 1
	Reach STEP 2
	Ooops seem email correct
	Reach STEP 3
	Recalculated Price
	[46.032164673][$30.92]DONE
[126] HITTING ... 
	Go to home page
	Reach STEP 1
	Reach STEP 2
	Ooops seem email correct
	Reach STEP 3
	Recalculated Price
	[46.1568333][$35.90]DONE
[127] HITTING ... 
	change invalid email[alexandra.guerrero@aol.com] to default one
	Go to home page
	Reach STEP 1
	Reach STEP 2
	Ooops seem email correct
	Reach STEP 3
	Recalculated Price
	[46.55523196][$30.58]DONE
[128] HITTING ... 
	change invalid email[adrian.gilbert@outlook.com] to default one
	Go to home page
	Reach STEP 1
	Reach STEP 2
	Ooops seem email correct
	Reach STEP 3
	Recalculated Price
	[48.150900164][$23.64]DONE
[129] HITTING ... 
	change invalid email[alexandra.guerrero@aol.com] to default one
	Go to home page
	Reach STEP 1
	Reach STEP 2
	[129][33.930903555] MISSED: ["Renters", "94041", "Ethan", "Collins", "05/06/1950", "f", "1600 Villa St", "Mountain View", "CA", "N", "RENTED HOUSE - SINGLE FAMILY", "1", "0", nil, "0", "(408) 733-4733", "alexandra.guerrero@aol.com", "N", "N", "N", "N", "Y", "N", "NONE", "N", "N", "Keep default.", "80000", "Keep default", "2000", "300000", "N", "1500"]
	unable to locate element, using {:id=>"errordiv", :tag_name=>"div"}
[130] HITTING ... 
	Go to home page
	Reach STEP 1
	Reach STEP 2
	Ooops seem email correct
	Reach STEP 3
	Recalculated Price
	[50.924954456][$39.97]DONE
[131] HITTING ... 
	Go to home page
	Reach STEP 1
	Reach STEP 2
	Ooops seem email correct
	Reach STEP 3
	Recalculated Price
	[46.45138824][$16.48]DONE
[132] HITTING ... 
	Go to home page
	Reach STEP 1
	Reach STEP 2
	Ooops seem email correct
	Reach STEP 3
	Recalculated Price
	[47.663886925][$40.31]DONE
[133] HITTING ... 
	Go to home page
	Reach STEP 1
	Reach STEP 2
	Ooops seem email correct
	Reach STEP 3
	Recalculated Price
	[62.024957417][$38.30]DONE
[134] HITTING ... 
	Go to home page
	Reach STEP 1
	Reach STEP 2
	Ooops seem email correct
	Reach STEP 3
	Recalculated Price
	[46.835744097][$29.73]DONE
[135] HITTING ... 
	change invalid email[ian.schwartz@aol.com] to default one
	Go to home page
	Reach STEP 1
	Reach STEP 2
	Ooops seem email correct
	Reach STEP 3
	Recalculated Price
	[49.322195171][$30.73]DONE
[136] HITTING ... 
	change invalid email[alexandra.guerrero@aol.com] to default one
	Go to home page
	Reach STEP 1
	Reach STEP 2
	Ooops seem email correct
	Reach STEP 3
	Recalculated Price
	[46.583782128][$35.38]DONE
[137] HITTING ... 
	change invalid email[alexandra.guerrero@aol.com] to default one
	Go to home page
	Reach STEP 1
	Reach STEP 2
	Ooops seem email correct
	Reach STEP 3
	Recalculated Price
	[49.531831864][$27.15]DONE
[138] HITTING ... 
	Go to home page
	Reach STEP 1
	Reach STEP 2
	Ooops seem email correct
	Reach STEP 3
	Recalculated Price
	[57.447940696][$25.44]DONE
[139] HITTING ... 
	change invalid email[ian.schwartz@aol.com] to default one
	Go to home page
	Reach STEP 1
	Reach STEP 2
	Ooops seem email correct
	Reach STEP 3
	Recalculated Price
	[47.236119358][$25.68]DONE
[140] HITTING ... 
	Go to home page
	Reach STEP 1
	Reach STEP 2
	[140][32.16853678] MISSED: ["Renters", "94041", "Gabriella", "Aguirre", "12/1/1973", "f", "1600 Villa St", "Mountain View", "CA", "N", "RENTED HOUSE - SINGLE FAMILY", "1", "0", nil, "0", "(858) 678-0550", "scarlett.richard@gmail.com", "N", "N", "N", "N", "Y", "N", "NONE", "N", "N", "Keep default.", "80000", "Keep default", "2000", "500000", "N", "5000"]
	unable to locate element, using {:id=>"errordiv", :tag_name=>"div"}
[141] HITTING ... 
	change invalid email[adrian.gilbert@outlook.com] to default one
	Go to home page
	Reach STEP 1
	Reach STEP 2
	Ooops seem email correct
	Reach STEP 3
	Recalculated Price
	[52.791642523][$42.84]DONE
[142] HITTING ... 
	change invalid email[alexandra.guerrero@aol.com] to default one
	Go to home page
	Reach STEP 1
	Reach STEP 2
	Ooops seem email correct
	Reach STEP 3
	Recalculated Price
	[49.752508479][$41.72]DONE
[143] HITTING ... 
	change invalid email[alexandra.guerrero@aol.com] to default one
	Go to home page
	Reach STEP 1
	Reach STEP 2
	Ooops seem email correct
	Reach STEP 3
	Recalculated Price
	[50.664553092][$30.21]DONE
[144] HITTING ... 
	change invalid email[ian.schwartz@aol.com] to default one
	Go to home page
	Reach STEP 1
	Reach STEP 2
	[144][30.199243871] MISSED: ["Renters", "95126", "Wyatt", "Morris", "07/31/1966", "f", "2050 Southwest Expy 126", "San Jose", "CA", "N", "RENTED HOUSE - SINGLE FAMILY", "1", "0", nil, "0", "(415) 474-1750", "ian.schwartz@aol.com", "N", "N", "N", "N", "Y", "N", "NONE", "N", "N", "Keep default.", "90000", "Keep default", "1000", "100000", "N", "500"]
	unable to locate element, using {:id=>"errordiv", :tag_name=>"div"}
[145] HITTING ... 
	change invalid email[adrian.gilbert@outlook.com] to default one
	Go to home page
	Reach STEP 1
	Reach STEP 2
	Ooops seem email correct
	Reach STEP 3
	Recalculated Price
	[50.158583676][$25.98]DONE
[146] HITTING ... 
	Go to home page
	Reach STEP 1
	Reach STEP 2
	Ooops seem email correct
	Reach STEP 3
	
	[55.927843985][$48.94]DONE
[147] HITTING ... 
	change invalid email[adrian.gilbert@outlook.com] to default one
	Go to home page
	Reach STEP 1
	Reach STEP 2
	Ooops seem email correct
	Reach STEP 3
	Recalculated Price
	[45.740984726][$22.66]DONE
[148] HITTING ... 
	Go to home page
	Reach STEP 1
	Reach STEP 2
	Ooops seem email correct
	Reach STEP 3
	Recalculated Price
	[51.840496593][$17.95]DONE
[149] HITTING ... 
	Go to home page
	Reach STEP 1
	Reach STEP 2
	Ooops seem email correct
	Reach STEP 3
	Recalculated Price
	[46.528164804][$21.25]DONE
[150] HITTING ... 
	change invalid email[ian.schwartz@aol.com] to default one
	Go to home page
	Reach STEP 1
	Reach STEP 2
	Ooops seem email correct
	Reach STEP 3
	Recalculated Price
	[49.67198257][$36.83]DONE
[151] HITTING ... 
	Go to home page
	Reach STEP 1
	Reach STEP 2
	Ooops seem email correct
	Reach STEP 3
	Recalculated Price
	[46.850181619][$38.34]DONE
[152] HITTING ... 
	Go to home page
	Reach STEP 1
	Reach STEP 2
	Ooops seem email correct
	Reach STEP 3
	Recalculated Price
	[48.355768795][$29.88]DONE
[153] HITTING ... 
	change invalid email[lilly.hayes@aol.com] to default one
	Go to home page
	Reach STEP 1
	Reach STEP 2
	Ooops seem email correct
	Reach STEP 3
	Recalculated Price
	[47.820624451][$34.07]DONE
[154] HITTING ... 
	Go to home page
	Reach STEP 1
	Reach STEP 2
	Ooops seem email correct
	Reach STEP 3
	Recalculated Price
	[49.568782672][$54.05]DONE
[155] HITTING ... 
	Go to home page
	Reach STEP 1
	Reach STEP 2
	[155][34.350411737] MISSED: ["Renters", "94086", "Elijah", "Bennett", "02/04/1961", "m", "718 Old San Francisco Rd", "Sunnyvale", "CA", "N", "RENTED HOUSE - SINGLE FAMILY", "1", "0", nil, "0", "(408) 437-1900", "savannah.silva@aol.com", "N", "N", "N", "N", "Y", "N", "NONE", "N", "N", "Keep default.", "90000", "Keep default", "1000", "300000", "N", "1000"]
	unable to locate element, using {:id=>"errordiv", :tag_name=>"div"}
[156] HITTING ... 
	Go to home page
	Reach STEP 1
	Reach STEP 2
	Ooops seem email correct
	Reach STEP 3
	Recalculated Price
	[52.970098637][$23.61]DONE
[157] HITTING ... 
	Go to home page
	Reach STEP 1
	Reach STEP 2
	Ooops seem email correct
	Reach STEP 3
	Recalculated Price
	[48.272296426][$22.02]DONE
[158] HITTING ... 
	change invalid email[lilly.hayes@aol.com] to default one
	Go to home page
	Reach STEP 1
	Reach STEP 2
	Ooops seem email correct
	Reach STEP 3
	Recalculated Price
	[52.871741582][$18.70]DONE
[159] HITTING ... 
	change invalid email[ian.schwartz@aol.com] to default one
	Go to home page
	Reach STEP 1
	Reach STEP 2
	Ooops seem email correct
	Reach STEP 3
	Recalculated Price
	[45.28608189][$41.51]DONE
[160] HITTING ... 
	Go to home page
	Reach STEP 1
	Reach STEP 2
	Ooops seem email correct
	Reach STEP 3
	Recalculated Price
	[53.713797765][$36.38]DONE
[161] HITTING ... 
	change invalid email[lilly.hayes@aol.com] to default one
	Go to home page
	Reach STEP 1
	Reach STEP 2
	Ooops seem email correct
	Reach STEP 3
	Recalculated Price
	[47.034320293][$30.94]DONE
[162] HITTING ... 
	Go to home page
	Reach STEP 1
	Reach STEP 2
	Ooops seem email correct
	Reach STEP 3
	Recalculated Price
	[46.527245188][$31.55]DONE
[163] HITTING ... 
	change invalid email[ian.schwartz@aol.com] to default one
	Go to home page
	Reach STEP 1
	Reach STEP 2
	Ooops seem email correct
	Reach STEP 3
	Recalculated Price
	[50.197634479][$36.97]DONE
[164] HITTING ... 
	Go to home page
	Reach STEP 1
	Reach STEP 2
	Ooops seem email correct
	Reach STEP 3
	Recalculated Price
	[44.482186849][$25.77]DONE
[165] HITTING ... 
	Go to home page
	Reach STEP 1
	Reach STEP 2
	Ooops seem email correct
	Reach STEP 3
	Recalculated Price
	[45.817606158][$24.60]DONE
[166] HITTING ... 
	change invalid email[adrian.gilbert@outlook.com] to default one
	Go to home page
	Reach STEP 1
	Reach STEP 2
	Ooops seem email correct
	Reach STEP 3
	Recalculated Price
	[46.420499142][$24.11]DONE
[167] HITTING ... 
	Go to home page
	Reach STEP 1
	Reach STEP 2
	Ooops seem email correct
	Reach STEP 3
	Recalculated Price
	[47.646051051][$18.70]DONE
[168] HITTING ... 
	change invalid email[lilly.hayes@aol.com] to default one
	Go to home page
	Reach STEP 1
	Reach STEP 2
	Ooops seem email correct
	Reach STEP 3
	Recalculated Price
	[50.705085935][$34.24]DONE
[169] HITTING ... 
	Go to home page
	Reach STEP 1
	Reach STEP 2
	Ooops seem email correct
	Reach STEP 3
	Recalculated Price
	[46.359551274][$38.09]DONE
[170] HITTING ... 
	change invalid email[ian.schwartz@aol.com] to default one
	Go to home page
	Reach STEP 1
	Reach STEP 2
	Ooops seem email correct
	Reach STEP 3
	Recalculated Price
	[45.939696896][$30.46]DONE
[171] HITTING ... 
	Go to home page
	Reach STEP 1
	Reach STEP 2
	Ooops seem email correct
	Reach STEP 3
	Recalculated Price
	[47.423549462][$28.05]DONE
[172] HITTING ... 
	change invalid email[alexandra.guerrero@aol.com] to default one
	Go to home page
	Reach STEP 1
	Reach STEP 2
	Ooops seem email correct
	Reach STEP 3
	Recalculated Price
	[46.237743879][$23.63]DONE
[173] HITTING ... 
	Go to home page
	Reach STEP 1
	Reach STEP 2
	Ooops seem email correct
	Reach STEP 3
	Recalculated Price
	[50.850040772][$28.41]DONE
[174] HITTING ... 
	Go to home page
	Reach STEP 1
	Reach STEP 2
	Ooops seem email correct
	Reach STEP 3
	Recalculated Price
	[52.193071244][$20.64]DONE
[175] HITTING ... 
	Go to home page
	Reach STEP 1
	Reach STEP 2
	Ooops seem email correct
	Reach STEP 3
	Recalculated Price
	[47.25175009][$25.75]DONE
[176] HITTING ... 
	Go to home page
	Reach STEP 1
	Reach STEP 2
	Ooops seem email correct
	Reach STEP 3
	Recalculated Price
	[48.367202767][$16.87]DONE
[177] HITTING ... 
	change invalid email[adrian.gilbert@outlook.com] to default one
	Go to home page
	Reach STEP 1
	Reach STEP 2
	Ooops seem email correct
	Reach STEP 3
	Recalculated Price
	[47.916245902][$45.80]DONE
[178] HITTING ... 
	change invalid email[lilly.hayes@aol.com] to default one
	Go to home page
	Reach STEP 1
	Reach STEP 2
	Ooops seem email correct
	Reach STEP 3
	Recalculated Price
	[47.651837703][$35.69]DONE
[179] HITTING ... 
	change invalid email[alexandra.guerrero@aol.com] to default one
	Go to home page
	Reach STEP 1
	Reach STEP 2
	Ooops seem email correct
	Reach STEP 3
	Recalculated Price
	[53.413023258][$32.55]DONE
[180] HITTING ... 
	change invalid email[ian.schwartz@aol.com] to default one
	Go to home page
	Reach STEP 1
	Reach STEP 2
	Ooops seem email correct
	Reach STEP 3
	Recalculated Price
	[180][100.610577636] MISSED: ["Renters", "95014", "Sofia", "Mcbride", "05/06/1950", "f", "19608 Pruneridge Ave", "Cupertino", "CA", "N", "RENTED HOUSE - SINGLE FAMILY", "1", "0", nil, "0", "(650) 992-3500", "ian.schwartz@aol.com", "N", "N", "N", "N", "Y", "N", "NONE", "N", "N", "Keep default.", "90000", "Keep default", "2000", "300000", "N", "500"]
	Timeout::Error
	Fail to save screenshotTimeout::Error
skip to offset 179
[180] HITTING ... 
	Go to home page
	Reach STEP 1
	Reach STEP 2
	Reach STEP 3
	Recalculated Price
	[47.112839954][$27.35]DONE
[181] HITTING ... 
	change invalid email[ian.schwartz@aol.com] to default one
	Go to home page
	Reach STEP 1
	Reach STEP 2
	Ooops seem email correct
	Reach STEP 3
	Recalculated Price
	[43.595001547][$32.90]DONE
[182] HITTING ... 
	Go to home page
	Reach STEP 1
	Reach STEP 2
	Ooops seem email correct
	Reach STEP 3
	Recalculated Price
	[47.012057373][$24.85]DONE
[183] HITTING ... 
	Go to home page
	Reach STEP 1
	Reach STEP 2
	Ooops seem email correct
	Reach STEP 3
	Recalculated Price
	[67.948821068][$22.73]DONE
[184] HITTING ... 
	Go to home page
	Reach STEP 1
	Reach STEP 2
	Ooops seem email correct
	Reach STEP 3
	Recalculated Price
	[46.854764235][$22.27]DONE
[185] HITTING ... 
	Go to home page
	Reach STEP 1
	Reach STEP 2
	Ooops seem email correct
	Reach STEP 3
	Recalculated Price
	[57.143750412][$19.30]DONE
[186] HITTING ... 
	Go to home page
	Reach STEP 1
	Reach STEP 2
	Reach STEP 3
	Recalculated Price
	[46.639451467][$39.88]DONE
[187] HITTING ... 
	Go to home page
	Reach STEP 1
	Reach STEP 2
	Ooops seem email correct
	Reach STEP 3
	Recalculated Price
	[51.375962419][$36.63]DONE
[188] HITTING ... 
	Go to home page
	Reach STEP 1
	Reach STEP 2
	Reach STEP 3
	Recalculated Price
	[46.979319025][$42.63]DONE
[189] HITTING ... 
	Go to home page
	Reach STEP 1
	Reach STEP 2
	Ooops seem email correct
	Reach STEP 3
	Recalculated Price
	[44.386595357][$31.80]DONE
[190] HITTING ... 
	Go to home page
	Reach STEP 1
	Reach STEP 2
	Ooops seem email correct
	Reach STEP 3
	Recalculated Price
	[54.173657428][$31.12]DONE
[191] HITTING ... 
	change invalid email[alexandra.guerrero@aol.com] to default one
	Go to home page
	Reach STEP 1
	Reach STEP 2
	Ooops seem email correct
	Reach STEP 3
	Recalculated Price
	[48.637762351][$32.16]DONE
[192] HITTING ... 
	Go to home page
	Reach STEP 1
	Reach STEP 2
	Ooops seem email correct
	Reach STEP 3
	Recalculated Price
	[55.36598332][$26.66]DONE
[193] HITTING ... 
	Go to home page
	Reach STEP 1
	Reach STEP 2
	Ooops seem email correct
	Reach STEP 3
	Recalculated Price
	[49.430392941][$21.95]DONE
[194] HITTING ... 
	Go to home page
	Reach STEP 1
	Reach STEP 2
	Ooops seem email correct
	Reach STEP 3
	Recalculated Price
	[52.486765956][$25.25]DONE
[195] HITTING ... 
	Go to home page
	Reach STEP 1
	Reach STEP 2
	Ooops seem email correct
	Reach STEP 3
	Recalculated Price
	[49.82247377][$35.73]DONE
[196] HITTING ... 
	change invalid email[ian.schwartz@aol.com] to default one
	Go to home page
	Reach STEP 1
	Reach STEP 2
	Ooops seem email correct
	Reach STEP 3
	Recalculated Price
	[44.893874727][$38.12]DONE
[197] HITTING ... 
	Go to home page
	Reach STEP 1
	Reach STEP 2
	Reach STEP 3
	Recalculated Price
	[72.928335714][$36.56]DONE
[198] HITTING ... 
	change invalid email[lilly.hayes@aol.com] to default one
	Go to home page
	Reach STEP 1
	Reach STEP 2
	Ooops seem email correct
	Reach STEP 3
	Recalculated Price
	[49.963600976][$29.22]DONE
[199] HITTING ... 
	change invalid email[adrian.gilbert@outlook.com] to default one
	Go to home page
	Reach STEP 1
	Reach STEP 2
	Ooops seem email correct
	Reach STEP 3
	Recalculated Price
	[56.823684499][$27.32]DONE
[200] HITTING ... 
	Go to home page
	Reach STEP 1
	Reach STEP 2
	Ooops seem email correct
	Reach STEP 3
	
	[59.274692603][$24.44]DONE
[201] HITTING ... 
	change invalid email[ian.schwartz@aol.com] to default one
	Go to home page
	Reach STEP 1
	Reach STEP 2
	Ooops seem email correct
	Reach STEP 3
	Recalculated Price
	[49.218814761][$19.47]DONE
[202] HITTING ... 
	change invalid email[alexandra.guerrero@aol.com] to default one
	Go to home page
	Reach STEP 1
	Reach STEP 2
	Ooops seem email correct
	Reach STEP 3
	Recalculated Price
	[48.100152139][$35.24]DONE
[203] HITTING ... 
	change invalid email[adrian.gilbert@outlook.com] to default one
	Go to home page
	Reach STEP 1
	Reach STEP 2
	Ooops seem email correct
	Reach STEP 3
	Recalculated Price
	[49.254356636][$16.05]DONE
[204] HITTING ... 
	Go to home page
	Reach STEP 1
	Reach STEP 2
	Ooops seem email correct
	Reach STEP 3
	Recalculated Price
	[72.029011221][$14.95]DONE
[205] HITTING ... 
	change invalid email[adrian.gilbert@outlook.com] to default one
	Go to home page
	Reach STEP 1
	Reach STEP 2
	Ooops seem email correct
	Reach STEP 3
	Recalculated Price
	[56.925340284][$15.69]DONE
[206] HITTING ... 
	change invalid email[adrian.gilbert@outlook.com] to default one
	Go to home page
	Reach STEP 1
	Reach STEP 2
	Ooops seem email correct
	Reach STEP 3
	Recalculated Price
	[48.2423512][$13.44]DONE
[207] HITTING ... 
	Go to home page
	Reach STEP 1
	Reach STEP 2
	Ooops seem email correct
	Reach STEP 3
	Recalculated Price
	[52.599643539][$12.62]DONE
[208] HITTING ... 
	Go to home page
	Reach STEP 1
	Reach STEP 2
	Ooops seem email correct
	Reach STEP 3
	Recalculated Price
	[65.879647307][$11.38]DONE
[209] HITTING ... 
	Go to home page
	Reach STEP 1
	Reach STEP 2
	Ooops seem email correct
	Reach STEP 3
	Recalculated Price
	[47.775263058][$10.83]DONE
[210] HITTING ... 
	change invalid email[ian.schwartz@aol.com] to default one
	Go to home page
	Reach STEP 1
	Reach STEP 2
	Ooops seem email correct
	Reach STEP 3
	Recalculated Price
	[60.031885776][$23.41]DONE
[211] HITTING ... 
	Go to home page
	Reach STEP 1
	Reach STEP 2
	Ooops seem email correct
	Reach STEP 3
	Recalculated Price
	[50.427889338][$20.45]DONE
[212] HITTING ... 
	change invalid email[ian.schwartz@aol.com] to default one
	Go to home page
	Reach STEP 1
	Reach STEP 2
	Ooops seem email correct
	Reach STEP 3
	Recalculated Price
	[48.075997405][$21.54]DONE
[213] HITTING ... 
	Go to home page
	Reach STEP 1
	Reach STEP 2
	Ooops seem email correct
	Reach STEP 3
	Recalculated Price
	[54.215186305][$20.14]DONE
[214] HITTING ... 
	change invalid email[ian.schwartz@aol.com] to default one
	Go to home page
	Reach STEP 1
	Reach STEP 2
	Ooops seem email correct
	Reach STEP 3
	Recalculated Price
	[56.59590255][$17.35]DONE
[215] HITTING ... 
	change invalid email[alexandra.guerrero@aol.com] to default one
	Go to home page
	Reach STEP 1
	Reach STEP 2
	Ooops seem email correct
	Reach STEP 3
	Recalculated Price
	[48.027291306][$15.11]DONE
[216] HITTING ... 
	Go to home page
	Reach STEP 1
	Reach STEP 2
	Ooops seem email correct
	Reach STEP 3
	Recalculated Price
	[48.290710486][$17.16]DONE
[217] HITTING ... 
	Go to home page
	Reach STEP 1
	Reach STEP 2
	Ooops seem email correct
	Reach STEP 3
	Recalculated Price
	[57.819527677][$13.05]DONE
[218] HITTING ... 
	Go to home page
	Reach STEP 1
	Reach STEP 2
	Ooops seem email correct
	Reach STEP 3
	Recalculated Price
	[52.720441809][$11.54]DONE
[219] HITTING ... 
	change invalid email[adrian.gilbert@outlook.com] to default one
	Go to home page
	Reach STEP 1
	Reach STEP 2
	Ooops seem email correct
	Reach STEP 3
	Recalculated Price
	[60.359997393][$22.27]DONE
[220] HITTING ... 
	change invalid email[alexandra.guerrero@aol.com] to default one
	Go to home page
	Reach STEP 1
	Reach STEP 2
	Ooops seem email correct
	Reach STEP 3
	Recalculated Price
	[49.2105006][$33.39]DONE
[221] HITTING ... 
	Go to home page
	Reach STEP 1
	Reach STEP 2
	Ooops seem email correct
	Reach STEP 3
	Recalculated Price
	[51.966146815][$13.91]DONE
[222] HITTING ... 
	Go to home page
	Reach STEP 1
	Reach STEP 2
	Ooops seem email correct
	Reach STEP 3
	Recalculated Price
	[50.944870291][$12.80]DONE
[223] HITTING ... 
	change invalid email[lilly.hayes@aol.com] to default one
	Go to home page
	Reach STEP 1
	Reach STEP 2
	Ooops seem email correct
	Reach STEP 3
	Recalculated Price
	[48.53231155][$15.32]DONE
[224] HITTING ... 
	change invalid email[alexandra.guerrero@aol.com] to default one
	Go to home page
	Reach STEP 1
	Reach STEP 2
	Ooops seem email correct
	Reach STEP 3
	
	[61.658105089][$11.27]DONE
[225] HITTING ... 
	change invalid email[ian.schwartz@aol.com] to default one
	Go to home page
	Reach STEP 1
	Reach STEP 2
	Ooops seem email correct
	Reach STEP 3
	Recalculated Price
	[49.483588955][$10.83]DONE
[226] HITTING ... 
	change invalid email[adrian.gilbert@outlook.com] to default one
	Go to home page
	Reach STEP 1
	Reach STEP 2
	Ooops seem email correct
	Reach STEP 3
	Recalculated Price
	[58.651555264][$11.76]DONE
[227] HITTING ... 
	Go to home page
	Reach STEP 1
	Reach STEP 2
	Ooops seem email correct
	Reach STEP 3
	Recalculated Price
	[51.195756398][$10.83]DONE
[228] HITTING ... 
	change invalid email[alexandra.guerrero@aol.com] to default one
	Go to home page
	Reach STEP 1
	Reach STEP 2
	Ooops seem email correct
	Reach STEP 3
	Recalculated Price
	[95.401323195][$36.87]DONE
[229] HITTING ... 
	change invalid email[ian.schwartz@aol.com] to default one
	Go to home page
	Reach STEP 1
	Reach STEP 2
	Ooops seem email correct
	Reach STEP 3
	Recalculated Price
	[55.475538934][$23.46]DONE
[230] HITTING ... 
	Go to home page
	Reach STEP 1
	Reach STEP 2
	Ooops seem email correct
	Reach STEP 3
	Recalculated Price
	[53.260457015][$16.00]DONE
[231] HITTING ... 
	Go to home page
	Reach STEP 1
	Reach STEP 2
	Ooops seem email correct
	Reach STEP 3
	Recalculated Price
	[52.235351509][$16.55]DONE
[232] HITTING ... 
	change invalid email[lilly.hayes@aol.com] to default one
	Go to home page
	Reach STEP 1
	Reach STEP 2
	Ooops seem email correct
	Reach STEP 3
	Recalculated Price
	[51.831254575][$14.05]DONE
[233] HITTING ... 
	Go to home page
	Reach STEP 1
	Reach STEP 2
	Ooops seem email correct
	Reach STEP 3
	Recalculated Price
	[52.824121869][$16.51]DONE
[234] HITTING ... 
	Go to home page
	Reach STEP 1
	Reach STEP 2
	[234][42.814689389] MISSED: ["Renters", "94086", "Landon", "Patel", "11/18/1993", "f", "201 W California Ave", "Sunnyvale", "CA", "N", "RENTED HOUSE - SINGLE FAMILY", "2 to 4", "0", nil, "0", "(619) 443-1720", "scarlett.richard@gmail.com", "N", "N", "N", "N", "Y", "N", "NONE", "N", "N", "Keep default.", "16000", "Keep default", "1000", "300000", "N", "1500"]
	unable to locate element, using {:id=>"errordiv", :tag_name=>"div"}
[235] HITTING ... 
	Go to home page
	Reach STEP 1
	Reach STEP 2
	[235][36.317808871] MISSED: ["Renters", "94086", "Hanna", "Knight", "11/12/1994", "m", "201 W California Ave", "Sunnyvale", "CA", "N", "RENTED HOUSE - SINGLE FAMILY", "2 to 4", "0", nil, "0", "(408) 570-5040", "savannah.silva@aol.com", "N", "N", "N", "N", "Y", "N", "NONE", "N", "N", "Keep default.", "16000", "Keep default", "1000", "300000", "N", "2500"]
	unable to locate element, using {:id=>"errordiv", :tag_name=>"div"}
[236] HITTING ... 
	Go to home page
	Reach STEP 1
	Reach STEP 2
	Ooops seem email correct
	Reach STEP 3
	Recalculated Price
	[51.453790498][$10.83]DONE
[237] HITTING ... 
	change invalid email[lilly.hayes@aol.com] to default one
	Go to home page
	Reach STEP 1
	Reach STEP 2
	Ooops seem email correct
	Reach STEP 3
	Recalculated Price
	[48.018474679][$21.14]DONE
[238] HITTING ... 
	Go to home page
	Reach STEP 1
	Reach STEP 2
	Ooops seem email correct
	Reach STEP 3
	Recalculated Price
	[52.68593318][$20.45]DONE
[239] HITTING ... 
	Go to home page
	Reach STEP 1
	Reach STEP 2
	Ooops seem email correct
	Reach STEP 3
	Recalculated Price
	[50.30192976][$17.66]DONE
[240] HITTING ... 
	change invalid email[alexandra.guerrero@aol.com] to default one
	Go to home page
	Reach STEP 1
	Reach STEP 2
	Ooops seem email correct
	Reach STEP 3
	Recalculated Price
	[49.082663596][$20.14]DONE
[241] HITTING ... 
	Go to home page
	Reach STEP 1
	Reach STEP 2
	Ooops seem email correct
	Reach STEP 3
	Recalculated Price
	[54.861776318][$15.72]DONE
[242] HITTING ... 
	Go to home page
	Reach STEP 1
	Reach STEP 2
	Ooops seem email correct
	Reach STEP 3
	Recalculated Price
	[49.694631302][$18.18]DONE
[243] HITTING ... 
	change invalid email[lilly.hayes@aol.com] to default one
	Go to home page
	Reach STEP 1
	Reach STEP 2
	Ooops seem email correct
	Reach STEP 3
	Recalculated Price
	[46.949790994][$14.19]DONE
[244] HITTING ... 
	Go to home page
	Reach STEP 1
	Reach STEP 2
	Ooops seem email correct
	Reach STEP 3
	Recalculated Price
	[52.610724765][$15.51]DONE
[245] HITTING ... 
	Go to home page
	Reach STEP 1
	Reach STEP 2
	Ooops seem email correct
	Reach STEP 3
	Recalculated Price
	[48.279846709][$11.40]DONE
[246] HITTING ... 
	Go to home page
	Reach STEP 1
	Reach STEP 2
	Ooops seem email correct
	Reach STEP 3
	Recalculated Price
	[52.376944524][$22.52]DONE
[247] HITTING ... 
	change invalid email[ian.schwartz@aol.com] to default one
	Go to home page
	Reach STEP 1
	Reach STEP 2
	Ooops seem email correct
	Reach STEP 3
	Recalculated Price
	[46.701015831][$16.95]DONE
[248] HITTING ... 
	change invalid email[alexandra.guerrero@aol.com] to default one
	Go to home page
	Reach STEP 1
	Reach STEP 2
	Ooops seem email correct
	Reach STEP 3
	Recalculated Price
	[49.330689913][$14.16]DONE
[249] HITTING ... 
	change invalid email[lilly.hayes@aol.com] to default one
	Go to home page
	Reach STEP 1
	Reach STEP 2
	Ooops seem email correct
	Reach STEP 3
	Recalculated Price
	[54.826066103][$16.64]DONE
[250] HITTING ... 
	Go to home page
	Reach STEP 1
	Reach STEP 2
	Ooops seem email correct
	Reach STEP 3
	Recalculated Price
	[50.20824018][$24.18]DONE
[251] HITTING ... 
	change invalid email[adrian.gilbert@outlook.com] to default one
	Go to home page
	Reach STEP 1
	Reach STEP 2
	Ooops seem email correct
	Reach STEP 3
	Recalculated Price
	[49.30097418][$12.99]DONE
[252] HITTING ... 
	Go to home page
	Reach STEP 1
	Reach STEP 2
	Ooops seem email correct
	Reach STEP 3
	Recalculated Price
	[51.215221397][$10.83]DONE
[253] HITTING ... 
	Go to home page
	Reach STEP 1
	Reach STEP 2
	Ooops seem email correct
	Reach STEP 3
	Recalculated Price
	[51.56343117][$10.83]DONE
[254] HITTING ... 
	Go to home page
	Reach STEP 1
	Reach STEP 2
	Ooops seem email correct
	Reach STEP 3
	Recalculated Price
	[51.641849775][$10.83]DONE
[255] HITTING ... 
	change invalid email[alexandra.guerrero@aol.com] to default one
	Go to home page
	Reach STEP 1
	Reach STEP 2
	Ooops seem email correct
	Reach STEP 3
	Recalculated Price
	[51.775140972][$19.73]DONE
[256] HITTING ... 
	change invalid email[ian.schwartz@aol.com] to default one
	Go to home page
	Reach STEP 1
	Reach STEP 2
	Ooops seem email correct
	Reach STEP 3
	Recalculated Price
	[49.476478639][$19.03]DONE
[257] HITTING ... 
	Go to home page
	Reach STEP 1
	Reach STEP 2
	Ooops seem email correct
	Reach STEP 3
	Recalculated Price
	[46.847553855][$18.06]DONE
[258] HITTING ... 
	Go to home page
	Reach STEP 1
	Reach STEP 2
	Ooops seem email correct
	Reach STEP 3
	Recalculated Price
	[64.214177067][$15.13]DONE
[259] HITTING ... 
	change invalid email[alexandra.guerrero@aol.com] to default one
	Go to home page
	Reach STEP 1
	Reach STEP 2
	Ooops seem email correct
	Reach STEP 3
	Recalculated Price
	[50.417066435][$14.30]DONE
[260] HITTING ... 
	Go to home page
	Reach STEP 1
	Reach STEP 2
	Ooops seem email correct
	Reach STEP 3
	Recalculated Price
	[53.58820584][$16.76]DONE
[261] HITTING ... 
	Go to home page
	Reach STEP 1
	Reach STEP 2
	Ooops seem email correct
	Reach STEP 3
	Recalculated Price
	[47.503232989][$12.77]DONE
[262] HITTING ... 
	Go to home page
	Reach STEP 1
	Reach STEP 2
	Ooops seem email correct
	Reach STEP 3
	Recalculated Price
	[60.179693618][$11.52]DONE
[263] HITTING ... 
	Go to home page
	Reach STEP 1
	Reach STEP 2
	Ooops seem email correct
	Reach STEP 3
	Recalculated Price
	[49.698319385][$10.83]DONE
[264] HITTING ... 
	Go to home page
	Reach STEP 1
	Reach STEP 2
	Ooops seem email correct
	Reach STEP 3
	Recalculated Price
	[62.902197204][$26.27]DONE
[265] HITTING ... 
	change invalid email[alexandra.guerrero@aol.com] to default one
	Go to home page
	Reach STEP 1
	Reach STEP 2
	Ooops seem email correct
	Reach STEP 3
	Recalculated Price
	[50.190189159][$20.70]DONE
[266] HITTING ... 
	Go to home page
	Reach STEP 1
	Reach STEP 2
	Ooops seem email correct
	Reach STEP 3
	Recalculated Price
	[47.825745778][$17.91]DONE
[267] HITTING ... 
	change invalid email[ian.schwartz@aol.com] to default one
	Go to home page
	Reach STEP 1
	Reach STEP 2
	Ooops seem email correct
	Reach STEP 3
	Recalculated Price
	[58.054411775][$18.47]DONE
[268] HITTING ... 
	Go to home page
	Reach STEP 1
	Reach STEP 2
	Ooops seem email correct
	Reach STEP 3
	Recalculated Price
	[48.236239377][$15.97]DONE
[269] HITTING ... 
	change invalid email[adrian.gilbert@outlook.com] to default one
	Go to home page
	Reach STEP 1
	Reach STEP 2
	Ooops seem email correct
	Reach STEP 3
	Recalculated Price
	[60.876079003][$15.27]DONE
[270] HITTING ... 
	Go to home page
	Reach STEP 1
	Reach STEP 2
	Ooops seem email correct
	Reach STEP 3
	Recalculated Price
	[50.74266811][$14.44]DONE
[271] HITTING ... 
	change invalid email[adrian.gilbert@outlook.com] to default one
	Go to home page
	Reach STEP 1
	Reach STEP 2
	Ooops seem email correct
	Reach STEP 3
	Recalculated Price
	[50.583256719][$15.76]DONE
[272] HITTING ... 
	Go to home page
	Reach STEP 1
	Reach STEP 2
	[272][37.486772289] MISSED: ["Renters", "95054", "Easton", "Vasquez", "11/18/1993", "m", "1600 Nantucket Cir", "Santa Clara", "CA", "N", "RENTED HOUSE - SINGLE FAMILY", "2 to 4", "0", nil, "0", "(415) 864-7368", "savannah.silva@aol.com", "N", "N", "N", "N", "Y", "N", "NONE", "N", "N", "Keep default.", "16000", "Keep default", "2000", "500000", "N", "5000"]
	unable to locate element, using {:id=>"errordiv", :tag_name=>"div"}
[273] HITTING ... 
	Go to home page
	Reach STEP 1
	Reach STEP 2
	Ooops seem email correct
	Reach STEP 3
	Recalculated Price
	[47.344849677][$18.49]DONE
[274] HITTING ... 
	Go to home page
	Reach STEP 1
	Reach STEP 2
	Ooops seem email correct
	Reach STEP 3
	Recalculated Price
	[53.869351714][$17.75]DONE
[275] HITTING ... 
	Go to home page
	Reach STEP 1
	Reach STEP 2
	Ooops seem email correct
	Reach STEP 3
	Recalculated Price
	[51.194375558][$18.89]DONE
[276] HITTING ... 
	Go to home page
	Reach STEP 1
	Reach STEP 2
	Ooops seem email correct
	Reach STEP 3
	Recalculated Price
	[47.809936987][$13.60]DONE
[277] HITTING ... 
	Go to home page
	Reach STEP 1
	Reach STEP 2
	Ooops seem email correct
	Reach STEP 3
	Recalculated Price
	[52.993870332][$12.72]DONE
[278] HITTING ... 
	Go to home page
	Reach STEP 1
	Reach STEP 2
	Ooops seem email correct
	Reach STEP 3
	
	[56.313913221][$11.98]DONE
[279] HITTING ... 
	Go to home page
	Reach STEP 1
	Reach STEP 2
	Ooops seem email correct
	Reach STEP 3
	Recalculated Price
	[49.816722963][$11.09]DONE
[280] HITTING ... 
	Go to home page
	Reach STEP 1
	Reach STEP 2
	[280][38.247974496] MISSED: ["Renters", "95134", "Levi", "Smith", "05/06/1994", "f", "4343 Renaissance Dr", "San Jose", "CA", "N", "RENTED HOUSE - SINGLE FAMILY", "2 to 4", "0", nil, "0", "(408) 512-2708", "savannah.silva@aol.com", "N", "N", "N", "N", "Y", "N", "NONE", "N", "N", "Keep default.", "20000", "Keep default", "1000", "100000", "N", "2500"]
	unable to locate element, using {:id=>"errordiv", :tag_name=>"div"}
[281] HITTING ... 
	change invalid email[ian.schwartz@aol.com] to default one
	Go to home page
	Reach STEP 1
	Reach STEP 2
	Ooops seem email correct
	Reach STEP 3
	Recalculated Price
	[54.783422106][$10.83]DONE
[282] HITTING ... 
	change invalid email[ian.schwartz@aol.com] to default one
	Go to home page
	Reach STEP 1
	Reach STEP 2
	Ooops seem email correct
	Reach STEP 3
	Recalculated Price
	[52.54198163][$20.57]DONE
[283] HITTING ... 
	Go to home page
	Reach STEP 1
	Reach STEP 2
	Ooops seem email correct
	Reach STEP 3
	Recalculated Price
	[62.704544283][$19.83]DONE
[284] HITTING ... 
	Go to home page
	Reach STEP 1
	Reach STEP 2
	[284][34.864454386] MISSED: ["Renters", "95131", "Lorelei", "Bowman", "02/04/1994", "f", "1600 Whitewood Dr", "San Jose", "CA", "N", "RENTED HOUSE - SINGLE FAMILY", "2 to 4", "0", nil, "0", "(619) 231-9600", "scarlett.richard@gmail.com", "N", "N", "N", "N", "Y", "N", "NONE", "N", "N", "Keep default.", "20000", "Keep default", "1000", "300000", "N", "250"]
	unable to locate element, using {:id=>"errordiv", :tag_name=>"div"}
[285] HITTING ... 
	Go to home page
	Reach STEP 1
	Reach STEP 2
	Ooops seem email correct
	Reach STEP 3
	Recalculated Price
	[58.338520251][$19.46]DONE
[286] HITTING ... 
	Go to home page
	Reach STEP 1
	Reach STEP 2
	Ooops seem email correct
	Reach STEP 3
	Recalculated Price
	[53.475963453][$14.80]DONE
[287] HITTING ... 
	Go to home page
	Reach STEP 1
	Reach STEP 2
	Ooops seem email correct
	Reach STEP 3
	Recalculated Price
	[46.743277286][$26.09]DONE
[288] HITTING ... 
	Go to home page
	Reach STEP 1
	Reach STEP 2
	Ooops seem email correct
	Reach STEP 3
	Recalculated Price
	[49.894619733][$16.25]DONE
[289] HITTING ... 
	change invalid email[ian.schwartz@aol.com] to default one
	Go to home page
	Reach STEP 1
	Reach STEP 2
	Ooops seem email correct
	Reach STEP 3
	Recalculated Price
	[47.823764131][$11.84]DONE
[290] HITTING ... 
	Go to home page
	Reach STEP 1
	Reach STEP 2
	Ooops seem email correct
	Reach STEP 3
	Recalculated Price
	[65.36522733][$10.83]DONE
[291] HITTING ... 
	change invalid email[ian.schwartz@aol.com] to default one
	Go to home page
	Reach STEP 1
	Reach STEP 2
	[291][34.141890029] MISSED: ["Renters", "95138", "Mathew", "Bates", "12/1/1993", "f", "6100 Monterey Hwy", "San Jose", "CA", "N", "RENTED HOUSE - SINGLE FAMILY", "2 to 4", "0", nil, "0", "(510) 841-2760", "ian.schwartz@aol.com", "N", "N", "N", "N", "Y", "N", "NONE", "N", "N", "Keep default.", "20000", "Keep default", "1000", "500000", "N", "100"]
	unable to locate element, using {:id=>"errordiv", :tag_name=>"div"}
[292] HITTING ... 
	Go to home page
	Reach STEP 1
	Reach STEP 2
	Ooops seem email correct
	Reach STEP 3
	Recalculated Price
	[67.292054416][$21.50]DONE
[293] HITTING ... 
	change invalid email[alexandra.guerrero@aol.com] to default one
	Go to home page
	Reach STEP 1
	Reach STEP 2
	Ooops seem email correct
	Reach STEP 3
	Recalculated Price
	[51.393693984][$18.54]DONE
[294] HITTING ... 
	Go to home page
	Reach STEP 1
	Reach STEP 2
	Ooops seem email correct
	Reach STEP 3
	Recalculated Price
	[50.186546023][$31.02]DONE
[295] HITTING ... 
	Go to home page
	Reach STEP 1
	Reach STEP 2
	Ooops seem email correct
	Reach STEP 3
	Recalculated Price
	[50.602774387][$19.99]DONE
[296] HITTING ... 
	change invalid email[alexandra.guerrero@aol.com] to default one
	Go to home page
	Reach STEP 1
	Reach STEP 2
	Ooops seem email correct
	Reach STEP 3
	Recalculated Price
	[51.699599668][$15.73]DONE
[297] HITTING ... 
	change invalid email[ian.schwartz@aol.com] to default one
	Go to home page
	Reach STEP 1
	Reach STEP 2
	Ooops seem email correct
	Reach STEP 3
	Recalculated Price
	[53.547230905][$14.84]DONE
[298] HITTING ... 
	change invalid email[ian.schwartz@aol.com] to default one
	Go to home page
	Reach STEP 1
	Reach STEP 2
	Ooops seem email correct
	Reach STEP 3
	Recalculated Price
	[48.389075628][$13.51]DONE
[299] HITTING ... 
	Go to home page
	Reach STEP 1
	Reach STEP 2
	Ooops seem email correct
	Reach STEP 3
	Recalculated Price
	[47.775647743][$11.88]DONE
[300] HITTING ... 
	Go to home page
	Reach STEP 1
	Reach STEP 2
	Ooops seem email correct
	Reach STEP 3
	Recalculated Price
	[48.350948359][$21.26]DONE
[301] HITTING ... 
	Go to home page
	Reach STEP 1
	Reach STEP 2
	Ooops seem email correct
	Reach STEP 3
	Recalculated Price
	[48.13032366][$11.98]DONE
[302] HITTING ... 
	change invalid email[lilly.hayes@aol.com] to default one
	Go to home page
	Reach STEP 1
	Reach STEP 2
	Ooops seem email correct
	Reach STEP 3
	Recalculated Price
	[50.023559369][$21.14]DONE
[303] HITTING ... 
	change invalid email[alexandra.guerrero@aol.com] to default one
	Go to home page
	Reach STEP 1
	Reach STEP 2
	Ooops seem email correct
	Reach STEP 3
	Recalculated Price
	[51.647613856][$20.45]DONE
[304] HITTING ... 
	Go to home page
	Reach STEP 1
	Reach STEP 2
	Ooops seem email correct
	Reach STEP 3
	Recalculated Price
	[57.761503694][$17.71]DONE
[305] HITTING ... 
	change invalid email[adrian.gilbert@outlook.com] to default one
	Go to home page
	Reach STEP 1
	Reach STEP 2
	Ooops seem email correct
	Reach STEP 3
	Recalculated Price
	[48.76313748][$16.62]DONE
[306] HITTING ... 
	Go to home page
	Reach STEP 1
	Reach STEP 2
	Ooops seem email correct
	Reach STEP 3
	Recalculated Price
	[49.239965319][$15.79]DONE
[307] HITTING ... 
	Go to home page
	Reach STEP 1
	Reach STEP 2
	Ooops seem email correct
	Reach STEP 3
	Recalculated Price
	[49.618841818][$15.11]DONE
[308] HITTING ... 
	change invalid email[alexandra.guerrero@aol.com] to default one
	Go to home page
	Reach STEP 1
	Reach STEP 2
	[308][33.590277671] MISSED: ["Renters", "95129", "Sophie", "Armstrong", "04/05/1994", "m", "355 Kiely Blvd", "San Jose", "CA", "N", "RENTED HOUSE - SINGLE FAMILY", "2 to 4", "0", nil, "0", "(408) 599-5321", "alexandra.guerrero@aol.com", "N", "N", "N", "N", "Y", "N", "NONE", "N", "N", "Keep default.", "4000", "Keep default", "2000", "500000", "N", "1500"]
	unable to locate element, using {:id=>"errordiv", :tag_name=>"div"}
[309] HITTING ... 
	Go to home page
	Reach STEP 1
	Reach STEP 2
	Ooops seem email correct
	Reach STEP 3
	Recalculated Price
	[48.67977348][$13.05]DONE
[310] HITTING ... 
	Go to home page
	Reach STEP 1
	Reach STEP 2
	Ooops seem email correct
	Reach STEP 3
	Recalculated Price
	[49.561461039][$11.54]DONE
[311] HITTING ... 
	change invalid email[alexandra.guerrero@aol.com] to default one
	Go to home page
	Reach STEP 1
	Reach STEP 2
	Ooops seem email correct
	Reach STEP 3
	Recalculated Price
	[48.509045136][$17.14]DONE
[312] HITTING ... 
	Go to home page
	Reach STEP 1
	Reach STEP 2
	Ooops seem email correct
	Reach STEP 3
	Recalculated Price
	[56.939714203][$16.45]DONE
[313] HITTING ... 
	Go to home page
	Reach STEP 1
	Reach STEP 2
	Ooops seem email correct
	Reach STEP 3
	Recalculated Price
	[49.169375164][$17.54]DONE
[314] HITTING ... 
	change invalid email[ian.schwartz@aol.com] to default one
	Go to home page
	Reach STEP 1
	Reach STEP 2
	Ooops seem email correct
	Reach STEP 3
	Recalculated Price
	[57.699355857][$16.14]DONE
[315] HITTING ... 
	change invalid email[ian.schwartz@aol.com] to default one
	Go to home page
	Reach STEP 1
	Reach STEP 2
	Ooops seem email correct
	Reach STEP 3
	Recalculated Price
	[52.126350796][$11.79]DONE
[316] HITTING ... 
	Go to home page
	Reach STEP 1
	Reach STEP 2
	Ooops seem email correct
	Reach STEP 3
	
	[66.939484769][$11.11]DONE
[317] HITTING ... 
	Go to home page
	Reach STEP 1
	Reach STEP 2
	Ooops seem email correct
	Reach STEP 3
	Recalculated Price
	[47.427830923][$10.83]DONE
[318] HITTING ... 
	Go to home page
	Reach STEP 1
	Reach STEP 2
	Ooops seem email correct
	Reach STEP 3
	Recalculated Price
	[53.593591931][$10.83]DONE
[319] HITTING ... 
	change invalid email[adrian.gilbert@outlook.com] to default one
	Go to home page
	Reach STEP 1
	Reach STEP 2
	Ooops seem email correct
	Reach STEP 3
	Recalculated Price
	[48.191079307][$10.83]DONE
[320] HITTING ... 
	Go to home page
	Reach STEP 1
	Reach STEP 2
	Ooops seem email correct
	Reach STEP 3
	Recalculated Price
	[46.460505138][$19.22]DONE
[321] HITTING ... 
	change invalid email[ian.schwartz@aol.com] to default one
	Go to home page
	Reach STEP 1
	Reach STEP 2
	Ooops seem email correct
	Reach STEP 3
	Recalculated Price
	[49.30582608][$18.54]DONE
[322] HITTING ... 
	Go to home page
	Reach STEP 1
	Reach STEP 2
	Ooops seem email correct
	Reach STEP 3
	Recalculated Price
	[53.385653938][$15.80]DONE
[323] HITTING ... 
	change invalid email[alexandra.guerrero@aol.com] to default one
	Go to home page
	Reach STEP 1
	Reach STEP 2
	Ooops seem email correct
	Reach STEP 3
	Recalculated Price
	[54.725019398][$27.32]DONE
[324] HITTING ... 
	Go to home page
	Reach STEP 1
	Reach STEP 2
	Ooops seem email correct
	Reach STEP 3
	Recalculated Price
	[53.552656729][$17.17]DONE
[325] HITTING ... 
	Go to home page
	Reach STEP 1
	Reach STEP 2
	Ooops seem email correct
	Reach STEP 3
	Recalculated Price
	[71.076278783][$13.19]DONE
[326] HITTING ... 
	Go to home page
	Reach STEP 1
	Reach STEP 2
	Ooops seem email correct
	Reach STEP 3
	Recalculated Price
	[48.780814466][$15.24]DONE
[327] HITTING ... 
	change invalid email[alexandra.guerrero@aol.com] to default one
	Go to home page
	Reach STEP 1
	Reach STEP 2
	Ooops seem email correct
	Reach STEP 3
	Recalculated Price
	[58.040689334][$13.66]DONE
[328] HITTING ... 
	Go to home page
	Reach STEP 1
	Reach STEP 2
	Ooops seem email correct
	Reach STEP 3
	Recalculated Price
	[51.14651627][$10.83]DONE
[329] HITTING ... 
	Go to home page
	Reach STEP 1
	Reach STEP 2
	Ooops seem email correct
	Reach STEP 3
	Recalculated Price
	[70.139880633][$25.68]DONE
[330] HITTING ... 
	change invalid email[alexandra.guerrero@aol.com] to default one
	Go to home page
	Reach STEP 1
	Reach STEP 2
	Ooops seem email correct
	Reach STEP 3
	Recalculated Price
	[58.820548903][$20.20]DONE
[331] HITTING ... 
	Go to home page
	Reach STEP 1
	Reach STEP 2
	Ooops seem email correct
	Reach STEP 3
	Recalculated Price
	[55.740845093][$19.28]DONE
[332] HITTING ... 
	change invalid email[ian.schwartz@aol.com] to default one
	Go to home page
	Reach STEP 1
	Reach STEP 2
	Ooops seem email correct
	Reach STEP 3
	Recalculated Price
	[48.021449263][$16.37]DONE
[333] HITTING ... 
	Go to home page
	Reach STEP 1
	Reach STEP 2
	Ooops seem email correct
	Reach STEP 3
	Recalculated Price
	[55.331153962][$15.54]DONE
[334] HITTING ... 
	Go to home page
	Reach STEP 1
	Reach STEP 2
	Ooops seem email correct
	Reach STEP 3
	Recalculated Price
	[50.150510169][$17.96]DONE
[335] HITTING ... 
	change invalid email[lilly.hayes@aol.com] to default one
	Go to home page
	Reach STEP 1
	Reach STEP 2
	Ooops seem email correct
	Reach STEP 3
	Recalculated Price
	[46.960148334][$24.32]DONE
[336] HITTING ... 
	change invalid email[lilly.hayes@aol.com] to default one
	Go to home page
	Reach STEP 1
	Reach STEP 2
	Ooops seem email correct
	Reach STEP 3
	Recalculated Price
	[63.022154425][$12.80]DONE
[337] HITTING ... 
	change invalid email[ian.schwartz@aol.com] to default one
	Go to home page
	Reach STEP 1
	Reach STEP 2
	Ooops seem email correct
	Reach STEP 3
	Recalculated Price
	[49.633819488][$11.29]DONE
[338] HITTING ... 
	change invalid email[alexandra.guerrero@aol.com] to default one
	Go to home page
	Reach STEP 1
	Reach STEP 2
	Ooops seem email correct
	Reach STEP 3
	Recalculated Price
	[59.347389723][$17.39]DONE
[339] HITTING ... 
	change invalid email[lilly.hayes@aol.com] to default one
	Go to home page
	Reach STEP 1
	Reach STEP 2
	Ooops seem email correct
	Reach STEP 3
	Recalculated Price
	[51.988782288][$16.70]DONE
[340] HITTING ... 
	Go to home page
	Reach STEP 1
	Reach STEP 2
	Ooops seem email correct
	Reach STEP 3
	Recalculated Price
	[56.244430815][$27.68]DONE
[341] HITTING ... 
	change invalid email[alexandra.guerrero@aol.com] to default one
	Go to home page
	Reach STEP 1
	Reach STEP 2
	Ooops seem email correct
	Reach STEP 3
	Recalculated Price
	[49.446024486][$12.87]DONE
[342] HITTING ... 
	Go to home page
	Reach STEP 1
	Reach STEP 2
	Ooops seem email correct
	Reach STEP 3
	Recalculated Price
	[46.643689084][$12.04]DONE
[343] HITTING ... 
	change invalid email[adrian.gilbert@outlook.com] to default one
	Go to home page
	Reach STEP 1
	Reach STEP 2
	Ooops seem email correct
	Reach STEP 3
	Recalculated Price
	[51.375809154][$11.36]DONE
[344] HITTING ... 
	change invalid email[alexandra.guerrero@aol.com] to default one
	Go to home page
	Reach STEP 1
	Reach STEP 2
	Ooops seem email correct
	Reach STEP 3
	Recalculated Price
	[47.759515057][$10.83]DONE
[345] HITTING ... 
	change invalid email[alexandra.guerrero@aol.com] to default one
	Go to home page
	Reach STEP 1
	Reach STEP 2
	Ooops seem email correct
	Reach STEP 3
	Recalculated Price
	[51.891681804][$11.83]DONE
[346] HITTING ... 
	Go to home page
	Reach STEP 1
	Reach STEP 2
	Ooops seem email correct
	Reach STEP 3
	Recalculated Price
	[47.328361504][$10.83]DONE
[347] HITTING ... 
	Go to home page
	Reach STEP 1
	Reach STEP 2
	Ooops seem email correct
	Reach STEP 3
	Recalculated Price
	[47.952920708][$24.26]DONE
[348] HITTING ... 
	Go to home page
	Reach STEP 1
	Reach STEP 2
	Ooops seem email correct
	Reach STEP 3
	Recalculated Price
	[52.83389356][$18.79]DONE
[349] HITTING ... 
	Go to home page
	Reach STEP 1
	Reach STEP 2
	Ooops seem email correct
	Reach STEP 3
	Recalculated Price
	[48.341180939][$16.05]DONE
[350] HITTING ... 
	change invalid email[adrian.gilbert@outlook.com] to default one
	Go to home page
	Reach STEP 1
	Reach STEP 2
	Ooops seem email correct
	Reach STEP 3
	Recalculated Price
	[46.940773524][$14.95]DONE
[351] HITTING ... 
	Go to home page
	Reach STEP 1
	Reach STEP 2
	[351][37.017110253] MISSED: ["Renters", "95136", "Zackery", "Cole", "03/03/1993", "f", "5230 Terner Way", "San Jose", "CA", "N", "RENTED HOUSE - SINGLE FAMILY", "2 to 4", "0", nil, "0", "(415) 981-5780", "ana.webster@gmail.com", "N", "N", "N", "N", "Y", "N", "NONE", "N", "N", "Keep default.", "8000", "Keep default", "2000", "300000", "N", "750"]
	unable to locate element, using {:id=>"errordiv", :tag_name=>"div"}
[352] HITTING ... 
	change invalid email[lilly.hayes@aol.com] to default one
	Go to home page
	Reach STEP 1
	Reach STEP 2
	Ooops seem email correct
	Reach STEP 3
	Recalculated Price
	[50.283703258][$14.91]DONE
[353] HITTING ... 
	Go to home page
	Reach STEP 1
	Reach STEP 2
	Ooops seem email correct
	Reach STEP 3
	Recalculated Price
	[50.631606086][$12.62]DONE
[354] HITTING ... 
	Go to home page
	Reach STEP 1
	Reach STEP 2
	Ooops seem email correct
	Reach STEP 3
	Recalculated Price
	[46.74643854][$20.43]DONE
[355] HITTING ... 
	Go to home page
	Reach STEP 1
	Reach STEP 2
	Ooops seem email correct
	Reach STEP 3
	Recalculated Price
	[47.02495542][$10.87]DONE
[356] HITTING ... 
	change invalid email[alexandra.guerrero@aol.com] to default one
	Go to home page
	[356][62.790507596] MISSED: ["Renters", "95134", "Declan", "Wise", "11/12/1994", "m", "150 Alicante Dr", "San Jose", "CA", "N", "RENTED HOUSE - SINGLE FAMILY", "2 to 4", "0", nil, "0", "(408) 216-8945", "alexandra.guerrero@aol.com", "N", "N", "N", "N", "Y", "N", "NONE", "N", "N", "Keep default.", "8000", "Keep default", "2000", "500000", "N", "100"]
	Timeout::Error
	Fail to save screenshotTimeout::Error
skip to offset 355
[356] HITTING ... 
	Go to home page
	Reach STEP 1
	Reach STEP 2
	Reach STEP 3
	Recalculated Price
	[51.548106743][$21.14]DONE
[357] HITTING ... 
	Go to home page
	Reach STEP 1
	Reach STEP 2
	Reach STEP 3
	Recalculated Price
	[47.166442185][$22.63]DONE
[358] HITTING ... 
	change invalid email[alexandra.guerrero@aol.com] to default one
	Go to home page
	Reach STEP 1
	Reach STEP 2
	Ooops seem email correct
	Reach STEP 3
	Recalculated Price
	[46.363762429][$31.43]DONE
[359] HITTING ... 
	Go to home page
	Reach STEP 1
	Reach STEP 2
	Reach STEP 3
	Recalculated Price
	[54.771297615][$16.62]DONE
[360] HITTING ... 
	change invalid email[lilly.hayes@aol.com] to default one
	Go to home page
	Reach STEP 1
	Reach STEP 2
	Ooops seem email correct
	Reach STEP 3
	Recalculated Price
	[47.180123168][$15.79]DONE
[361] HITTING ... 
	Go to home page
	Reach STEP 1
	Reach STEP 2
	Ooops seem email correct
	Reach STEP 3
	Recalculated Price
	[44.52694725][$15.11]DONE
[362] HITTING ... 
	change invalid email[alexandra.guerrero@aol.com] to default one
	Go to home page
	Reach STEP 1
	Reach STEP 2
	Ooops seem email correct
	Reach STEP 3
	Recalculated Price
	[46.660679665][$14.28]DONE
[363] HITTING ... 
	Go to home page
	Reach STEP 1
	Reach STEP 2
	Ooops seem email correct
	Reach STEP 3
	Recalculated Price
	[49.374532683][$15.58]DONE
[364] HITTING ... 
	Go to home page
	Reach STEP 1
	Reach STEP 2
	Ooops seem email correct
	Reach STEP 3
	Recalculated Price
	[51.627787815][$13.65]DONE
[365] HITTING ... 
	Go to home page
	Reach STEP 1
	Reach STEP 2
	Ooops seem email correct
	Reach STEP 3
	Recalculated Price
	[46.504730744][$17.14]DONE
[366] HITTING ... 
	Go to home page
	Reach STEP 1
	Reach STEP 2
	Ooops seem email correct
	Reach STEP 3
	Recalculated Price
	[45.503605913][$16.45]DONE
[367] HITTING ... 
	Go to home page
	Reach STEP 1
	Reach STEP 2
	Ooops seem email correct
	Reach STEP 3
	Recalculated Price
	[47.851638301][$15.53]DONE
[368] HITTING ... 
	change invalid email[alexandra.guerrero@aol.com] to default one
	Go to home page
	Reach STEP 1
	Reach STEP 2
	Ooops seem email correct
	Reach STEP 3
	Recalculated Price
	[47.909210808][$14.29]DONE
[369] HITTING ... 
	change invalid email[adrian.gilbert@outlook.com] to default one
	Go to home page
	Reach STEP 1
	Reach STEP 2
	Ooops seem email correct
	Reach STEP 3
	Recalculated Price
	[53.418320679][$11.79]DONE
[370] HITTING ... 
	change invalid email[adrian.gilbert@outlook.com] to default one
	Go to home page
	Reach STEP 1
	Reach STEP 2
	Ooops seem email correct
	Reach STEP 3
	
	[57.926622809][$12.58]DONE
[371] HITTING ... 
	Go to home page
	Reach STEP 1
	Reach STEP 2
	Ooops seem email correct
	Reach STEP 3
	Recalculated Price
	[49.643343909][$10.83]DONE
[372] HITTING ... 
	Go to home page
	Reach STEP 1
	Reach STEP 2
	Ooops seem email correct
	Reach STEP 3
	Recalculated Price
	[46.275689216][$10.83]DONE
[373] HITTING ... 
	Go to home page
	Reach STEP 1
	Reach STEP 2
	Ooops seem email correct
	Reach STEP 3
	Recalculated Price
	[48.848217276][$10.83]DONE
[374] HITTING ... 
	Go to home page
	Reach STEP 1
	Reach STEP 2
	Ooops seem email correct
	Reach STEP 3
	Recalculated Price
	[57.29784707][$19.22]DONE
[375] HITTING ... 
	Go to home page
	Reach STEP 1
	Reach STEP 2
	Ooops seem email correct
	Reach STEP 3
	Recalculated Price
	[47.839475043][$23.14]DONE
[376] HITTING ... 
	Go to home page
	Reach STEP 1
	Reach STEP 2
	Ooops seem email correct
	Reach STEP 3
	Recalculated Price
	[52.752187766][$15.80]DONE
[377] HITTING ... 
	Go to home page
	Reach STEP 1
	Reach STEP 2
	Ooops seem email correct
	Reach STEP 3
	Recalculated Price
	[47.369434378][$14.70]DONE
[378] HITTING ... 
	change invalid email[adrian.gilbert@outlook.com] to default one
	Go to home page
	Reach STEP 1
	Reach STEP 2
	Ooops seem email correct
	Reach STEP 3
	Recalculated Price
	[48.649988119][$13.88]DONE
[379] HITTING ... 
	Go to home page
	Reach STEP 1
	Reach STEP 2
	Ooops seem email correct
	Reach STEP 3
	Recalculated Price
	[50.632667118][$24.30]DONE
[380] HITTING ... 
	Go to home page
	Reach STEP 1
	Reach STEP 2
	Reach STEP 3
	Recalculated Price
	[48.546544484][$12.37]DONE
[381] HITTING ... 
	Go to home page
	Reach STEP 1
	Reach STEP 2
	Ooops seem email correct
	Reach STEP 3
	Recalculated Price
	[50.583704859][$11.13]DONE
[382] HITTING ... 
	change invalid email[ian.schwartz@aol.com] to default one
	Go to home page
	Reach STEP 1
	Reach STEP 2
	Ooops seem email correct
	Reach STEP 3
	Recalculated Price
	[47.326486623][$10.83]DONE
[383] HITTING ... 
	change invalid email[lilly.hayes@aol.com] to default one
	Go to home page
	Reach STEP 1
	Reach STEP 2
	Ooops seem email correct
	Reach STEP 3
	Recalculated Price
	[52.478099653][$20.89]DONE
[384] HITTING ... 
	Go to home page
	Reach STEP 1
	Reach STEP 2
	Ooops seem email correct
	Reach STEP 3
	Recalculated Price
	[48.772043346][$20.20]DONE
[385] HITTING ... 
	Go to home page
	Reach STEP 1
	Reach STEP 2
	Ooops seem email correct
	Reach STEP 3
	Recalculated Price
	[52.270417078][$17.46]DONE
[386] HITTING ... 
	Go to home page
	Reach STEP 1
	Reach STEP 2
	Ooops seem email correct
	Reach STEP 3
	Recalculated Price
	[51.619302353][$16.37]DONE
[387] HITTING ... 
	Go to home page
	Reach STEP 1
	Reach STEP 2
	Ooops seem email correct
	Reach STEP 3
	Recalculated Price
	[54.895583739][$15.54]DONE
[388] HITTING ... 
	Go to home page
	Reach STEP 1
	Reach STEP 2
	Ooops seem email correct
	Reach STEP 3
	Recalculated Price
	[49.6964058][$14.86]DONE
[389] HITTING ... 
	change invalid email[lilly.hayes@aol.com] to default one
	Go to home page
	Reach STEP 1
	Reach STEP 2
	Ooops seem email correct
	Reach STEP 3
	Recalculated Price
	[48.998411457][$14.03]DONE
[390] HITTING ... 
	change invalid email[alexandra.guerrero@aol.com] to default one
	Go to home page
	Reach STEP 1
	Reach STEP 2
	Ooops seem email correct
	Reach STEP 3
	Recalculated Price
	[48.431573272][$12.80]DONE
[391] HITTING ... 
	change invalid email[adrian.gilbert@outlook.com] to default one
	Go to home page
	Reach STEP 1
	Reach STEP 2
	Ooops seem email correct
	Reach STEP 3
	Recalculated Price
	[67.283266764][$11.29]DONE
[392] HITTING ... 
	change invalid email[ian.schwartz@aol.com] to default one
	Go to home page
	Reach STEP 1
	Reach STEP 2
	Ooops seem email correct
	Reach STEP 3
	Recalculated Price
	[47.288393855][$17.39]DONE
[393] HITTING ... 
	change invalid email[alexandra.guerrero@aol.com] to default one
	Go to home page
	Reach STEP 1
	Reach STEP 2
	Ooops seem email correct
	Reach STEP 3
	Recalculated Price
	[49.514197605][$33.16]DONE
[394] HITTING ... 
	Go to home page
	Reach STEP 1
	Reach STEP 2
	Ooops seem email correct
	Reach STEP 3
	Recalculated Price
	[46.926830998][$13.96]DONE
[395] HITTING ... 
	change invalid email[adrian.gilbert@outlook.com] to default one
	Go to home page
	Reach STEP 1
	Reach STEP 2
	Ooops seem email correct
	Reach STEP 3
	Recalculated Price
	[49.917097296][$12.87]DONE
[396] HITTING ... 
	change invalid email[lilly.hayes@aol.com] to default one
	Go to home page
	Reach STEP 1
	Reach STEP 2
	Ooops seem email correct
	Reach STEP 3
	Recalculated Price
	[49.553277077][$15.34]DONE
[397] HITTING ... 
	change invalid email[adrian.gilbert@outlook.com] to default one
	Go to home page
	Reach STEP 1
	Reach STEP 2
	Ooops seem email correct
	Reach STEP 3
	Recalculated Price
	[52.685623409][$11.36]DONE
[398] HITTING ... 
	Go to home page
	Reach STEP 1
	Reach STEP 2
	Ooops seem email correct
	Reach STEP 3
	Recalculated Price
	[50.749529904][$10.83]DONE
[399] HITTING ... 
	Go to home page
	Reach STEP 1
	Reach STEP 2
	Ooops seem email correct
	Reach STEP 3
	Recalculated Price
	[50.928453684][$10.83]DONE
[400] HITTING ... 
	change invalid email[alexandra.guerrero@aol.com] to default one
	Go to home page
	Reach STEP 1
	Reach STEP 2
	Ooops seem email correct
	Reach STEP 3
	Recalculated Price
	[50.969738685][$10.83]DONE
[401] HITTING ... 
	change invalid email[ian.schwartz@aol.com] to default one
	Go to home page
	Reach STEP 1
	Reach STEP 2
	Ooops seem email correct
	Reach STEP 3
	Recalculated Price
	[51.158202748][$14.44]DONE
[402] HITTING ... 
	change invalid email[ian.schwartz@aol.com] to default one
	Go to home page
	Reach STEP 1
	Reach STEP 2
	Ooops seem email correct
	Reach STEP 3
	Recalculated Price
	[48.634941362][$12.70]DONE
[403] HITTING ... 
	Go to home page
	Reach STEP 1
	Reach STEP 2
	Ooops seem email correct
	Reach STEP 3
	Recalculated Price
	[50.901377589][$26.13]DONE
[404] HITTING ... 
	Go to home page
	Reach STEP 1
	Reach STEP 2
	[404][38.377009143] MISSED: ["Renters", "95127", "Brielle", "Hayes", "04/05/1994", "m", "2601 Nuestra Castillo Ct", "San Jose", "CA", "N", "RENTED HOUSE - SINGLE FAMILY", "5+", "0", nil, "0", "(619) 231-9600", "elias.cain@outlook.com", "N", "N", "N", "N", "Y", "N", "NONE", "N", "N", "Keep default.", "35000", "Keep default", "1000", "100000", "N", "100 / 250"]
	unable to locate element, using {:id=>"errordiv", :tag_name=>"div"}
[405] HITTING ... 
	Go to home page
	Reach STEP 1
	Reach STEP 2
	Ooops seem email correct
	Reach STEP 3
	Recalculated Price
	[46.272912543][$16.37]DONE
[406] HITTING ... 
	Go to home page
	Reach STEP 1
	Reach STEP 2
	Ooops seem email correct
	Reach STEP 3
	Recalculated Price
	[47.886837383][$15.06]DONE
[407] HITTING ... 
	Go to home page
	Reach STEP 1
	Reach STEP 2
	Ooops seem email correct
	Reach STEP 3
	Recalculated Price
	[54.068311991][$17.98]DONE
[408] HITTING ... 
	Go to home page
	Reach STEP 1
	Reach STEP 2
	Ooops seem email correct
	Reach STEP 3
	
	[58.171553429][$13.26]DONE
[409] HITTING ... 
	Go to home page
	Reach STEP 1
	Reach STEP 2
	[409][34.15661573] MISSED: ["Renters", "95014", "Eva", "Jennings", "11/18/1993", "m", "19608 Pruneridge Ave", "Cupertino", "CA", "N", "RENTED HOUSE - SINGLE FAMILY", "5+", "0", nil, "0", "(415) 921-3469", "ana.webster@gmail.com", "N", "N", "N", "N", "Y", "N", "NONE", "N", "N", "Keep default.", "35000", "Keep default", "1000", "100000", "N", "1500"]
	unable to locate element, using {:id=>"errordiv", :tag_name=>"div"}
[410] HITTING ... 
	Go to home page
	Reach STEP 1
	Reach STEP 2
	Ooops seem email correct
	Reach STEP 3
	Recalculated Price
	[53.724419181][$10.83]DONE
[411] HITTING ... 
	Go to home page
	Reach STEP 1
	Reach STEP 2
	Ooops seem email correct
	Reach STEP 3
	Recalculated Price
	[47.578590746][$10.83]DONE
[412] HITTING ... 
	Go to home page
	Reach STEP 1
	Reach STEP 2
	Ooops seem email correct
	Reach STEP 3
	Recalculated Price
	[51.388319911][$22.55]DONE
[413] HITTING ... 
	Go to home page
	Reach STEP 1
	Reach STEP 2
	Ooops seem email correct
	Reach STEP 3
	Recalculated Price
	[48.835472786][$27.17]DONE
[414] HITTING ... 
	Go to home page
	Reach STEP 1
	Reach STEP 2
	Ooops seem email correct
	Reach STEP 3
	Recalculated Price
	[47.3914536][$22.99]DONE
[415] HITTING ... 
	Go to home page
	Reach STEP 1
	Reach STEP 2
	Ooops seem email correct
	Reach STEP 3
	Recalculated Price
	[51.017023264][$21.32]DONE
[416] HITTING ... 
	Go to home page
	Reach STEP 1
	Reach STEP 2
	Ooops seem email correct
	Reach STEP 3
	Recalculated Price
	[52.174899487][$16.16]DONE
[417] HITTING ... 
	change invalid email[lilly.hayes@aol.com] to default one
	Go to home page
	Reach STEP 1
	Reach STEP 2
	Ooops seem email correct
	Reach STEP 3
	Recalculated Price
	[49.697313364][$15.34]DONE
[418] HITTING ... 
	Go to home page
	Reach STEP 1
	Reach STEP 2
	Ooops seem email correct
	Reach STEP 3
	Recalculated Price
	[47.543021977][$14.36]DONE
[419] HITTING ... 
	Go to home page
	Reach STEP 1
	Reach STEP 2
	Ooops seem email correct
	Reach STEP 3
	Recalculated Price
	[49.607065709][$15.88]DONE
[420] HITTING ... 
	Go to home page
	Reach STEP 1
	Reach STEP 2
	Ooops seem email correct
	Reach STEP 3
	Recalculated Price
	[50.503937751][$11.09]DONE
[421] HITTING ... 
	change invalid email[alexandra.guerrero@aol.com] to default one
	Go to home page
	Reach STEP 1
	Reach STEP 2
	Ooops seem email correct
	Reach STEP 3
	Recalculated Price
	[51.995549589][$24.21]DONE
[422] HITTING ... 
	change invalid email[alexandra.guerrero@aol.com] to default one
	Go to home page
	Reach STEP 1
	Reach STEP 2
	Ooops seem email correct
	Reach STEP 3
	Recalculated Price
	[48.782467521][$23.39]DONE
[423] HITTING ... 
	change invalid email[alexandra.guerrero@aol.com] to default one
	Go to home page
	Reach STEP 1
	Reach STEP 2
	Ooops seem email correct
	Reach STEP 3
	Recalculated Price
	[51.249561893][$20.12]DONE
[424] HITTING ... 
	change invalid email[lilly.hayes@aol.com] to default one
	Go to home page
	Reach STEP 1
	Reach STEP 2
	Ooops seem email correct
	Reach STEP 3
	Recalculated Price
	[50.639327878][$18.81]DONE
[425] HITTING ... 
	change invalid email[adrian.gilbert@outlook.com] to default one
	Go to home page
	Reach STEP 1
	Reach STEP 2
	Ooops seem email correct
	Reach STEP 3
	Recalculated Price
	[52.810182166][$17.83]DONE
[426] HITTING ... 
	change invalid email[lilly.hayes@aol.com] to default one
	Go to home page
	Reach STEP 1
	Reach STEP 2
	Ooops seem email correct
	Reach STEP 3
	Recalculated Price
	[51.235680682][$17.01]DONE
[427] HITTING ... 
	Go to home page
	Reach STEP 1
	Reach STEP 2
	Ooops seem email correct
	Reach STEP 3
	Recalculated Price
	[49.912132591][$16.03]DONE
[428] HITTING ... 
	change invalid email[lilly.hayes@aol.com] to default one
	Go to home page
	Reach STEP 1
	Reach STEP 2
	Ooops seem email correct
	Reach STEP 3
	Recalculated Price
	[51.434738463][$14.55]DONE
[429] HITTING ... 
	Go to home page
	Reach STEP 1
	Reach STEP 2
	Ooops seem email correct
	Reach STEP 3
	Recalculated Price
	[49.100396224][$15.25]DONE
[430] HITTING ... 
	Go to home page
	Reach STEP 1
	Reach STEP 2
	Ooops seem email correct
	Reach STEP 3
	Recalculated Price
	[49.5654487][$20.71]DONE
[431] HITTING ... 
	Go to home page
	Reach STEP 1
	Reach STEP 2
	Ooops seem email correct
	Reach STEP 3
	Recalculated Price
	[66.673152704][$19.89]DONE
[432] HITTING ... 
	Go to home page
	Reach STEP 1
	Reach STEP 2
	Ooops seem email correct
	Reach STEP 3
	Recalculated Price
	[54.424820222][$16.62]DONE
[433] HITTING ... 
	Go to home page
	Reach STEP 1
	Reach STEP 2
	Ooops seem email correct
	Reach STEP 3
	Recalculated Price
	[56.556681201][$15.31]DONE
[434] HITTING ... 
	Go to home page
	Reach STEP 1
	Reach STEP 2
	Ooops seem email correct
	Reach STEP 3
	Recalculated Price
	[49.225628316][$14.33]DONE
[435] HITTING ... 
	Go to home page
	Reach STEP 1
	Reach STEP 2
	Ooops seem email correct
	Reach STEP 3
	Recalculated Price
	[60.003687426][$13.51]DONE
[436] HITTING ... 
	Go to home page
	Reach STEP 1
	Reach STEP 2
	Ooops seem email correct
	Reach STEP 3
	Recalculated Price
	[48.029506358][$15.93]DONE
[437] HITTING ... 
	Go to home page
	Reach STEP 1
	Reach STEP 2
	Ooops seem email correct
	Reach STEP 3
	Recalculated Price
	[47.034019392][$14.05]DONE
[438] HITTING ... 
	change invalid email[lilly.hayes@aol.com] to default one
	Go to home page
	Reach STEP 1
	Reach STEP 2
	Ooops seem email correct
	Reach STEP 3
	Recalculated Price
	[45.590436077][$10.83]DONE
[439] HITTING ... 
	Go to home page
	Reach STEP 1
	Reach STEP 2
	Ooops seem email correct
	Reach STEP 3
	Recalculated Price
	[48.848463039][$22.80]DONE
[440] HITTING ... 
	change invalid email[ian.schwartz@aol.com] to default one
	Go to home page
	Reach STEP 1
	Reach STEP 2
	Ooops seem email correct
	Reach STEP 3
	Recalculated Price
	[60.650739371][$21.98]DONE
[441] HITTING ... 
	Go to home page
	Reach STEP 1
	Reach STEP 2
	Ooops seem email correct
	Reach STEP 3
	Recalculated Price
	[51.321612394][$18.70]DONE
[442] HITTING ... 
	Go to home page
	Reach STEP 1
	Reach STEP 2
	Ooops seem email correct
	Reach STEP 3
	Recalculated Price
	[56.036504885][$21.57]DONE
[443] HITTING ... 
	Go to home page
	Reach STEP 1
	Reach STEP 2
	Ooops seem email correct
	Reach STEP 3
	Recalculated Price
	[51.995398576][$30.44]DONE
[444] HITTING ... 
	Go to home page
	Reach STEP 1
	Reach STEP 2
	Ooops seem email correct
	Reach STEP 3
	Recalculated Price
	[55.004319103][$15.59]DONE
[445] HITTING ... 
	change invalid email[alexandra.guerrero@aol.com] to default one
	Go to home page
	Reach STEP 1
	Reach STEP 2
	Ooops seem email correct
	Reach STEP 3
	Recalculated Price
	[50.301864105][$16.22]DONE
[446] HITTING ... 
	Go to home page
	Reach STEP 1
	Reach STEP 2
	Ooops seem email correct
	Reach STEP 3
	Recalculated Price
	[53.152533774][$13.14]DONE
[447] HITTING ... 
	change invalid email[ian.schwartz@aol.com] to default one
	Go to home page
	Reach STEP 1
	Reach STEP 2
	Ooops seem email correct
	Reach STEP 3
	Recalculated Price
	[55.123199643][$12.52]DONE
[448] HITTING ... 
	change invalid email[lilly.hayes@aol.com] to default one
	Go to home page
	Reach STEP 1
	Reach STEP 2
	Ooops seem email correct
	Reach STEP 3
	Recalculated Price
	[53.291209567][$24.46]DONE
[449] HITTING ... 
	Go to home page
	Reach STEP 1
	Reach STEP 2
	Ooops seem email correct
	Reach STEP 3
	Recalculated Price
	[50.29562129][$23.64]DONE
[450] HITTING ... 
	Go to home page
	Reach STEP 1
	Reach STEP 2
	Ooops seem email correct
	Reach STEP 3
	Recalculated Price
	[50.395626524][$24.91]DONE
[451] HITTING ... 
	change invalid email[ian.schwartz@aol.com] to default one
	Go to home page
	Reach STEP 1
	Reach STEP 2
	Ooops seem email correct
	Reach STEP 3
	Recalculated Price
	[78.445730021][$19.06]DONE
[452] HITTING ... 
	change invalid email[adrian.gilbert@outlook.com] to default one
	Go to home page
	Reach STEP 1
	Reach STEP 2
	Ooops seem email correct
	Reach STEP 3
	Recalculated Price
	[51.600373663][$18.08]DONE
[453] HITTING ... 
	Go to home page
	Reach STEP 1
	Reach STEP 2
	Ooops seem email correct
	Reach STEP 3
	Recalculated Price
	[50.042698114][$17.26]DONE
[454] HITTING ... 
	Go to home page
	Reach STEP 1
	Reach STEP 2
	[454][34.862515984] MISSED: ["Renters", "95035", "Christopher", "Francis", "03/27/1994", "m", "555 S Park Victoria Dr", "Milpitas", "CA", "N", "RENTED HOUSE - SINGLE FAMILY", "5+", "0", nil, "0", "(844) 328-9442", "savannah.silva@aol.com", "N", "N", "N", "N", "Y", "N", "NONE", "N", "N", "Keep default.", "35000", "Keep default", "2000", "500000", "N", "1500"]
	unable to locate element, using {:id=>"errordiv", :tag_name=>"div"}
[455] HITTING ... 
	Go to home page
	Reach STEP 1
	Reach STEP 2
	Ooops seem email correct
	Reach STEP 3
	Recalculated Price
	[45.583864198][$17.80]DONE
[456] HITTING ... 
	Go to home page
	Reach STEP 1
	Reach STEP 2
	Ooops seem email correct
	Reach STEP 3
	Recalculated Price
	[52.763957666][$15.50]DONE
[457] HITTING ... 
	Go to home page
	Reach STEP 1
	Reach STEP 2
	Ooops seem email correct
	Reach STEP 3
	Recalculated Price
	[49.722699073][$21.61]DONE
[458] HITTING ... 
	change invalid email[ian.schwartz@aol.com] to default one
	Go to home page
	Reach STEP 1
	Reach STEP 2
	Ooops seem email correct
	Reach STEP 3
	Recalculated Price
	[50.550621209][$20.75]DONE
[459] HITTING ... 
	Go to home page
	Reach STEP 1
	Reach STEP 2
	Ooops seem email correct
	Reach STEP 3
	Recalculated Price
	[53.182382041][$17.29]DONE
[460] HITTING ... 
	Go to home page
	Reach STEP 1
	Reach STEP 2
	Ooops seem email correct
	Reach STEP 3
	Recalculated Price
	[47.347692784][$15.91]DONE
[461] HITTING ... 
	change invalid email[ian.schwartz@aol.com] to default one
	Go to home page
	Reach STEP 1
	Reach STEP 2
	Ooops seem email correct
	Reach STEP 3
	Recalculated Price
	[58.194651454][$29.63]DONE
[462] HITTING ... 
	Go to home page
	Reach STEP 1
	Reach STEP 2
	Ooops seem email correct
	Reach STEP 3
	
	[55.613365054][$14.00]DONE
[463] HITTING ... 
	Go to home page
	Reach STEP 1
	Reach STEP 2
	Ooops seem email correct
	Reach STEP 3
	Recalculated Price
	[48.7347486][$12.97]DONE
[464] HITTING ... 
	Go to home page
	Reach STEP 1
	Reach STEP 2
	Ooops seem email correct
	Reach STEP 3
	Recalculated Price
	[51.14088622][$11.41]DONE
[465] HITTING ... 
	Go to home page
	Reach STEP 1
	Reach STEP 2
	Ooops seem email correct
	Reach STEP 3
	Recalculated Price
	[74.249638547][$12.11]DONE
[466] HITTING ... 
	change invalid email[adrian.gilbert@outlook.com] to default one
	Go to home page
	Reach STEP 1
	Reach STEP 2
	Ooops seem email correct
	Reach STEP 3
	Recalculated Price
	[51.285358779][$26.53]DONE
[467] HITTING ... 
	change invalid email[adrian.gilbert@outlook.com] to default one
	Go to home page
	Reach STEP 1
	Reach STEP 2
	Ooops seem email correct
	Reach STEP 3
	Recalculated Price
	[65.305040779][$22.83]DONE
[468] HITTING ... 
	Go to home page
	Reach STEP 1
	Reach STEP 2
	Ooops seem email correct
	Reach STEP 3
	Recalculated Price
	[54.693438203][$19.37]DONE
[469] HITTING ... 
	Go to home page
	Reach STEP 1
	Reach STEP 2
	Ooops seem email correct
	Reach STEP 3
	Recalculated Price
	[53.359013413][$17.99]DONE
[470] HITTING ... 
	Go to home page
	Reach STEP 1
	Reach STEP 2
	Ooops seem email correct
	Reach STEP 3
	Recalculated Price
	[50.615414138][$16.95]DONE
[471] HITTING ... 
	Go to home page
	Reach STEP 1
	Reach STEP 2
	Ooops seem email correct
	Reach STEP 3
	Recalculated Price
	[76.541863556][$19.91]DONE
[472] HITTING ... 
	change invalid email[ian.schwartz@aol.com] to default one
	Go to home page
	Reach STEP 1
	Reach STEP 2
	Ooops seem email correct
	Reach STEP 3
	Recalculated Price
	[65.774722661][$15.05]DONE
[473] HITTING ... 
	Go to home page
	Reach STEP 1
	Reach STEP 2
	Ooops seem email correct
	Reach STEP 3
	Recalculated Price
	[62.326425132][$13.49]DONE
[474] HITTING ... 
	change invalid email[alexandra.guerrero@aol.com] to default one
	Go to home page
	Reach STEP 1
	Reach STEP 2
	Ooops seem email correct
	Reach STEP 3
	Recalculated Price
	[54.38132894][$21.03]DONE
[475] HITTING ... 
	Go to home page
	Reach STEP 1
	Reach STEP 2
	Ooops seem email correct
	Reach STEP 3
	Recalculated Price
	[49.970254163][$31.26]DONE
[476] HITTING ... 
	change invalid email[alexandra.guerrero@aol.com] to default one
	Go to home page
	Reach STEP 1
	Reach STEP 2
	Ooops seem email correct
	Reach STEP 3
	Recalculated Price
	[51.558941254][$24.50]DONE
[477] HITTING ... 
	Go to home page
	Reach STEP 1
	Reach STEP 2
	Ooops seem email correct
	Reach STEP 3
	Recalculated Price
	[47.318672535][$21.04]DONE
[478] HITTING ... 
	Go to home page
	Reach STEP 1
	Reach STEP 2
	Ooops seem email correct
	Reach STEP 3
	Recalculated Price
	[49.09505786][$24.00]DONE
[479] HITTING ... 
	change invalid email[alexandra.guerrero@aol.com] to default one
	Go to home page
	Reach STEP 1
	Reach STEP 2
	Ooops seem email correct
	Reach STEP 3
	Recalculated Price
	[49.072714939][$22.68]DONE
[480] HITTING ... 
	Go to home page
	Reach STEP 1
	Reach STEP 2
	Ooops seem email correct
	Reach STEP 3
	Recalculated Price
	[58.475234826][$17.75]DONE
[481] HITTING ... 
	Go to home page
	Reach STEP 1
	Reach STEP 2
	Ooops seem email correct
	Reach STEP 3
	Recalculated Price
	[50.312493759][$16.72]DONE
[482] HITTING ... 
	Go to home page
	Reach STEP 1
	Reach STEP 2
	Ooops seem email correct
	Reach STEP 3
	Recalculated Price
	[49.552509774][$15.16]DONE
[483] HITTING ... 
	Go to home page
	Reach STEP 1
	Reach STEP 2
	Ooops seem email correct
	Reach STEP 3
	Recalculated Price
	[48.547979436][$15.86]DONE
[484] HITTING ... 
	change invalid email[alexandra.guerrero@aol.com] to default one
	Go to home page
	Reach STEP 1
	Reach STEP 2
	Ooops seem email correct
	Reach STEP 3
	Recalculated Price
	[50.083016749][$21.86]DONE
[485] HITTING ... 
	Go to home page
	Reach STEP 1
	Reach STEP 2
	Ooops seem email correct
	Reach STEP 3
	Recalculated Price
	[48.383585936][$21.00]DONE
[486] HITTING ... 
	Go to home page
	Reach STEP 1
	Reach STEP 2
	Ooops seem email correct
	Reach STEP 3
	Recalculated Price
	[49.307912931][$19.81]DONE
[487] HITTING ... 
	Go to home page
	Reach STEP 1
	Reach STEP 2
	Ooops seem email correct
	Reach STEP 3
	Recalculated Price
	[58.97929627][$16.16]DONE
[488] HITTING ... 
	change invalid email[ian.schwartz@aol.com] to default one
	Go to home page
	Reach STEP 1
	Reach STEP 2
	Ooops seem email correct
	Reach STEP 3
	Recalculated Price
	[50.408864247][$15.12]DONE
[489] HITTING ... 
	Go to home page
	Reach STEP 1
	Reach STEP 2
	Ooops seem email correct
	Reach STEP 3
	Recalculated Price
	[60.831459372][$14.25]DONE
[490] HITTING ... 
	Go to home page
	Reach STEP 1
	Reach STEP 2
	Ooops seem email correct
	Reach STEP 3
	Recalculated Price
	[49.743744148][$13.22]DONE
[491] HITTING ... 
	change invalid email[ian.schwartz@aol.com] to default one
	Go to home page
	Reach STEP 1
	Reach STEP 2
	Ooops seem email correct
	Reach STEP 3
	Recalculated Price
	[61.630644574][$11.66]DONE
[492] HITTING ... 
	change invalid email[lilly.hayes@aol.com] to default one
	Go to home page
	Reach STEP 1
	Reach STEP 2
	Ooops seem email correct
	Reach STEP 3
	Recalculated Price
	[53.187748588][$10.83]DONE
[493] HITTING ... 
	change invalid email[ian.schwartz@aol.com] to default one
	Go to home page
	Reach STEP 1
	Reach STEP 2
	Ooops seem email correct
	Reach STEP 3
	Recalculated Price
	[52.579243603][$23.94]DONE
[494] HITTING ... 
	change invalid email[ian.schwartz@aol.com] to default one
	Go to home page
	Reach STEP 1
	Reach STEP 2
	Ooops seem email correct
	Reach STEP 3
	Recalculated Price
	[51.526952339][$25.80]DONE
[495] HITTING ... 
	Go to home page
	Reach STEP 1
	Reach STEP 2
	Ooops seem email correct
	Reach STEP 3
	Recalculated Price
	[48.833887512][$36.79]DONE
[496] HITTING ... 
	Go to home page
	Reach STEP 1
	Reach STEP 2
	Ooops seem email correct
	Reach STEP 3
	Recalculated Price
	[55.067053105][$18.24]DONE
[497] HITTING ... 
	Go to home page
	Reach STEP 1
	Reach STEP 2
	Ooops seem email correct
	Reach STEP 3
	Recalculated Price
	[49.688113182][$17.20]DONE
[498] HITTING ... 
	Go to home page
	Reach STEP 1
	Reach STEP 2
	Ooops seem email correct
	Reach STEP 3
	Recalculated Price
	[53.802178975][$16.34]DONE
[499] HITTING ... 
	Go to home page
	Reach STEP 1
	Reach STEP 2
	Ooops seem email correct
	Reach STEP 3
	Recalculated Price
	[52.255707165][$15.30]DONE
[500] HITTING ... 
	change invalid email[lilly.hayes@aol.com] to default one
	Go to home page
	Reach STEP 1
	Reach STEP 2
	Ooops seem email correct
	Reach STEP 3
	Recalculated Price
	[50.111615312][$13.74]DONE
