[1] HITTING ... 
	Go to home page
	Reach STEP 1
	Reach STEP 2
	Ooops seem email correct
	Reach STEP 3
	Recalculated Price
	[57.129361935][$10.83]DONE
[2] HITTING ... 
	Go to home page
	Reach STEP 1
	Reach STEP 2
	Ooops seem email correct
	Reach STEP 3
	Recalculated Price
	[48.379115484][$10.83]DONE
[3] HITTING ... 
	Go to home page
	Reach STEP 1
	Reach STEP 2
	Ooops seem email correct
	Reach STEP 3
	dont need to recalculate price
	[74.807083975][$10.83]DONE
[4] HITTING ... 
	Go to home page
	Reach STEP 1
	Reach STEP 2
	Reach STEP 3
	Recalculated Price
	[49.980055196][$10.83]DONE
[5] HITTING ... 
	Go to home page
	Reach STEP 1
	Reach STEP 2
	Reach STEP 3
	Recalculated Price
	[50.151821215][$10.83]DONE
[6] HITTING ... 
	Go to home page
	Reach STEP 1
	Reach STEP 2
	Ooops seem email correct
	Reach STEP 3
	Recalculated Price
	[46.491458554][$12.09]DONE
[7] HITTING ... 
	Go to home page
	Reach STEP 1
	Reach STEP 2
	Ooops seem email correct
	Reach STEP 3
	Recalculated Price
	[48.628026306][$11.29]DONE
[8] HITTING ... 
	change invalid email[clara.kirby@gmail.com] to default one
	Go to home page
	Reach STEP 1
	Reach STEP 2
	Ooops seem email correct
	Reach STEP 3
	Recalculated Price
	[49.468049145][$10.83]DONE
[9] HITTING ... 
	Go to home page
	Reach STEP 1
	Reach STEP 2
	Ooops seem email correct
	Reach STEP 3
	Recalculated Price
	[51.0132191][$11.68]DONE
[10] HITTING ... 
	Go to home page
	Reach STEP 1
	Reach STEP 2
	Ooops seem email correct
	Reach STEP 3
	Recalculated Price
	[50.231455435][$10.83]DONE
[11] HITTING ... 
	change invalid email[anabel.patton@gmail.com] to default one
	Go to home page
	Reach STEP 1
	Reach STEP 2
	Ooops seem email correct
	Reach STEP 3
	Recalculated Price
	[52.923989818][$10.83]DONE
[12] HITTING ... 
	Go to home page
	Reach STEP 1
	Reach STEP 2
	Reach STEP 3
	Recalculated Price
	[52.047567804][$10.83]DONE
[13] HITTING ... 
	change invalid email[anabel.patton@gmail.com] to default one
	Go to home page
	Reach STEP 1
	Reach STEP 2
	Ooops seem email correct
	Reach STEP 3
	dont need to recalculate price
	[78.283699413][$10.83]DONE
[14] HITTING ... 
	Go to home page
	Reach STEP 1
	Reach STEP 2
	Ooops seem email correct
	Reach STEP 3
	Recalculated Price
	[56.58347972][$10.83]DONE
[15] HITTING ... 
	Go to home page
	Reach STEP 1
	Reach STEP 2
	Reach STEP 3
	Recalculated Price
	[52.174583475][$10.83]DONE
[16] HITTING ... 
	change invalid email[jakob.cox@gmail.com] to default one
	Go to home page
	Reach STEP 1
	Reach STEP 2
	Ooops seem email correct
	Reach STEP 3
	Recalculated Price
	[50.685917713][$12.09]DONE
[17] HITTING ... 
	Go to home page
	Reach STEP 1
	Reach STEP 2
	Ooops seem email correct
	Reach STEP 3
	Recalculated Price
	[49.262492618][$13.86]DONE
[18] HITTING ... 
	change invalid email[jakob.cox@gmail.com] to default one
	Go to home page
	Reach STEP 1
	Reach STEP 2
	Ooops seem email correct
	Reach STEP 3
	Recalculated Price
	[50.913436143][$10.83]DONE
[19] HITTING ... 
	change invalid email[jude.neal@gmail.com] to default one
	Go to home page
	Reach STEP 1
	Reach STEP 2
	[19][41.729821801] MISSED: ["Renters", "94086", "Levi", "Combs", "06/06/1986", "m", "243 Buena Vista Ave", "Sunnyvale", "CA", "N", "RENTED HOUSE - SINGLE FAMILY", "5+", "0", nil, "0", "(415) 459-2900", "jude.neal@gmail.com", "Y", "Y", "Y", "Y", "Y", "Y", "NONE", "N", "N", "Keep default.", "10000", "Keep default", "1000", "300000", "N", "1500"]
	unable to locate element, using {:id=>"errordiv", :tag_name=>"div"}
[20] HITTING ... 
	Go to home page
	Reach STEP 1
	Reach STEP 2
	[20][38.472229283] MISSED: ["Renters", "95014", "Mason", "Mccarthy", "03/08/1990", "m", "5608 Stevens Creek Blvd", "Cupertino", "CA", "N", "RENTED HOUSE - SINGLE FAMILY", "5+", "0", nil, "0", "(650) 952-3727", "elizabeth.swanson@gmail.com", "Y", "Y", "Y", "Y", "Y", "Y", "NONE", "N", "N", "Keep default.", "10000", "Keep default", "1000", "300000", "N", "5000"]
	unable to locate element, using {:id=>"errordiv", :tag_name=>"div"}
[21] HITTING ... 
	Go to home page
	Reach STEP 1
	Reach STEP 2
	Ooops seem email correct
	Reach STEP 3
	Recalculated Price
	[53.072791064][$11.92]DONE
[22] HITTING ... 
	Go to home page
	Reach STEP 1
	Reach STEP 2
	Ooops seem email correct
	Reach STEP 3
	Recalculated Price
	[53.216794229][$10.83]DONE
[23] HITTING ... 
	Go to home page
	Reach STEP 1
	Reach STEP 2
	[23][40.715641249] MISSED: ["Renters", "95030", "Adelaide", "Wells", "03/27/1987", "f", "10 Jackson St 107", "Los Gatos", "CA", "N", "RENTED HOUSE - SINGLE FAMILY", "5+", "0", nil, "0", "(415) 284-9080", "norah.alvarado@gmail.com", "Y", "Y", "Y", "Y", "Y", "Y", "NONE", "N", "N", "Keep default.", "18000", "Keep default", "1000", "100000", "N", "1000"]
	unable to locate element, using {:id=>"errordiv", :tag_name=>"div"}
[24] HITTING ... 
	Go to home page
	Reach STEP 1
	Reach STEP 2
	Ooops seem email correct
	Reach STEP 3
	Recalculated Price
	[54.021823105][$10.83]DONE
[25] HITTING ... 
	Go to home page
	Reach STEP 1
	Reach STEP 2
	Ooops seem email correct
	Reach STEP 3
	Recalculated Price
	[57.429811145][$10.83]DONE
[26] HITTING ... 
	change invalid email[jakob.cox@gmail.com] to default one
	Go to home page
	Reach STEP 1
	Reach STEP 2
	[26][41.269487055] MISSED: ["Renters", "95054", "Dominick", "Harvey", "11/18/1989", "m", "550 Moreland Way", "Santa Clara", "CA", "N", "RENTED HOUSE - SINGLE FAMILY", "5+", "0", nil, "0", "(619) 286-7600", "jakob.cox@gmail.com", "Y", "Y", "Y", "Y", "Y", "Y", "NONE", "N", "N", "Keep default.", "18000", "Keep default", "1000", "300000", "N", "250"]
	unable to locate element, using {:id=>"errordiv", :tag_name=>"div"}
[27] HITTING ... 
	Go to home page
	Reach STEP 1
	Reach STEP 2
	Ooops seem email correct
	Reach STEP 3
	Recalculated Price
	[59.31999379][$13.05]DONE
[28] HITTING ... 
	Go to home page
	Reach STEP 1
	Reach STEP 2
	Ooops seem email correct
	Reach STEP 3
	Recalculated Price
	[51.83791796][$10.83]DONE
[29] HITTING ... 
	change invalid email[clara.kirby@gmail.com] to default one
	Go to home page
	Reach STEP 1
	Reach STEP 2
	Ooops seem email correct
	Reach STEP 3
	Recalculated Price
	[52.559251788][$10.83]DONE
[30] HITTING ... 
	change invalid email[jude.neal@gmail.com] to default one
	Go to home page
	Reach STEP 1
	Reach STEP 2
	Ooops seem email correct
	Reach STEP 3
	Recalculated Price
	[53.686729604][$10.83]DONE
[31] HITTING ... 
	change invalid email[anabel.patton@gmail.com] to default one
	Go to home page
	Reach STEP 1
	Reach STEP 2
	Ooops seem email correct
	Reach STEP 3
	Recalculated Price
	[53.442711511][$24.62]DONE
[32] HITTING ... 
	change invalid email[anabel.patton@gmail.com] to default one
	Go to home page
	Reach STEP 1
	Reach STEP 2
	Ooops seem email correct
	Reach STEP 3
	Recalculated Price
	[52.593184203][$14.53]DONE
[33] HITTING ... 
	Go to home page
	Reach STEP 1
	Reach STEP 2
	Ooops seem email correct
	Reach STEP 3
	dont need to recalculate price
	[76.419268593][$11.32]DONE
[34] HITTING ... 
	change invalid email[clara.kirby@gmail.com] to default one
	Go to home page
	Reach STEP 1
	Reach STEP 2
	[34][38.282586501] MISSED: ["Renters", "94089", "Graham", "Willis", "03/03/1988", "m", "1235 Wildwood Ave", "Sunnyvale", "CA", "N", "RENTED HOUSE - SINGLE FAMILY", "5+", "0", nil, "0", "(925) 943-7977", "clara.kirby@gmail.com", "Y", "Y", "Y", "Y", "Y", "Y", "NONE", "N", "N", "Keep default.", "30000", "Keep default", "1000", "100000", "N", "1500"]
	unable to locate element, using {:id=>"errordiv", :tag_name=>"div"}
[35] HITTING ... 
	change invalid email[anabel.patton@gmail.com] to default one
	Go to home page
	Reach STEP 1
	Reach STEP 2
	Ooops seem email correct
	Reach STEP 3
	Recalculated Price
	[51.927232649][$10.83]DONE
[36] HITTING ... 
	change invalid email[anabel.patton@gmail.com] to default one
	Go to home page
	Reach STEP 1
	Reach STEP 2
	Ooops seem email correct
	Reach STEP 3
	Recalculated Price
	[49.73191404][$14.44]DONE
